#
# A fatal error has been detected by the Java Runtime Environment:
#
#  EXCEPTION_ACCESS_VIOLATION (0xc0000005) at pc=0x00007ffbc02063e4, pid=9436, tid=7872
#
# JRE version: OpenJDK Runtime Environment (14.0.2+12) (build 14.0.2+12-46)
# Java VM: OpenJDK 64-Bit Server VM (14.0.2+12-46, mixed mode, sharing, tiered, compressed oops, g1 gc, windows-amd64)
# Problematic frame:
# C  [lwjgl_stb.dll+0x263e4]
#
# No core dump will be written. Minidumps are not enabled by default on client versions of Windows
#
# If you would like to submit a bug report, please visit:
#   https://bugreport.java.com/bugreport/crash.jsp
# The crash happened outside the Java Virtual Machine in native code.
# See problematic frame for where to report the bug.
#

---------------  S U M M A R Y ------------

Command Line: -Dvisualvm.id=46186730266900 -javaagent:C:\Program Files\JetBrains\IntelliJ IDEA Community Edition 2019.2.2\lib\idea_rt.jar=58853:C:\Program Files\JetBrains\IntelliJ IDEA Community Edition 2019.2.2\bin -Dfile.encoding=UTF-8 Main

Host: Intel(R) Core(TM) i5-8400 CPU @ 2.80GHz, 6 cores, 15G,  Windows 10 , 64 bit Build 18362 (10.0.18362.959)
Time: Sat Aug 15 00:54:43 2020 Pacific Daylight Time elapsed time: 0 seconds (0d 0h 0m 0s)

---------------  T H R E A D  ---------------

Current thread (0x000001631e755800):  JavaThread "main" [_thread_in_native, id=7872, stack(0x0000005149100000,0x0000005149200000)]

Stack: [0x0000005149100000,0x0000005149200000],  sp=0x00000051491fec58,  free space=1019k
Native frames: (J=compiled Java code, j=interpreted, Vv=VM code, C=native code)
C  [lwjgl_stb.dll+0x263e4]

Java frames: (J=compiled Java code, j=interpreted, Vv=VM code)
j  org.lwjgl.stb.STBTruetype.nstbtt_PackFontRange(JJIFIIJ)I+0
j  org.lwjgl.stb.STBTruetype.stbtt_PackFontRange(Lorg/lwjgl/stb/STBTTPackContext;Ljava/nio/ByteBuffer;IFILorg/lwjgl/stb/STBTTPackedchar$Buffer;)Z+22
j  hedge.fx.graphics.Font.<init>(Lhedge/fx/io/files/FileHandle;IZLjava/lang/String;)V+91
j  Main.init()V+24
j  Main.run()V+1
j  Main.main([Ljava/lang/String;)V+126
v  ~StubRoutines::call_stub

siginfo: EXCEPTION_ACCESS_VIOLATION (0xc0000005), reading address 0x0000016458aca043


Register to memory mapping:

RIP=0x00007ffbc02063e4 lwjgl_stb.dll
RAX=0x00000000ffffffff is an unknown value
RBX=0x0 is NULL
RCX=0x0000016358aca040 points into unknown readable memory: 00 00 00 00 00 00 00 00
RDX=0x0 is NULL
RSP=0x00000051491fec58 is pointing into the stack for thread: 0x000001631e755800
RBP=0x00000051491fecc8 is pointing into the stack for thread: 0x000001631e755800
RSI=0x0000000000000001 is an unknown value
RDI=0x000000000000000b is an unknown value
R8 =0x00007ffbc024386c lwjgl_stb.dll
R9 =0x0000000000000001 is an unknown value
R10=0x000000000000001b is an unknown value
R11=0x0000016358aca040 points into unknown readable memory: 00 00 00 00 00 00 00 00
R12=0x0 is NULL
R13={method} {0x0000016342683d58} 'nstbtt_PackFontRange' '(JJIFIIJ)I' in 'org/lwjgl/stb/STBTruetype'
R14=0x0000016358aca040 points into unknown readable memory: 00 00 00 00 00 00 00 00
R15=0x00000000ffffffff is an unknown value


Registers:
RAX=0x00000000ffffffff, RBX=0x0000000000000000, RCX=0x0000016358aca040, RDX=0x0000000000000000
RSP=0x00000051491fec58, RBP=0x00000051491fecc8, RSI=0x0000000000000001, RDI=0x000000000000000b
R8 =0x00007ffbc024386c, R9 =0x0000000000000001, R10=0x000000000000001b, R11=0x0000016358aca040
R12=0x0000000000000000, R13=0x0000016342683d50, R14=0x0000016358aca040, R15=0x00000000ffffffff
RIP=0x00007ffbc02063e4, EFLAGS=0x0000000000010246

Top of Stack: (sp=0x00000051491fec58)
0x00000051491fec58:   00007ffbc020662d 0000000000000000
0x00000051491fec68:   00000051491fed40 0000000000000000
0x00000051491fec78:   0000000000000000 0000000000000000
0x00000051491fec88:   0000000000000000 0000000000000000
0x00000051491fec98:   0000000000000000 0000016302000000
0x00000051491feca8:   00000051491febb0 0000016358aca040
0x00000051491fecb8:   0000016343063910 0000016342683d50
0x00000051491fecc8:   0000016358aca040 0000016343063910
0x00000051491fecd8:   0000016342683d50 0000000000000000
0x00000051491fece8:   000001634fc9b830 0000000000000001
0x00000051491fecf8:   0000000000000000 00000051491fee30
0x00000051491fed08:   00007ffbc020d92d 0000000000000000
0x00000051491fed18:   00000051491ff020 00000000ffffffff
0x00000051491fed28:   0000000000000000 00007ffbc020fb00
0x00000051491fed38:   0000000000000000 0000000000000000
0x00000051491fed48:   0000016358aca040 00000163ffffffff 

Instructions: (pc=0x00007ffbc02063e4)
0x00007ffbc02062e4:   eb 01 75 db 41 89 53 08 8d 46 01 48 c7 04 24 00
0x00007ffbc02062f4:   00 00 00 0f af c7 41 8d 4a 02 45 2b c2 48 c7 44
0x00007ffbc0206304:   24 08 00 00 00 00 03 c8 78 21 45 85 c0 78 1c 41
0x00007ffbc0206314:   3b c9 7f 17 44 2b c9 45 3b c1 7f 0f 48 63 c1 49
0x00007ffbc0206324:   03 03 48 89 04 24 44 89 44 24 0c 0f 10 04 24 48
0x00007ffbc0206334:   8b 5c 24 20 48 8b c5 48 8b 74 24 30 0f 11 45 00
0x00007ffbc0206344:   48 8b 6c 24 28 48 83 c4 10 5f c3 cc 0f b6 01 3c
0x00007ffbc0206354:   31 75 12 80 79 01 00 75 0c 80 79 02 00 75 06 80
0x00007ffbc0206364:   79 03 00 74 55 3c 74 75 12 80 79 01 79 75 0c 80
0x00007ffbc0206374:   79 02 70 75 06 80 79 03 31 74 3f 3c 4f 75 11 80
0x00007ffbc0206384:   79 01 54 75 3b 80 79 02 54 75 35 38 41 03 eb 28
0x00007ffbc0206394:   84 c0 75 10 80 79 01 01 75 26 38 41 02 75 21 38
0x00007ffbc02063a4:   41 03 eb 14 3c 74 75 18 80 79 01 72 75 12 80 79
0x00007ffbc02063b4:   02 75 75 0c 80 79 03 65 75 06 b8 01 00 00 00 c3
0x00007ffbc02063c4:   33 c0 c3 cc cc cc cc cc cc cc cc cc 48 89 5c 24
0x00007ffbc02063d4:   08 48 89 7c 24 10 8b c2 8d 7a 0c 33 d2 4c 8b d9
0x00007ffbc02063e4:   44 0f b6 54 08 04 0f b6 44 08 05 41 c1 e2 08 44
0x00007ffbc02063f4:   03 d0 74 4f 41 0f be 18 0f 1f 40 00 8b c2 c1 e0
0x00007ffbc0206404:   04 03 c7 44 8b c8 42 0f b6 04 18 3b c3 75 2d 43
0x00007ffbc0206414:   0f b6 4c 19 01 41 0f be 40 01 3b c8 75 1e 43 0f
0x00007ffbc0206424:   b6 4c 19 02 41 0f be 40 02 3b c8 75 0f 43 0f b6
0x00007ffbc0206434:   4c 19 03 41 0f be 40 03 3b c8 74 14 ff c2 41 3b
0x00007ffbc0206444:   d2 7c b9 33 c0 48 8b 5c 24 08 48 8b 7c 24 10 c3
0x00007ffbc0206454:   43 0f b6 4c 19 09 43 0f b6 44 19 08 48 8b 5c 24
0x00007ffbc0206464:   08 48 8b 7c 24 10 c1 e0 08 03 c1 43 0f b6 4c 19
0x00007ffbc0206474:   0a c1 e0 08 03 c1 43 0f b6 4c 19 0b c1 e0 08 03
0x00007ffbc0206484:   c1 c3 cc cc cc cc cc cc cc cc cc cc 48 89 5c 24
0x00007ffbc0206494:   10 48 89 6c 24 18 56 57 41 56 48 83 ec 40 45 33
0x00007ffbc02064a4:   f6 49 8b c0 48 8b f2 4c 89 74 24 60 48 8b f9 48
0x00007ffbc02064b4:   8b d0 48 8d 4c 24 20 41 8b ee 45 8d 46 12 e8 99
0x00007ffbc02064c4:   fb ff ff 41 8b de 0f 10 00 0f 11 44 24 20 8b 44
0x00007ffbc02064d4:   24 2c 39 44 24 28 7d 17 48 8d 4c 24 20 e8 ca f9 


Stack slot to memory mapping:
stack at sp + 0 slots: 0x00007ffbc020662d lwjgl_stb.dll
stack at sp + 1 slots: 0x0 is NULL
stack at sp + 2 slots: 0x00000051491fed40 is pointing into the stack for thread: 0x000001631e755800
stack at sp + 3 slots: 0x0 is NULL
stack at sp + 4 slots: 0x0 is NULL
stack at sp + 5 slots: 0x0 is NULL
stack at sp + 6 slots: 0x0 is NULL
stack at sp + 7 slots: 0x0 is NULL


---------------  P R O C E S S  ---------------

Threads class SMR info:
_java_thread_list=0x0000016342cabe50, length=13, elements={
0x000001631e755800, 0x0000016342115800, 0x0000016342116800, 0x000001634212e800,
0x00000163429b8800, 0x00000163429b9800, 0x00000163429bd000, 0x00000163429be000,
0x00000163429c2800, 0x00000163420fb000, 0x0000016342af1800, 0x0000016342e74800,
0x0000016342e75800
}

Java Threads: ( => current thread )
=>0x000001631e755800 JavaThread "main" [_thread_in_native, id=7872, stack(0x0000005149100000,0x0000005149200000)]
  0x0000016342115800 JavaThread "Reference Handler" daemon [_thread_blocked, id=6512, stack(0x0000005149800000,0x0000005149900000)]
  0x0000016342116800 JavaThread "Finalizer" daemon [_thread_blocked, id=11784, stack(0x0000005149900000,0x0000005149a00000)]
  0x000001634212e800 JavaThread "Signal Dispatcher" daemon [_thread_blocked, id=3972, stack(0x0000005149a00000,0x0000005149b00000)]
  0x00000163429b8800 JavaThread "Attach Listener" daemon [_thread_blocked, id=10320, stack(0x0000005149b00000,0x0000005149c00000)]
  0x00000163429b9800 JavaThread "Service Thread" daemon [_thread_blocked, id=8284, stack(0x0000005149c00000,0x0000005149d00000)]
  0x00000163429bd000 JavaThread "C2 CompilerThread0" daemon [_thread_blocked, id=12528, stack(0x0000005149d00000,0x0000005149e00000)]
  0x00000163429be000 JavaThread "C1 CompilerThread0" daemon [_thread_blocked, id=7212, stack(0x0000005149e00000,0x0000005149f00000)]
  0x00000163429c2800 JavaThread "Sweeper thread" daemon [_thread_blocked, id=5152, stack(0x0000005149f00000,0x000000514a000000)]
  0x00000163420fb000 JavaThread "Common-Cleaner" daemon [_thread_blocked, id=9412, stack(0x000000514a000000,0x000000514a100000)]
  0x0000016342af1800 JavaThread "C2 CompilerThread1" daemon [_thread_blocked, id=7068, stack(0x000000514a100000,0x000000514a200000)]
  0x0000016342e74800 JavaThread "Monitor Ctrl-Break" daemon [_thread_in_native, id=4804, stack(0x000000514a200000,0x000000514a300000)]
  0x0000016342e75800 JavaThread "Notification Thread" daemon [_thread_blocked, id=5504, stack(0x000000514a300000,0x000000514a400000)]

Other Threads:
  0x0000016342111000 VMThread "VM Thread" [stack: 0x0000005149700000,0x0000005149800000] [id=1996]
  0x0000016342cef800 WatcherThread [stack: 0x000000514a400000,0x000000514a500000] [id=11488]
  0x000001631e7b7800 GCTaskThread "GC Thread#0" [stack: 0x0000005149200000,0x0000005149300000] [id=12784]
  0x000001631e7d9000 ConcurrentGCThread "G1 Main Marker" [stack: 0x0000005149300000,0x0000005149400000] [id=7504]
  0x000001631e7da800 ConcurrentGCThread "G1 Conc#0" [stack: 0x0000005149400000,0x0000005149500000] [id=5440]
  0x0000016341fff800 ConcurrentGCThread "G1 Refine#0" [stack: 0x0000005149500000,0x0000005149600000] [id=13240]
  0x0000016342001000 ConcurrentGCThread "G1 Young RemSet Sampling" [stack: 0x0000005149600000,0x0000005149700000] [id=11268]

Threads with active compile tasks:

VM state:not at safepoint (normal execution)

VM Mutex/Monitor currently owned by a thread: None

Heap address: 0x0000000700800000, size: 4088 MB, Compressed Oops mode: Zero based, Oop shift amount: 3
Narrow klass base: 0x0000000800000000, Narrow klass shift: 3
Compressed class space size: 1073741824 Address: 0x0000000800b30000

Heap:
 garbage-first heap   total 262144K, used 7168K [0x0000000700800000, 0x0000000800000000)
  region size 1024K, 8 young (8192K), 0 survivors (0K)
 Metaspace       used 3292K, capacity 6096K, committed 6272K, reserved 1056768K
  class space    used 262K, capacity 550K, committed 640K, reserved 1048576K
Heap Regions: E=young(eden), S=young(survivor), O=old, HS=humongous(starts), HC=humongous(continues), CS=collection set, F=free, OA=open archive, CA=closed archive, TAMS=top-at-mark-start (previous, next)
|   0|0x0000000700800000, 0x0000000700800000, 0x0000000700900000|  0%| F|  |TAMS 0x0000000700800000, 0x0000000700800000| Untracked 
|   1|0x0000000700900000, 0x0000000700900000, 0x0000000700a00000|  0%| F|  |TAMS 0x0000000700900000, 0x0000000700900000| Untracked 
|   2|0x0000000700a00000, 0x0000000700a00000, 0x0000000700b00000|  0%| F|  |TAMS 0x0000000700a00000, 0x0000000700a00000| Untracked 
|   3|0x0000000700b00000, 0x0000000700b00000, 0x0000000700c00000|  0%| F|  |TAMS 0x0000000700b00000, 0x0000000700b00000| Untracked 
|   4|0x0000000700c00000, 0x0000000700c00000, 0x0000000700d00000|  0%| F|  |TAMS 0x0000000700c00000, 0x0000000700c00000| Untracked 
|   5|0x0000000700d00000, 0x0000000700d00000, 0x0000000700e00000|  0%| F|  |TAMS 0x0000000700d00000, 0x0000000700d00000| Untracked 
|   6|0x0000000700e00000, 0x0000000700e00000, 0x0000000700f00000|  0%| F|  |TAMS 0x0000000700e00000, 0x0000000700e00000| Untracked 
|   7|0x0000000700f00000, 0x0000000700f00000, 0x0000000701000000|  0%| F|  |TAMS 0x0000000700f00000, 0x0000000700f00000| Untracked 
|   8|0x0000000701000000, 0x0000000701000000, 0x0000000701100000|  0%| F|  |TAMS 0x0000000701000000, 0x0000000701000000| Untracked 
|   9|0x0000000701100000, 0x0000000701100000, 0x0000000701200000|  0%| F|  |TAMS 0x0000000701100000, 0x0000000701100000| Untracked 
|  10|0x0000000701200000, 0x0000000701200000, 0x0000000701300000|  0%| F|  |TAMS 0x0000000701200000, 0x0000000701200000| Untracked 
|  11|0x0000000701300000, 0x0000000701300000, 0x0000000701400000|  0%| F|  |TAMS 0x0000000701300000, 0x0000000701300000| Untracked 
|  12|0x0000000701400000, 0x0000000701400000, 0x0000000701500000|  0%| F|  |TAMS 0x0000000701400000, 0x0000000701400000| Untracked 
|  13|0x0000000701500000, 0x0000000701500000, 0x0000000701600000|  0%| F|  |TAMS 0x0000000701500000, 0x0000000701500000| Untracked 
|  14|0x0000000701600000, 0x0000000701600000, 0x0000000701700000|  0%| F|  |TAMS 0x0000000701600000, 0x0000000701600000| Untracked 
|  15|0x0000000701700000, 0x0000000701700000, 0x0000000701800000|  0%| F|  |TAMS 0x0000000701700000, 0x0000000701700000| Untracked 
|  16|0x0000000701800000, 0x0000000701800000, 0x0000000701900000|  0%| F|  |TAMS 0x0000000701800000, 0x0000000701800000| Untracked 
|  17|0x0000000701900000, 0x0000000701900000, 0x0000000701a00000|  0%| F|  |TAMS 0x0000000701900000, 0x0000000701900000| Untracked 
|  18|0x0000000701a00000, 0x0000000701a00000, 0x0000000701b00000|  0%| F|  |TAMS 0x0000000701a00000, 0x0000000701a00000| Untracked 
|  19|0x0000000701b00000, 0x0000000701b00000, 0x0000000701c00000|  0%| F|  |TAMS 0x0000000701b00000, 0x0000000701b00000| Untracked 
|  20|0x0000000701c00000, 0x0000000701c00000, 0x0000000701d00000|  0%| F|  |TAMS 0x0000000701c00000, 0x0000000701c00000| Untracked 
|  21|0x0000000701d00000, 0x0000000701d00000, 0x0000000701e00000|  0%| F|  |TAMS 0x0000000701d00000, 0x0000000701d00000| Untracked 
|  22|0x0000000701e00000, 0x0000000701e00000, 0x0000000701f00000|  0%| F|  |TAMS 0x0000000701e00000, 0x0000000701e00000| Untracked 
|  23|0x0000000701f00000, 0x0000000701f00000, 0x0000000702000000|  0%| F|  |TAMS 0x0000000701f00000, 0x0000000701f00000| Untracked 
|  24|0x0000000702000000, 0x0000000702000000, 0x0000000702100000|  0%| F|  |TAMS 0x0000000702000000, 0x0000000702000000| Untracked 
|  25|0x0000000702100000, 0x0000000702100000, 0x0000000702200000|  0%| F|  |TAMS 0x0000000702100000, 0x0000000702100000| Untracked 
|  26|0x0000000702200000, 0x0000000702200000, 0x0000000702300000|  0%| F|  |TAMS 0x0000000702200000, 0x0000000702200000| Untracked 
|  27|0x0000000702300000, 0x0000000702300000, 0x0000000702400000|  0%| F|  |TAMS 0x0000000702300000, 0x0000000702300000| Untracked 
|  28|0x0000000702400000, 0x0000000702400000, 0x0000000702500000|  0%| F|  |TAMS 0x0000000702400000, 0x0000000702400000| Untracked 
|  29|0x0000000702500000, 0x0000000702500000, 0x0000000702600000|  0%| F|  |TAMS 0x0000000702500000, 0x0000000702500000| Untracked 
|  30|0x0000000702600000, 0x0000000702600000, 0x0000000702700000|  0%| F|  |TAMS 0x0000000702600000, 0x0000000702600000| Untracked 
|  31|0x0000000702700000, 0x0000000702700000, 0x0000000702800000|  0%| F|  |TAMS 0x0000000702700000, 0x0000000702700000| Untracked 
|  32|0x0000000702800000, 0x0000000702800000, 0x0000000702900000|  0%| F|  |TAMS 0x0000000702800000, 0x0000000702800000| Untracked 
|  33|0x0000000702900000, 0x0000000702900000, 0x0000000702a00000|  0%| F|  |TAMS 0x0000000702900000, 0x0000000702900000| Untracked 
|  34|0x0000000702a00000, 0x0000000702a00000, 0x0000000702b00000|  0%| F|  |TAMS 0x0000000702a00000, 0x0000000702a00000| Untracked 
|  35|0x0000000702b00000, 0x0000000702b00000, 0x0000000702c00000|  0%| F|  |TAMS 0x0000000702b00000, 0x0000000702b00000| Untracked 
|  36|0x0000000702c00000, 0x0000000702c00000, 0x0000000702d00000|  0%| F|  |TAMS 0x0000000702c00000, 0x0000000702c00000| Untracked 
|  37|0x0000000702d00000, 0x0000000702d00000, 0x0000000702e00000|  0%| F|  |TAMS 0x0000000702d00000, 0x0000000702d00000| Untracked 
|  38|0x0000000702e00000, 0x0000000702e00000, 0x0000000702f00000|  0%| F|  |TAMS 0x0000000702e00000, 0x0000000702e00000| Untracked 
|  39|0x0000000702f00000, 0x0000000702f00000, 0x0000000703000000|  0%| F|  |TAMS 0x0000000702f00000, 0x0000000702f00000| Untracked 
|  40|0x0000000703000000, 0x0000000703000000, 0x0000000703100000|  0%| F|  |TAMS 0x0000000703000000, 0x0000000703000000| Untracked 
|  41|0x0000000703100000, 0x0000000703100000, 0x0000000703200000|  0%| F|  |TAMS 0x0000000703100000, 0x0000000703100000| Untracked 
|  42|0x0000000703200000, 0x0000000703200000, 0x0000000703300000|  0%| F|  |TAMS 0x0000000703200000, 0x0000000703200000| Untracked 
|  43|0x0000000703300000, 0x0000000703300000, 0x0000000703400000|  0%| F|  |TAMS 0x0000000703300000, 0x0000000703300000| Untracked 
|  44|0x0000000703400000, 0x0000000703400000, 0x0000000703500000|  0%| F|  |TAMS 0x0000000703400000, 0x0000000703400000| Untracked 
|  45|0x0000000703500000, 0x0000000703500000, 0x0000000703600000|  0%| F|  |TAMS 0x0000000703500000, 0x0000000703500000| Untracked 
|  46|0x0000000703600000, 0x0000000703600000, 0x0000000703700000|  0%| F|  |TAMS 0x0000000703600000, 0x0000000703600000| Untracked 
|  47|0x0000000703700000, 0x0000000703700000, 0x0000000703800000|  0%| F|  |TAMS 0x0000000703700000, 0x0000000703700000| Untracked 
|  48|0x0000000703800000, 0x0000000703800000, 0x0000000703900000|  0%| F|  |TAMS 0x0000000703800000, 0x0000000703800000| Untracked 
|  49|0x0000000703900000, 0x0000000703900000, 0x0000000703a00000|  0%| F|  |TAMS 0x0000000703900000, 0x0000000703900000| Untracked 
|  50|0x0000000703a00000, 0x0000000703a00000, 0x0000000703b00000|  0%| F|  |TAMS 0x0000000703a00000, 0x0000000703a00000| Untracked 
|  51|0x0000000703b00000, 0x0000000703b00000, 0x0000000703c00000|  0%| F|  |TAMS 0x0000000703b00000, 0x0000000703b00000| Untracked 
|  52|0x0000000703c00000, 0x0000000703c00000, 0x0000000703d00000|  0%| F|  |TAMS 0x0000000703c00000, 0x0000000703c00000| Untracked 
|  53|0x0000000703d00000, 0x0000000703d00000, 0x0000000703e00000|  0%| F|  |TAMS 0x0000000703d00000, 0x0000000703d00000| Untracked 
|  54|0x0000000703e00000, 0x0000000703e00000, 0x0000000703f00000|  0%| F|  |TAMS 0x0000000703e00000, 0x0000000703e00000| Untracked 
|  55|0x0000000703f00000, 0x0000000703f00000, 0x0000000704000000|  0%| F|  |TAMS 0x0000000703f00000, 0x0000000703f00000| Untracked 
|  56|0x0000000704000000, 0x0000000704000000, 0x0000000704100000|  0%| F|  |TAMS 0x0000000704000000, 0x0000000704000000| Untracked 
|  57|0x0000000704100000, 0x0000000704100000, 0x0000000704200000|  0%| F|  |TAMS 0x0000000704100000, 0x0000000704100000| Untracked 
|  58|0x0000000704200000, 0x0000000704200000, 0x0000000704300000|  0%| F|  |TAMS 0x0000000704200000, 0x0000000704200000| Untracked 
|  59|0x0000000704300000, 0x0000000704300000, 0x0000000704400000|  0%| F|  |TAMS 0x0000000704300000, 0x0000000704300000| Untracked 
|  60|0x0000000704400000, 0x0000000704400000, 0x0000000704500000|  0%| F|  |TAMS 0x0000000704400000, 0x0000000704400000| Untracked 
|  61|0x0000000704500000, 0x0000000704500000, 0x0000000704600000|  0%| F|  |TAMS 0x0000000704500000, 0x0000000704500000| Untracked 
|  62|0x0000000704600000, 0x0000000704600000, 0x0000000704700000|  0%| F|  |TAMS 0x0000000704600000, 0x0000000704600000| Untracked 
|  63|0x0000000704700000, 0x0000000704700000, 0x0000000704800000|  0%| F|  |TAMS 0x0000000704700000, 0x0000000704700000| Untracked 
|  64|0x0000000704800000, 0x0000000704800000, 0x0000000704900000|  0%| F|  |TAMS 0x0000000704800000, 0x0000000704800000| Untracked 
|  65|0x0000000704900000, 0x0000000704900000, 0x0000000704a00000|  0%| F|  |TAMS 0x0000000704900000, 0x0000000704900000| Untracked 
|  66|0x0000000704a00000, 0x0000000704a00000, 0x0000000704b00000|  0%| F|  |TAMS 0x0000000704a00000, 0x0000000704a00000| Untracked 
|  67|0x0000000704b00000, 0x0000000704b00000, 0x0000000704c00000|  0%| F|  |TAMS 0x0000000704b00000, 0x0000000704b00000| Untracked 
|  68|0x0000000704c00000, 0x0000000704c00000, 0x0000000704d00000|  0%| F|  |TAMS 0x0000000704c00000, 0x0000000704c00000| Untracked 
|  69|0x0000000704d00000, 0x0000000704d00000, 0x0000000704e00000|  0%| F|  |TAMS 0x0000000704d00000, 0x0000000704d00000| Untracked 
|  70|0x0000000704e00000, 0x0000000704e00000, 0x0000000704f00000|  0%| F|  |TAMS 0x0000000704e00000, 0x0000000704e00000| Untracked 
|  71|0x0000000704f00000, 0x0000000704f00000, 0x0000000705000000|  0%| F|  |TAMS 0x0000000704f00000, 0x0000000704f00000| Untracked 
|  72|0x0000000705000000, 0x0000000705000000, 0x0000000705100000|  0%| F|  |TAMS 0x0000000705000000, 0x0000000705000000| Untracked 
|  73|0x0000000705100000, 0x0000000705100000, 0x0000000705200000|  0%| F|  |TAMS 0x0000000705100000, 0x0000000705100000| Untracked 
|  74|0x0000000705200000, 0x0000000705200000, 0x0000000705300000|  0%| F|  |TAMS 0x0000000705200000, 0x0000000705200000| Untracked 
|  75|0x0000000705300000, 0x0000000705300000, 0x0000000705400000|  0%| F|  |TAMS 0x0000000705300000, 0x0000000705300000| Untracked 
|  76|0x0000000705400000, 0x0000000705400000, 0x0000000705500000|  0%| F|  |TAMS 0x0000000705400000, 0x0000000705400000| Untracked 
|  77|0x0000000705500000, 0x0000000705500000, 0x0000000705600000|  0%| F|  |TAMS 0x0000000705500000, 0x0000000705500000| Untracked 
|  78|0x0000000705600000, 0x0000000705600000, 0x0000000705700000|  0%| F|  |TAMS 0x0000000705600000, 0x0000000705600000| Untracked 
|  79|0x0000000705700000, 0x0000000705700000, 0x0000000705800000|  0%| F|  |TAMS 0x0000000705700000, 0x0000000705700000| Untracked 
|  80|0x0000000705800000, 0x0000000705800000, 0x0000000705900000|  0%| F|  |TAMS 0x0000000705800000, 0x0000000705800000| Untracked 
|  81|0x0000000705900000, 0x0000000705900000, 0x0000000705a00000|  0%| F|  |TAMS 0x0000000705900000, 0x0000000705900000| Untracked 
|  82|0x0000000705a00000, 0x0000000705a00000, 0x0000000705b00000|  0%| F|  |TAMS 0x0000000705a00000, 0x0000000705a00000| Untracked 
|  83|0x0000000705b00000, 0x0000000705b00000, 0x0000000705c00000|  0%| F|  |TAMS 0x0000000705b00000, 0x0000000705b00000| Untracked 
|  84|0x0000000705c00000, 0x0000000705c00000, 0x0000000705d00000|  0%| F|  |TAMS 0x0000000705c00000, 0x0000000705c00000| Untracked 
|  85|0x0000000705d00000, 0x0000000705d00000, 0x0000000705e00000|  0%| F|  |TAMS 0x0000000705d00000, 0x0000000705d00000| Untracked 
|  86|0x0000000705e00000, 0x0000000705e00000, 0x0000000705f00000|  0%| F|  |TAMS 0x0000000705e00000, 0x0000000705e00000| Untracked 
|  87|0x0000000705f00000, 0x0000000705f00000, 0x0000000706000000|  0%| F|  |TAMS 0x0000000705f00000, 0x0000000705f00000| Untracked 
|  88|0x0000000706000000, 0x0000000706000000, 0x0000000706100000|  0%| F|  |TAMS 0x0000000706000000, 0x0000000706000000| Untracked 
|  89|0x0000000706100000, 0x0000000706100000, 0x0000000706200000|  0%| F|  |TAMS 0x0000000706100000, 0x0000000706100000| Untracked 
|  90|0x0000000706200000, 0x0000000706200000, 0x0000000706300000|  0%| F|  |TAMS 0x0000000706200000, 0x0000000706200000| Untracked 
|  91|0x0000000706300000, 0x0000000706300000, 0x0000000706400000|  0%| F|  |TAMS 0x0000000706300000, 0x0000000706300000| Untracked 
|  92|0x0000000706400000, 0x0000000706400000, 0x0000000706500000|  0%| F|  |TAMS 0x0000000706400000, 0x0000000706400000| Untracked 
|  93|0x0000000706500000, 0x0000000706500000, 0x0000000706600000|  0%| F|  |TAMS 0x0000000706500000, 0x0000000706500000| Untracked 
|  94|0x0000000706600000, 0x0000000706600000, 0x0000000706700000|  0%| F|  |TAMS 0x0000000706600000, 0x0000000706600000| Untracked 
|  95|0x0000000706700000, 0x0000000706700000, 0x0000000706800000|  0%| F|  |TAMS 0x0000000706700000, 0x0000000706700000| Untracked 
|  96|0x0000000706800000, 0x0000000706800000, 0x0000000706900000|  0%| F|  |TAMS 0x0000000706800000, 0x0000000706800000| Untracked 
|  97|0x0000000706900000, 0x0000000706900000, 0x0000000706a00000|  0%| F|  |TAMS 0x0000000706900000, 0x0000000706900000| Untracked 
|  98|0x0000000706a00000, 0x0000000706a00000, 0x0000000706b00000|  0%| F|  |TAMS 0x0000000706a00000, 0x0000000706a00000| Untracked 
|  99|0x0000000706b00000, 0x0000000706b00000, 0x0000000706c00000|  0%| F|  |TAMS 0x0000000706b00000, 0x0000000706b00000| Untracked 
| 100|0x0000000706c00000, 0x0000000706c00000, 0x0000000706d00000|  0%| F|  |TAMS 0x0000000706c00000, 0x0000000706c00000| Untracked 
| 101|0x0000000706d00000, 0x0000000706d00000, 0x0000000706e00000|  0%| F|  |TAMS 0x0000000706d00000, 0x0000000706d00000| Untracked 
| 102|0x0000000706e00000, 0x0000000706e00000, 0x0000000706f00000|  0%| F|  |TAMS 0x0000000706e00000, 0x0000000706e00000| Untracked 
| 103|0x0000000706f00000, 0x0000000706f00000, 0x0000000707000000|  0%| F|  |TAMS 0x0000000706f00000, 0x0000000706f00000| Untracked 
| 104|0x0000000707000000, 0x0000000707000000, 0x0000000707100000|  0%| F|  |TAMS 0x0000000707000000, 0x0000000707000000| Untracked 
| 105|0x0000000707100000, 0x0000000707100000, 0x0000000707200000|  0%| F|  |TAMS 0x0000000707100000, 0x0000000707100000| Untracked 
| 106|0x0000000707200000, 0x0000000707200000, 0x0000000707300000|  0%| F|  |TAMS 0x0000000707200000, 0x0000000707200000| Untracked 
| 107|0x0000000707300000, 0x0000000707300000, 0x0000000707400000|  0%| F|  |TAMS 0x0000000707300000, 0x0000000707300000| Untracked 
| 108|0x0000000707400000, 0x0000000707400000, 0x0000000707500000|  0%| F|  |TAMS 0x0000000707400000, 0x0000000707400000| Untracked 
| 109|0x0000000707500000, 0x0000000707500000, 0x0000000707600000|  0%| F|  |TAMS 0x0000000707500000, 0x0000000707500000| Untracked 
| 110|0x0000000707600000, 0x0000000707600000, 0x0000000707700000|  0%| F|  |TAMS 0x0000000707600000, 0x0000000707600000| Untracked 
| 111|0x0000000707700000, 0x0000000707700000, 0x0000000707800000|  0%| F|  |TAMS 0x0000000707700000, 0x0000000707700000| Untracked 
| 112|0x0000000707800000, 0x0000000707800000, 0x0000000707900000|  0%| F|  |TAMS 0x0000000707800000, 0x0000000707800000| Untracked 
| 113|0x0000000707900000, 0x0000000707900000, 0x0000000707a00000|  0%| F|  |TAMS 0x0000000707900000, 0x0000000707900000| Untracked 
| 114|0x0000000707a00000, 0x0000000707a00000, 0x0000000707b00000|  0%| F|  |TAMS 0x0000000707a00000, 0x0000000707a00000| Untracked 
| 115|0x0000000707b00000, 0x0000000707b00000, 0x0000000707c00000|  0%| F|  |TAMS 0x0000000707b00000, 0x0000000707b00000| Untracked 
| 116|0x0000000707c00000, 0x0000000707c00000, 0x0000000707d00000|  0%| F|  |TAMS 0x0000000707c00000, 0x0000000707c00000| Untracked 
| 117|0x0000000707d00000, 0x0000000707d00000, 0x0000000707e00000|  0%| F|  |TAMS 0x0000000707d00000, 0x0000000707d00000| Untracked 
| 118|0x0000000707e00000, 0x0000000707e00000, 0x0000000707f00000|  0%| F|  |TAMS 0x0000000707e00000, 0x0000000707e00000| Untracked 
| 119|0x0000000707f00000, 0x0000000707f00000, 0x0000000708000000|  0%| F|  |TAMS 0x0000000707f00000, 0x0000000707f00000| Untracked 
| 120|0x0000000708000000, 0x0000000708000000, 0x0000000708100000|  0%| F|  |TAMS 0x0000000708000000, 0x0000000708000000| Untracked 
| 121|0x0000000708100000, 0x0000000708100000, 0x0000000708200000|  0%| F|  |TAMS 0x0000000708100000, 0x0000000708100000| Untracked 
| 122|0x0000000708200000, 0x0000000708200000, 0x0000000708300000|  0%| F|  |TAMS 0x0000000708200000, 0x0000000708200000| Untracked 
| 123|0x0000000708300000, 0x0000000708300000, 0x0000000708400000|  0%| F|  |TAMS 0x0000000708300000, 0x0000000708300000| Untracked 
| 124|0x0000000708400000, 0x0000000708400000, 0x0000000708500000|  0%| F|  |TAMS 0x0000000708400000, 0x0000000708400000| Untracked 
| 125|0x0000000708500000, 0x0000000708500000, 0x0000000708600000|  0%| F|  |TAMS 0x0000000708500000, 0x0000000708500000| Untracked 
| 126|0x0000000708600000, 0x0000000708600000, 0x0000000708700000|  0%| F|  |TAMS 0x0000000708600000, 0x0000000708600000| Untracked 
| 127|0x0000000708700000, 0x0000000708700000, 0x0000000708800000|  0%| F|  |TAMS 0x0000000708700000, 0x0000000708700000| Untracked 
| 128|0x0000000708800000, 0x0000000708800000, 0x0000000708900000|  0%| F|  |TAMS 0x0000000708800000, 0x0000000708800000| Untracked 
| 129|0x0000000708900000, 0x0000000708900000, 0x0000000708a00000|  0%| F|  |TAMS 0x0000000708900000, 0x0000000708900000| Untracked 
| 130|0x0000000708a00000, 0x0000000708a00000, 0x0000000708b00000|  0%| F|  |TAMS 0x0000000708a00000, 0x0000000708a00000| Untracked 
| 131|0x0000000708b00000, 0x0000000708b00000, 0x0000000708c00000|  0%| F|  |TAMS 0x0000000708b00000, 0x0000000708b00000| Untracked 
| 132|0x0000000708c00000, 0x0000000708c00000, 0x0000000708d00000|  0%| F|  |TAMS 0x0000000708c00000, 0x0000000708c00000| Untracked 
| 133|0x0000000708d00000, 0x0000000708d00000, 0x0000000708e00000|  0%| F|  |TAMS 0x0000000708d00000, 0x0000000708d00000| Untracked 
| 134|0x0000000708e00000, 0x0000000708e00000, 0x0000000708f00000|  0%| F|  |TAMS 0x0000000708e00000, 0x0000000708e00000| Untracked 
| 135|0x0000000708f00000, 0x0000000708f00000, 0x0000000709000000|  0%| F|  |TAMS 0x0000000708f00000, 0x0000000708f00000| Untracked 
| 136|0x0000000709000000, 0x0000000709000000, 0x0000000709100000|  0%| F|  |TAMS 0x0000000709000000, 0x0000000709000000| Untracked 
| 137|0x0000000709100000, 0x0000000709100000, 0x0000000709200000|  0%| F|  |TAMS 0x0000000709100000, 0x0000000709100000| Untracked 
| 138|0x0000000709200000, 0x0000000709200000, 0x0000000709300000|  0%| F|  |TAMS 0x0000000709200000, 0x0000000709200000| Untracked 
| 139|0x0000000709300000, 0x0000000709300000, 0x0000000709400000|  0%| F|  |TAMS 0x0000000709300000, 0x0000000709300000| Untracked 
| 140|0x0000000709400000, 0x0000000709400000, 0x0000000709500000|  0%| F|  |TAMS 0x0000000709400000, 0x0000000709400000| Untracked 
| 141|0x0000000709500000, 0x0000000709500000, 0x0000000709600000|  0%| F|  |TAMS 0x0000000709500000, 0x0000000709500000| Untracked 
| 142|0x0000000709600000, 0x0000000709600000, 0x0000000709700000|  0%| F|  |TAMS 0x0000000709600000, 0x0000000709600000| Untracked 
| 143|0x0000000709700000, 0x0000000709700000, 0x0000000709800000|  0%| F|  |TAMS 0x0000000709700000, 0x0000000709700000| Untracked 
| 144|0x0000000709800000, 0x0000000709800000, 0x0000000709900000|  0%| F|  |TAMS 0x0000000709800000, 0x0000000709800000| Untracked 
| 145|0x0000000709900000, 0x0000000709900000, 0x0000000709a00000|  0%| F|  |TAMS 0x0000000709900000, 0x0000000709900000| Untracked 
| 146|0x0000000709a00000, 0x0000000709a00000, 0x0000000709b00000|  0%| F|  |TAMS 0x0000000709a00000, 0x0000000709a00000| Untracked 
| 147|0x0000000709b00000, 0x0000000709b00000, 0x0000000709c00000|  0%| F|  |TAMS 0x0000000709b00000, 0x0000000709b00000| Untracked 
| 148|0x0000000709c00000, 0x0000000709c00000, 0x0000000709d00000|  0%| F|  |TAMS 0x0000000709c00000, 0x0000000709c00000| Untracked 
| 149|0x0000000709d00000, 0x0000000709d00000, 0x0000000709e00000|  0%| F|  |TAMS 0x0000000709d00000, 0x0000000709d00000| Untracked 
| 150|0x0000000709e00000, 0x0000000709e00000, 0x0000000709f00000|  0%| F|  |TAMS 0x0000000709e00000, 0x0000000709e00000| Untracked 
| 151|0x0000000709f00000, 0x0000000709f00000, 0x000000070a000000|  0%| F|  |TAMS 0x0000000709f00000, 0x0000000709f00000| Untracked 
| 152|0x000000070a000000, 0x000000070a000000, 0x000000070a100000|  0%| F|  |TAMS 0x000000070a000000, 0x000000070a000000| Untracked 
| 153|0x000000070a100000, 0x000000070a100000, 0x000000070a200000|  0%| F|  |TAMS 0x000000070a100000, 0x000000070a100000| Untracked 
| 154|0x000000070a200000, 0x000000070a200000, 0x000000070a300000|  0%| F|  |TAMS 0x000000070a200000, 0x000000070a200000| Untracked 
| 155|0x000000070a300000, 0x000000070a300000, 0x000000070a400000|  0%| F|  |TAMS 0x000000070a300000, 0x000000070a300000| Untracked 
| 156|0x000000070a400000, 0x000000070a400000, 0x000000070a500000|  0%| F|  |TAMS 0x000000070a400000, 0x000000070a400000| Untracked 
| 157|0x000000070a500000, 0x000000070a500000, 0x000000070a600000|  0%| F|  |TAMS 0x000000070a500000, 0x000000070a500000| Untracked 
| 158|0x000000070a600000, 0x000000070a600000, 0x000000070a700000|  0%| F|  |TAMS 0x000000070a600000, 0x000000070a600000| Untracked 
| 159|0x000000070a700000, 0x000000070a700000, 0x000000070a800000|  0%| F|  |TAMS 0x000000070a700000, 0x000000070a700000| Untracked 
| 160|0x000000070a800000, 0x000000070a800000, 0x000000070a900000|  0%| F|  |TAMS 0x000000070a800000, 0x000000070a800000| Untracked 
| 161|0x000000070a900000, 0x000000070a900000, 0x000000070aa00000|  0%| F|  |TAMS 0x000000070a900000, 0x000000070a900000| Untracked 
| 162|0x000000070aa00000, 0x000000070aa00000, 0x000000070ab00000|  0%| F|  |TAMS 0x000000070aa00000, 0x000000070aa00000| Untracked 
| 163|0x000000070ab00000, 0x000000070ab00000, 0x000000070ac00000|  0%| F|  |TAMS 0x000000070ab00000, 0x000000070ab00000| Untracked 
| 164|0x000000070ac00000, 0x000000070ac00000, 0x000000070ad00000|  0%| F|  |TAMS 0x000000070ac00000, 0x000000070ac00000| Untracked 
| 165|0x000000070ad00000, 0x000000070ad00000, 0x000000070ae00000|  0%| F|  |TAMS 0x000000070ad00000, 0x000000070ad00000| Untracked 
| 166|0x000000070ae00000, 0x000000070ae00000, 0x000000070af00000|  0%| F|  |TAMS 0x000000070ae00000, 0x000000070ae00000| Untracked 
| 167|0x000000070af00000, 0x000000070af00000, 0x000000070b000000|  0%| F|  |TAMS 0x000000070af00000, 0x000000070af00000| Untracked 
| 168|0x000000070b000000, 0x000000070b000000, 0x000000070b100000|  0%| F|  |TAMS 0x000000070b000000, 0x000000070b000000| Untracked 
| 169|0x000000070b100000, 0x000000070b100000, 0x000000070b200000|  0%| F|  |TAMS 0x000000070b100000, 0x000000070b100000| Untracked 
| 170|0x000000070b200000, 0x000000070b200000, 0x000000070b300000|  0%| F|  |TAMS 0x000000070b200000, 0x000000070b200000| Untracked 
| 171|0x000000070b300000, 0x000000070b300000, 0x000000070b400000|  0%| F|  |TAMS 0x000000070b300000, 0x000000070b300000| Untracked 
| 172|0x000000070b400000, 0x000000070b400000, 0x000000070b500000|  0%| F|  |TAMS 0x000000070b400000, 0x000000070b400000| Untracked 
| 173|0x000000070b500000, 0x000000070b500000, 0x000000070b600000|  0%| F|  |TAMS 0x000000070b500000, 0x000000070b500000| Untracked 
| 174|0x000000070b600000, 0x000000070b600000, 0x000000070b700000|  0%| F|  |TAMS 0x000000070b600000, 0x000000070b600000| Untracked 
| 175|0x000000070b700000, 0x000000070b700000, 0x000000070b800000|  0%| F|  |TAMS 0x000000070b700000, 0x000000070b700000| Untracked 
| 176|0x000000070b800000, 0x000000070b800000, 0x000000070b900000|  0%| F|  |TAMS 0x000000070b800000, 0x000000070b800000| Untracked 
| 177|0x000000070b900000, 0x000000070b900000, 0x000000070ba00000|  0%| F|  |TAMS 0x000000070b900000, 0x000000070b900000| Untracked 
| 178|0x000000070ba00000, 0x000000070ba00000, 0x000000070bb00000|  0%| F|  |TAMS 0x000000070ba00000, 0x000000070ba00000| Untracked 
| 179|0x000000070bb00000, 0x000000070bb00000, 0x000000070bc00000|  0%| F|  |TAMS 0x000000070bb00000, 0x000000070bb00000| Untracked 
| 180|0x000000070bc00000, 0x000000070bc00000, 0x000000070bd00000|  0%| F|  |TAMS 0x000000070bc00000, 0x000000070bc00000| Untracked 
| 181|0x000000070bd00000, 0x000000070bd00000, 0x000000070be00000|  0%| F|  |TAMS 0x000000070bd00000, 0x000000070bd00000| Untracked 
| 182|0x000000070be00000, 0x000000070be00000, 0x000000070bf00000|  0%| F|  |TAMS 0x000000070be00000, 0x000000070be00000| Untracked 
| 183|0x000000070bf00000, 0x000000070bf00000, 0x000000070c000000|  0%| F|  |TAMS 0x000000070bf00000, 0x000000070bf00000| Untracked 
| 184|0x000000070c000000, 0x000000070c000000, 0x000000070c100000|  0%| F|  |TAMS 0x000000070c000000, 0x000000070c000000| Untracked 
| 185|0x000000070c100000, 0x000000070c100000, 0x000000070c200000|  0%| F|  |TAMS 0x000000070c100000, 0x000000070c100000| Untracked 
| 186|0x000000070c200000, 0x000000070c200000, 0x000000070c300000|  0%| F|  |TAMS 0x000000070c200000, 0x000000070c200000| Untracked 
| 187|0x000000070c300000, 0x000000070c300000, 0x000000070c400000|  0%| F|  |TAMS 0x000000070c300000, 0x000000070c300000| Untracked 
| 188|0x000000070c400000, 0x000000070c400000, 0x000000070c500000|  0%| F|  |TAMS 0x000000070c400000, 0x000000070c400000| Untracked 
| 189|0x000000070c500000, 0x000000070c500000, 0x000000070c600000|  0%| F|  |TAMS 0x000000070c500000, 0x000000070c500000| Untracked 
| 190|0x000000070c600000, 0x000000070c600000, 0x000000070c700000|  0%| F|  |TAMS 0x000000070c600000, 0x000000070c600000| Untracked 
| 191|0x000000070c700000, 0x000000070c700000, 0x000000070c800000|  0%| F|  |TAMS 0x000000070c700000, 0x000000070c700000| Untracked 
| 192|0x000000070c800000, 0x000000070c800000, 0x000000070c900000|  0%| F|  |TAMS 0x000000070c800000, 0x000000070c800000| Untracked 
| 193|0x000000070c900000, 0x000000070c900000, 0x000000070ca00000|  0%| F|  |TAMS 0x000000070c900000, 0x000000070c900000| Untracked 
| 194|0x000000070ca00000, 0x000000070ca00000, 0x000000070cb00000|  0%| F|  |TAMS 0x000000070ca00000, 0x000000070ca00000| Untracked 
| 195|0x000000070cb00000, 0x000000070cb00000, 0x000000070cc00000|  0%| F|  |TAMS 0x000000070cb00000, 0x000000070cb00000| Untracked 
| 196|0x000000070cc00000, 0x000000070cc00000, 0x000000070cd00000|  0%| F|  |TAMS 0x000000070cc00000, 0x000000070cc00000| Untracked 
| 197|0x000000070cd00000, 0x000000070cd00000, 0x000000070ce00000|  0%| F|  |TAMS 0x000000070cd00000, 0x000000070cd00000| Untracked 
| 198|0x000000070ce00000, 0x000000070ce00000, 0x000000070cf00000|  0%| F|  |TAMS 0x000000070ce00000, 0x000000070ce00000| Untracked 
| 199|0x000000070cf00000, 0x000000070cf00000, 0x000000070d000000|  0%| F|  |TAMS 0x000000070cf00000, 0x000000070cf00000| Untracked 
| 200|0x000000070d000000, 0x000000070d000000, 0x000000070d100000|  0%| F|  |TAMS 0x000000070d000000, 0x000000070d000000| Untracked 
| 201|0x000000070d100000, 0x000000070d100000, 0x000000070d200000|  0%| F|  |TAMS 0x000000070d100000, 0x000000070d100000| Untracked 
| 202|0x000000070d200000, 0x000000070d200000, 0x000000070d300000|  0%| F|  |TAMS 0x000000070d200000, 0x000000070d200000| Untracked 
| 203|0x000000070d300000, 0x000000070d300000, 0x000000070d400000|  0%| F|  |TAMS 0x000000070d300000, 0x000000070d300000| Untracked 
| 204|0x000000070d400000, 0x000000070d400000, 0x000000070d500000|  0%| F|  |TAMS 0x000000070d400000, 0x000000070d400000| Untracked 
| 205|0x000000070d500000, 0x000000070d500000, 0x000000070d600000|  0%| F|  |TAMS 0x000000070d500000, 0x000000070d500000| Untracked 
| 206|0x000000070d600000, 0x000000070d600000, 0x000000070d700000|  0%| F|  |TAMS 0x000000070d600000, 0x000000070d600000| Untracked 
| 207|0x000000070d700000, 0x000000070d700000, 0x000000070d800000|  0%| F|  |TAMS 0x000000070d700000, 0x000000070d700000| Untracked 
| 208|0x000000070d800000, 0x000000070d800000, 0x000000070d900000|  0%| F|  |TAMS 0x000000070d800000, 0x000000070d800000| Untracked 
| 209|0x000000070d900000, 0x000000070d900000, 0x000000070da00000|  0%| F|  |TAMS 0x000000070d900000, 0x000000070d900000| Untracked 
| 210|0x000000070da00000, 0x000000070da00000, 0x000000070db00000|  0%| F|  |TAMS 0x000000070da00000, 0x000000070da00000| Untracked 
| 211|0x000000070db00000, 0x000000070db00000, 0x000000070dc00000|  0%| F|  |TAMS 0x000000070db00000, 0x000000070db00000| Untracked 
| 212|0x000000070dc00000, 0x000000070dc00000, 0x000000070dd00000|  0%| F|  |TAMS 0x000000070dc00000, 0x000000070dc00000| Untracked 
| 213|0x000000070dd00000, 0x000000070dd00000, 0x000000070de00000|  0%| F|  |TAMS 0x000000070dd00000, 0x000000070dd00000| Untracked 
| 214|0x000000070de00000, 0x000000070de00000, 0x000000070df00000|  0%| F|  |TAMS 0x000000070de00000, 0x000000070de00000| Untracked 
| 215|0x000000070df00000, 0x000000070df00000, 0x000000070e000000|  0%| F|  |TAMS 0x000000070df00000, 0x000000070df00000| Untracked 
| 216|0x000000070e000000, 0x000000070e000000, 0x000000070e100000|  0%| F|  |TAMS 0x000000070e000000, 0x000000070e000000| Untracked 
| 217|0x000000070e100000, 0x000000070e100000, 0x000000070e200000|  0%| F|  |TAMS 0x000000070e100000, 0x000000070e100000| Untracked 
| 218|0x000000070e200000, 0x000000070e200000, 0x000000070e300000|  0%| F|  |TAMS 0x000000070e200000, 0x000000070e200000| Untracked 
| 219|0x000000070e300000, 0x000000070e300000, 0x000000070e400000|  0%| F|  |TAMS 0x000000070e300000, 0x000000070e300000| Untracked 
| 220|0x000000070e400000, 0x000000070e400000, 0x000000070e500000|  0%| F|  |TAMS 0x000000070e400000, 0x000000070e400000| Untracked 
| 221|0x000000070e500000, 0x000000070e500000, 0x000000070e600000|  0%| F|  |TAMS 0x000000070e500000, 0x000000070e500000| Untracked 
| 222|0x000000070e600000, 0x000000070e600000, 0x000000070e700000|  0%| F|  |TAMS 0x000000070e600000, 0x000000070e600000| Untracked 
| 223|0x000000070e700000, 0x000000070e700000, 0x000000070e800000|  0%| F|  |TAMS 0x000000070e700000, 0x000000070e700000| Untracked 
| 224|0x000000070e800000, 0x000000070e800000, 0x000000070e900000|  0%| F|  |TAMS 0x000000070e800000, 0x000000070e800000| Untracked 
| 225|0x000000070e900000, 0x000000070e900000, 0x000000070ea00000|  0%| F|  |TAMS 0x000000070e900000, 0x000000070e900000| Untracked 
| 226|0x000000070ea00000, 0x000000070ea00000, 0x000000070eb00000|  0%| F|  |TAMS 0x000000070ea00000, 0x000000070ea00000| Untracked 
| 227|0x000000070eb00000, 0x000000070eb00000, 0x000000070ec00000|  0%| F|  |TAMS 0x000000070eb00000, 0x000000070eb00000| Untracked 
| 228|0x000000070ec00000, 0x000000070ec00000, 0x000000070ed00000|  0%| F|  |TAMS 0x000000070ec00000, 0x000000070ec00000| Untracked 
| 229|0x000000070ed00000, 0x000000070ed00000, 0x000000070ee00000|  0%| F|  |TAMS 0x000000070ed00000, 0x000000070ed00000| Untracked 
| 230|0x000000070ee00000, 0x000000070ee00000, 0x000000070ef00000|  0%| F|  |TAMS 0x000000070ee00000, 0x000000070ee00000| Untracked 
| 231|0x000000070ef00000, 0x000000070ef00000, 0x000000070f000000|  0%| F|  |TAMS 0x000000070ef00000, 0x000000070ef00000| Untracked 
| 232|0x000000070f000000, 0x000000070f000000, 0x000000070f100000|  0%| F|  |TAMS 0x000000070f000000, 0x000000070f000000| Untracked 
| 233|0x000000070f100000, 0x000000070f100000, 0x000000070f200000|  0%| F|  |TAMS 0x000000070f100000, 0x000000070f100000| Untracked 
| 234|0x000000070f200000, 0x000000070f200000, 0x000000070f300000|  0%| F|  |TAMS 0x000000070f200000, 0x000000070f200000| Untracked 
| 235|0x000000070f300000, 0x000000070f300000, 0x000000070f400000|  0%| F|  |TAMS 0x000000070f300000, 0x000000070f300000| Untracked 
| 236|0x000000070f400000, 0x000000070f400000, 0x000000070f500000|  0%| F|  |TAMS 0x000000070f400000, 0x000000070f400000| Untracked 
| 237|0x000000070f500000, 0x000000070f500000, 0x000000070f600000|  0%| F|  |TAMS 0x000000070f500000, 0x000000070f500000| Untracked 
| 238|0x000000070f600000, 0x000000070f600000, 0x000000070f700000|  0%| F|  |TAMS 0x000000070f600000, 0x000000070f600000| Untracked 
| 239|0x000000070f700000, 0x000000070f700000, 0x000000070f800000|  0%| F|  |TAMS 0x000000070f700000, 0x000000070f700000| Untracked 
| 240|0x000000070f800000, 0x000000070f800000, 0x000000070f900000|  0%| F|  |TAMS 0x000000070f800000, 0x000000070f800000| Untracked 
| 241|0x000000070f900000, 0x000000070f900000, 0x000000070fa00000|  0%| F|  |TAMS 0x000000070f900000, 0x000000070f900000| Untracked 
| 242|0x000000070fa00000, 0x000000070fa00000, 0x000000070fb00000|  0%| F|  |TAMS 0x000000070fa00000, 0x000000070fa00000| Untracked 
| 243|0x000000070fb00000, 0x000000070fb00000, 0x000000070fc00000|  0%| F|  |TAMS 0x000000070fb00000, 0x000000070fb00000| Untracked 
| 244|0x000000070fc00000, 0x000000070fc00000, 0x000000070fd00000|  0%| F|  |TAMS 0x000000070fc00000, 0x000000070fc00000| Untracked 
| 245|0x000000070fd00000, 0x000000070fd00000, 0x000000070fe00000|  0%| F|  |TAMS 0x000000070fd00000, 0x000000070fd00000| Untracked 
| 246|0x000000070fe00000, 0x000000070fe00000, 0x000000070ff00000|  0%| F|  |TAMS 0x000000070fe00000, 0x000000070fe00000| Untracked 
| 247|0x000000070ff00000, 0x000000070ff00000, 0x0000000710000000|  0%| F|  |TAMS 0x000000070ff00000, 0x000000070ff00000| Untracked 
| 248|0x0000000710000000, 0x00000007100d9540, 0x0000000710100000| 84%| E|  |TAMS 0x0000000710000000, 0x0000000710000000| Complete 
| 249|0x0000000710100000, 0x0000000710200000, 0x0000000710200000|100%| E|CS|TAMS 0x0000000710100000, 0x0000000710100000| Complete 
| 250|0x0000000710200000, 0x0000000710300000, 0x0000000710300000|100%| E|CS|TAMS 0x0000000710200000, 0x0000000710200000| Complete 
| 251|0x0000000710300000, 0x0000000710400000, 0x0000000710400000|100%| E|CS|TAMS 0x0000000710300000, 0x0000000710300000| Complete 
| 252|0x0000000710400000, 0x0000000710500000, 0x0000000710500000|100%| E|CS|TAMS 0x0000000710400000, 0x0000000710400000| Complete 
| 253|0x0000000710500000, 0x0000000710600000, 0x0000000710600000|100%| E|CS|TAMS 0x0000000710500000, 0x0000000710500000| Complete 
| 254|0x0000000710600000, 0x0000000710700000, 0x0000000710700000|100%| E|CS|TAMS 0x0000000710600000, 0x0000000710600000| Complete 
| 255|0x0000000710700000, 0x0000000710800000, 0x0000000710800000|100%| E|CS|TAMS 0x0000000710700000, 0x0000000710700000| Complete 

Card table byte_map: [0x0000016336800000,0x0000016337000000] _byte_map_base: 0x0000016332ffc000

Marking Bits (Prev, Next): (CMBitMap*) 0x000001631c75e2c8, (CMBitMap*) 0x000001631c75e308
 Prev Bits: [0x0000016337800000, 0x000001633b7e0000)
 Next Bits: [0x000001633b7e0000, 0x000001633f7c0000)

Polling page: 0x000001631c5f0000

Metaspace:

Usage:
  Non-class:      5.42 MB capacity,     2.96 MB ( 55%) used,     2.45 MB ( 45%) free+waste,     7.44 KB ( <1%) overhead. 
      Class:    550.00 KB capacity,   262.97 KB ( 48%) used,   282.66 KB ( 51%) free+waste,     4.38 KB ( <1%) overhead. 
       Both:      5.95 MB capacity,     3.22 MB ( 54%) used,     2.73 MB ( 46%) free+waste,    11.81 KB ( <1%) overhead. 

Virtual space:
  Non-class space:        8.00 MB reserved,       5.50 MB ( 69%) committed 
      Class space:        1.00 GB reserved,     640.00 KB ( <1%) committed 
             Both:        1.01 GB reserved,       6.13 MB ( <1%) committed 

Chunk freelists:
   Non-Class:  22.00 KB
       Class:  26.00 KB
        Both:  48.00 KB

MaxMetaspaceSize: 17179869184.00 GB
CompressedClassSpaceSize: 1.00 GB

CodeHeap 'non-profiled nmethods': size=120000Kb used=204Kb max_used=204Kb free=119796Kb
 bounds [0x000001632e9c0000, 0x000001632ec30000, 0x0000016335ef0000]
CodeHeap 'profiled nmethods': size=120000Kb used=1008Kb max_used=1008Kb free=118991Kb
 bounds [0x0000016327490000, 0x0000016327700000, 0x000001632e9c0000]
CodeHeap 'non-nmethods': size=5760Kb used=1568Kb max_used=1585Kb free=4191Kb
 bounds [0x0000016326ef0000, 0x0000016327160000, 0x0000016327490000]
 total_blobs=1578 nmethods=633 adapters=858
 compilation: enabled
              stopped_count=0, restarted_count=0
 full_count=0

Compilation events (20 events):
Event: 0.318 Thread 0x00000163429be000 nmethod 623 0x0000016327575a10 code [0x0000016327575c00, 0x0000016327576188]
Event: 0.318 Thread 0x00000163429be000  624       3       java.util.zip.ZipFile$ZipFileInflaterInputStream::fill (80 bytes)
Event: 0.318 Thread 0x00000163429be000 nmethod 624 0x0000016327576490 code [0x0000016327576660, 0x0000016327576a08]
Event: 0.318 Thread 0x00000163429be000  625   !   3       java.util.zip.Inflater::setInput (69 bytes)
Event: 0.318 Thread 0x00000163429be000 nmethod 625 0x0000016327576b90 code [0x0000016327576d60, 0x0000016327577228]
Event: 0.318 Thread 0x00000163429be000  626       3       sun.nio.ch.FileChannelImpl::ensureOpen (16 bytes)
Event: 0.318 Thread 0x0000016342af1800  629       4       java.nio.DirectByteBuffer::ix (10 bytes)
Event: 0.318 Thread 0x00000163429be000 nmethod 626 0x0000016327577390 code [0x0000016327577540, 0x00000163275777c8]
Event: 0.318 Thread 0x00000163429be000  627   !   3       sun.nio.ch.NativeThreadSet::add (155 bytes)
Event: 0.318 Thread 0x0000016342af1800 nmethod 629 0x000001632e9f1310 code [0x000001632e9f1480, 0x000001632e9f14f8]
Event: 0.318 Thread 0x00000163429be000 nmethod 627 0x0000016327577910 code [0x0000016327577ae0, 0x0000016327578208]
Event: 0.318 Thread 0x00000163429be000  628   !   3       sun.nio.ch.NativeThreadSet::remove (50 bytes)
Event: 0.319 Thread 0x00000163429be000 nmethod 628 0x0000016327578490 code [0x0000016327578640, 0x0000016327578a08]
Event: 0.320 Thread 0x00000163429be000  630       1       java.util.Formatter$Flags::valueOf (5 bytes)
Event: 0.320 Thread 0x00000163429be000 nmethod 630 0x000001632e9f1610 code [0x000001632e9f17a0, 0x000001632e9f1878]
Event: 0.320 Thread 0x00000163429be000  631       3       jdk.internal.module.SystemModuleFinders$SystemModuleReader::findImageLocation (42 bytes)
Event: 0.320 Thread 0x00000163429be000 nmethod 631 0x0000016327578b90 code [0x0000016327578da0, 0x0000016327579498]
Event: 0.321 Thread 0x00000163429be000  632       3       sun.net.www.protocol.file.Handler::parseURL (18 bytes)
Event: 0.321 Thread 0x00000163429be000 nmethod 632 0x0000016327579710 code [0x00000163275798c0, 0x0000016327579a78]
Event: 0.321 Thread 0x00000163429be000  634       3       jdk.internal.util.jar.JarIndex::get (49 bytes)

GC Heap History (0 events):
No events

Deoptimization events (20 events):
Event: 0.077 Thread 0x000001631e755800 Uncommon trap: trap_request=0xffffffde fr.pc=0x000001632e9cd748 relative=0x0000000000000868
Event: 0.077 Thread 0x000001631e755800 Uncommon trap: reason=class_check action=maybe_recompile pc=0x000001632e9cd748 method=java.util.HashMap.putVal(ILjava/lang/Object;Ljava/lang/Object;ZZ)Ljava/lang/Object; @ 152 c2
Event: 0.077 Thread 0x000001631e755800 DEOPT PACKING pc=0x000001632e9cd748 sp=0x00000051491fdd50
Event: 0.077 Thread 0x000001631e755800 DEOPT UNPACKING pc=0x0000016326f3912f sp=0x00000051491fdcd0 mode 2
Event: 0.077 Thread 0x000001631e755800 Uncommon trap: trap_request=0xffffffde fr.pc=0x000001632e9cd748 relative=0x0000000000000868
Event: 0.077 Thread 0x000001631e755800 Uncommon trap: reason=class_check action=maybe_recompile pc=0x000001632e9cd748 method=java.util.HashMap.putVal(ILjava/lang/Object;Ljava/lang/Object;ZZ)Ljava/lang/Object; @ 152 c2
Event: 0.077 Thread 0x000001631e755800 DEOPT PACKING pc=0x000001632e9cd748 sp=0x00000051491fdd50
Event: 0.077 Thread 0x000001631e755800 DEOPT UNPACKING pc=0x0000016326f3912f sp=0x00000051491fdcd0 mode 2
Event: 0.079 Thread 0x000001631e755800 Uncommon trap: trap_request=0xffffffde fr.pc=0x000001632e9cd748 relative=0x0000000000000868
Event: 0.079 Thread 0x000001631e755800 Uncommon trap: reason=class_check action=maybe_recompile pc=0x000001632e9cd748 method=java.util.HashMap.putVal(ILjava/lang/Object;Ljava/lang/Object;ZZ)Ljava/lang/Object; @ 152 c2
Event: 0.079 Thread 0x000001631e755800 DEOPT PACKING pc=0x000001632e9cd748 sp=0x00000051491fdd50
Event: 0.079 Thread 0x000001631e755800 DEOPT UNPACKING pc=0x0000016326f3912f sp=0x00000051491fdcd0 mode 2
Event: 0.080 Thread 0x000001631e755800 DEOPT PACKING pc=0x00000163274c368e sp=0x00000051491fe4d0
Event: 0.080 Thread 0x000001631e755800 DEOPT UNPACKING pc=0x0000016326f3964e sp=0x00000051491fd970 mode 0
Event: 0.098 Thread 0x000001631e755800 Uncommon trap: trap_request=0xffffff45 fr.pc=0x000001632e9c5d44 relative=0x0000000000000084
Event: 0.098 Thread 0x000001631e755800 Uncommon trap: reason=unstable_if action=reinterpret pc=0x000001632e9c5d44 method=java.lang.String.isLatin1()Z @ 10 c2
Event: 0.098 Thread 0x000001631e755800 DEOPT PACKING pc=0x000001632e9c5d44 sp=0x00000051491fec80
Event: 0.098 Thread 0x000001631e755800 DEOPT UNPACKING pc=0x0000016326f3912f sp=0x00000051491febc0 mode 2
Event: 0.119 Thread 0x000001631e755800 DEOPT PACKING pc=0x00000163274e68b2 sp=0x00000051491fdd40
Event: 0.119 Thread 0x000001631e755800 DEOPT UNPACKING pc=0x0000016326f3964e sp=0x00000051491fd1a8 mode 0

Classes unloaded (0 events):
No events

Classes redefined (0 events):
No events

Internal exceptions (10 events):
Event: 0.112 Thread 0x000001631e755800 Exception <a 'java/lang/NoSuchMethodError'{0x0000000710478620}: 'void java.lang.invoke.DelegatingMethodHandle$Holder.delegate(java.lang.Object, java.lang.Object, int, java.lang.Object)'> (0x0000000710478620) 
thrown [./open/src/hotspot/share/interpreter/linkResolver.cpp, line 766]
Event: 0.113 Thread 0x000001631e755800 Exception <a 'java/lang/NoSuchMethodError'{0x000000071047ee80}: 'java.lang.Object java.lang.invoke.DirectMethodHandle$Holder.invokeStaticInit(java.lang.Object, java.lang.Object, java.lang.Object)'> (0x000000071047ee80) 
thrown [./open/src/hotspot/share/interpreter/linkResolver.cpp, line 766]
Event: 0.127 Thread 0x000001631e755800 Exception <a 'sun/nio/fs/WindowsException'{0x00000007104d9c70}> (0x00000007104d9c70) 
thrown [./open/src/hotspot/share/prims/jni.cpp, line 599]
Event: 0.128 Thread 0x000001631e755800 Exception <a 'sun/nio/fs/WindowsException'{0x00000007104da1c0}> (0x00000007104da1c0) 
thrown [./open/src/hotspot/share/prims/jni.cpp, line 599]
Event: 0.149 Thread 0x000001631e755800 Exception <a 'sun/nio/fs/WindowsException'{0x00000007103a28c8}> (0x00000007103a28c8) 
thrown [./open/src/hotspot/share/prims/jni.cpp, line 599]
Event: 0.149 Thread 0x000001631e755800 Exception <a 'sun/nio/fs/WindowsException'{0x00000007103a2c28}> (0x00000007103a2c28) 
thrown [./open/src/hotspot/share/prims/jni.cpp, line 599]
Event: 0.220 Thread 0x000001631e755800 Exception <a 'sun/nio/fs/WindowsException'{0x000000071015f318}> (0x000000071015f318) 
thrown [./open/src/hotspot/share/prims/jni.cpp, line 599]
Event: 0.220 Thread 0x000001631e755800 Exception <a 'sun/nio/fs/WindowsException'{0x000000071015f678}> (0x000000071015f678) 
thrown [./open/src/hotspot/share/prims/jni.cpp, line 599]
Event: 0.319 Thread 0x000001631e755800 Exception <a 'sun/nio/fs/WindowsException'{0x00000007100a0750}> (0x00000007100a0750) 
thrown [./open/src/hotspot/share/prims/jni.cpp, line 599]
Event: 0.319 Thread 0x000001631e755800 Exception <a 'sun/nio/fs/WindowsException'{0x00000007100a0ad0}> (0x00000007100a0ad0) 
thrown [./open/src/hotspot/share/prims/jni.cpp, line 599]

Events (20 events):
Event: 0.155 loading class jdk/internal/reflect/UnsafeQualifiedStaticFieldAccessorImpl
Event: 0.155 loading class jdk/internal/reflect/UnsafeQualifiedStaticFieldAccessorImpl done
Event: 0.155 loading class jdk/internal/reflect/UnsafeQualifiedStaticObjectFieldAccessorImpl done
Event: 0.156 loading class java/math/MutableBigInteger
Event: 0.157 loading class java/math/MutableBigInteger done
Event: 0.157 loading class java/nio/InvalidMarkException
Event: 0.157 loading class java/nio/InvalidMarkException done
Event: 0.157 loading class java/nio/BufferUnderflowException
Event: 0.157 loading class java/nio/BufferUnderflowException done
Event: 0.158 loading class java/lang/IndexOutOfBoundsException
Event: 0.158 loading class java/lang/IndexOutOfBoundsException done
Event: 0.302 loading class java/lang/invoke/BoundMethodHandle$Species_LLL
Event: 0.302 loading class java/lang/invoke/BoundMethodHandle$Species_LLL done
Event: 0.303 loading class java/lang/invoke/BoundMethodHandle$Species_LJ
Event: 0.303 loading class java/lang/invoke/BoundMethodHandle$Species_LJ done
Event: 0.303 loading class java/lang/invoke/BoundMethodHandle$Species_LLLL
Event: 0.303 loading class java/lang/invoke/BoundMethodHandle$Species_LLLL done
Event: 0.305 loading class java/io/UnsupportedEncodingException
Event: 0.305 loading class java/io/UnsupportedEncodingException done
Event: 0.320 Loaded shared library C:\Users\Matthew\Desktop\Proj\Java\hedgefx\runtime\hedgefx\lwjgl_stb.dll


Dynamic libraries:
0x00007ff70b940000 - 0x00007ff70b94d000 	C:\Program Files\Java\jdk-14.0.2\bin\java.exe
0x00007ffbdfba0000 - 0x00007ffbdfd90000 	C:\WINDOWS\SYSTEM32\ntdll.dll
0x00007ffbdf000000 - 0x00007ffbdf0b2000 	C:\WINDOWS\System32\KERNEL32.DLL
0x00007ffbdd460000 - 0x00007ffbdd704000 	C:\WINDOWS\System32\KERNELBASE.dll
0x00007ffbdd710000 - 0x00007ffbdd80a000 	C:\WINDOWS\System32\ucrtbase.dll
0x00007ffbcb650000 - 0x00007ffbcb668000 	C:\Program Files\Java\jdk-14.0.2\bin\jli.dll
0x00007ffbdf980000 - 0x00007ffbdfb15000 	C:\WINDOWS\System32\USER32.dll
0x00007ffbdd310000 - 0x00007ffbdd331000 	C:\WINDOWS\System32\win32u.dll
0x00007ffbdfb30000 - 0x00007ffbdfb56000 	C:\WINDOWS\System32\GDI32.dll
0x00007ffbdd8c0000 - 0x00007ffbdda56000 	C:\WINDOWS\System32\gdi32full.dll
0x00007ffbd1bf0000 - 0x00007ffbd1e74000 	C:\WINDOWS\WinSxS\amd64_microsoft.windows.common-controls_6595b64144ccf1df_6.0.18362.1016_none_9e7a36bbe461dae4\COMCTL32.dll
0x00007ffbdd3c0000 - 0x00007ffbdd45e000 	C:\WINDOWS\System32\msvcp_win.dll
0x00007ffbddcb0000 - 0x00007ffbddd4e000 	C:\WINDOWS\System32\msvcrt.dll
0x00007ffbdf0c0000 - 0x00007ffbdf3f5000 	C:\WINDOWS\System32\combase.dll
0x00007ffbdf400000 - 0x00007ffbdf520000 	C:\WINDOWS\System32\RPCRT4.dll
0x00007ffbdd340000 - 0x00007ffbdd3c0000 	C:\WINDOWS\System32\bcryptPrimitives.dll
0x00007ffbcb630000 - 0x00007ffbcb645000 	C:\Program Files\Java\jdk-14.0.2\bin\VCRUNTIME140.dll
0x00007ffbde610000 - 0x00007ffbde63e000 	C:\WINDOWS\System32\IMM32.DLL
0x00007ffbc02a0000 - 0x00007ffbc033b000 	C:\Program Files\Java\jdk-14.0.2\bin\msvcp140.dll
0x00007ffb9eb40000 - 0x00007ffb9f65e000 	C:\Program Files\Java\jdk-14.0.2\bin\server\jvm.dll
0x00007ffbdef30000 - 0x00007ffbdefd3000 	C:\WINDOWS\System32\ADVAPI32.dll
0x00007ffbdf520000 - 0x00007ffbdf5b7000 	C:\WINDOWS\System32\sechost.dll
0x00007ffbdf7d0000 - 0x00007ffbdf7d8000 	C:\WINDOWS\System32\PSAPI.DLL
0x00007ffbdab10000 - 0x00007ffbdab19000 	C:\WINDOWS\SYSTEM32\WSOCK32.dll
0x00007ffbda9a0000 - 0x00007ffbda9c4000 	C:\WINDOWS\SYSTEM32\WINMM.dll
0x00007ffbd77d0000 - 0x00007ffbd77da000 	C:\WINDOWS\SYSTEM32\VERSION.dll
0x00007ffbdf910000 - 0x00007ffbdf97f000 	C:\WINDOWS\System32\WS2_32.dll
0x00007ffbda520000 - 0x00007ffbda54d000 	C:\WINDOWS\SYSTEM32\winmmbase.dll
0x00007ffbdda60000 - 0x00007ffbddaaa000 	C:\WINDOWS\System32\cfgmgr32.dll
0x00007ffbdca80000 - 0x00007ffbdca91000 	C:\WINDOWS\System32\kernel.appcore.dll
0x00007ffbcce80000 - 0x00007ffbcce8a000 	C:\Program Files\Java\jdk-14.0.2\bin\jimage.dll
0x00007ffbd26c0000 - 0x00007ffbd28b4000 	C:\WINDOWS\SYSTEM32\DBGHELP.DLL
0x00007ffbccc70000 - 0x00007ffbccc9a000 	C:\WINDOWS\SYSTEM32\dbgcore.DLL
0x00007ffbdab70000 - 0x00007ffbdab7e000 	C:\Program Files\Java\jdk-14.0.2\bin\instrument.dll
0x00007ffbcb4c0000 - 0x00007ffbcb4e5000 	C:\Program Files\Java\jdk-14.0.2\bin\java.dll
0x00007ffbcaae0000 - 0x00007ffbcaaf6000 	C:\Program Files\Java\jdk-14.0.2\bin\zip.dll
0x00007ffbddea0000 - 0x00007ffbde587000 	C:\WINDOWS\System32\SHELL32.dll
0x00007ffbded30000 - 0x00007ffbdedd9000 	C:\WINDOWS\System32\shcore.dll
0x00007ffbdcb80000 - 0x00007ffbdd302000 	C:\WINDOWS\System32\windows.storage.dll
0x00007ffbdcaa0000 - 0x00007ffbdcac3000 	C:\WINDOWS\System32\profapi.dll
0x00007ffbdcad0000 - 0x00007ffbdcb1a000 	C:\WINDOWS\System32\powrprof.dll
0x00007ffbdca50000 - 0x00007ffbdca60000 	C:\WINDOWS\System32\UMPDC.dll
0x00007ffbdf7e0000 - 0x00007ffbdf832000 	C:\WINDOWS\System32\shlwapi.dll
0x00007ffbddc30000 - 0x00007ffbddc47000 	C:\WINDOWS\System32\cryptsp.dll
0x00007ffbcaa80000 - 0x00007ffbcaa99000 	C:\Program Files\Java\jdk-14.0.2\bin\net.dll
0x00007ffbd5510000 - 0x00007ffbd5600000 	C:\WINDOWS\SYSTEM32\WINHTTP.dll
0x00007ffbdc2b0000 - 0x00007ffbdc317000 	C:\WINDOWS\system32\mswsock.dll
0x00007ffbcaa60000 - 0x00007ffbcaa72000 	C:\Program Files\Java\jdk-14.0.2\bin\nio.dll
0x00007ffbcb8a0000 - 0x00007ffbcb8b0000 	C:\Program Files\Java\jdk-14.0.2\bin\verify.dll
0x00007ffbcd100000 - 0x00007ffbcd11a000 	C:\Program Files\JetBrains\IntelliJ IDEA Community Edition 2019.2.2\bin\breakgen64.dll
0x00007ffbcb950000 - 0x00007ffbcb9b4000 	C:\Users\Matthew\Desktop\Proj\Java\hedgefx\runtime\hedgefx\lwjgl.dll
0x00007ffbca1b0000 - 0x00007ffbca212000 	C:\Users\Matthew\Desktop\Proj\Java\hedgefx\runtime\hedgefx\glfw.dll
0x00007ffbdadb0000 - 0x00007ffbdae49000 	C:\WINDOWS\system32\uxtheme.dll
0x00007ffbca010000 - 0x00007ffbca053000 	C:\WINDOWS\SYSTEM32\dinput8.dll
0x00007ffbc6110000 - 0x00007ffbc6121000 	C:\WINDOWS\SYSTEM32\xinput1_4.dll
0x00007ffbdc850000 - 0x00007ffbdc87a000 	C:\WINDOWS\SYSTEM32\DEVOBJ.dll
0x00007ffbdb1e0000 - 0x00007ffbdb20d000 	C:\WINDOWS\SYSTEM32\dwmapi.dll
0x00007ffbc79d0000 - 0x00007ffbc7aeb000 	C:\WINDOWS\SYSTEM32\inputhost.dll
0x00007ffbda550000 - 0x00007ffbda624000 	C:\WINDOWS\SYSTEM32\CoreMessaging.dll
0x00007ffbd93f0000 - 0x00007ffbd94e0000 	C:\WINDOWS\SYSTEM32\PROPSYS.dll
0x00007ffbd8880000 - 0x00007ffbd8baa000 	C:\WINDOWS\SYSTEM32\CoreUIComponents.dll
0x00007ffbd8630000 - 0x00007ffbd8783000 	C:\WINDOWS\SYSTEM32\wintypes.dll
0x00007ffbddd50000 - 0x00007ffbdde15000 	C:\WINDOWS\System32\OLEAUT32.dll
0x00007ffbdbaa0000 - 0x00007ffbdbad1000 	C:\WINDOWS\SYSTEM32\ntmarta.dll
0x00007ffbdedf0000 - 0x00007ffbdef25000 	C:\WINDOWS\System32\MSCTF.dll
0x00007ffbdb650000 - 0x00007ffbdb65e000 	C:\WINDOWS\SYSTEM32\HID.DLL
0x00007ffbde640000 - 0x00007ffbdeab0000 	C:\WINDOWS\System32\SETUPAPI.DLL
0x00007ffbddab0000 - 0x00007ffbddad6000 	C:\WINDOWS\System32\bcrypt.dll
0x00007ffbdcb20000 - 0x00007ffbdcb7c000 	C:\WINDOWS\System32\WINTRUST.dll
0x00007ffbdca60000 - 0x00007ffbdca72000 	C:\WINDOWS\System32\MSASN1.dll
0x00007ffbddae0000 - 0x00007ffbddc29000 	C:\WINDOWS\System32\CRYPT32.dll
0x00007ffb9e980000 - 0x00007ffb9eb35000 	C:\Users\Matthew\Desktop\Proj\Java\hedgefx\runtime\hedgefx\bgfx.dll
0x00007ffbd44b0000 - 0x00007ffbd49bc000 	C:\WINDOWS\SYSTEM32\nvapi64.dll
0x00007ffbdebd0000 - 0x00007ffbded27000 	C:\WINDOWS\System32\ole32.dll
0x00007ffbd7720000 - 0x00007ffbd77ce000 	C:\WINDOWS\SYSTEM32\mscms.dll
0x00007ffbdb740000 - 0x00007ffbdb82b000 	C:\WINDOWS\SYSTEM32\dxgi.dll
0x00007ffbdc940000 - 0x00007ffbdc965000 	C:\WINDOWS\SYSTEM32\USERENV.dll
0x00007ffbd76f0000 - 0x00007ffbd7707000 	C:\WINDOWS\SYSTEM32\ColorAdapterClient.dll
0x00007ffbdb6b0000 - 0x00007ffbdb6d0000 	C:\WINDOWS\SYSTEM32\dxcore.dll
0x00007ffbda0e0000 - 0x00007ffbda33b000 	C:\WINDOWS\SYSTEM32\d3d11.dll
0x00007ffbc38f0000 - 0x00007ffbc3945000 	C:\WINDOWS\SYSTEM32\dxgidebug.dll
0x00007ffbd4fe0000 - 0x00007ffbd50ce000 	C:\WINDOWS\System32\DriverStore\FileRepository\nv_dispi.inf_amd64_db678424d2641c3d\nvldumdx.dll
0x00007ffbdefe0000 - 0x00007ffbdeffd000 	C:\WINDOWS\System32\imagehlp.dll
0x00007ffbdbe20000 - 0x00007ffbdbe53000 	C:\WINDOWS\system32\rsaenh.dll
0x00007ffbdc480000 - 0x00007ffbdc48c000 	C:\WINDOWS\SYSTEM32\CRYPTBASE.dll
0x00007ffbb3840000 - 0x00007ffbb5df7000 	C:\WINDOWS\System32\DriverStore\FileRepository\nv_dispi.inf_amd64_db678424d2641c3d\nvwgf2umx.dll
0x00007ffbda340000 - 0x00007ffbda51d000 	C:\WINDOWS\SYSTEM32\dcomp.dll
0x00007ffbc01e0000 - 0x00007ffbc0259000 	C:\Users\Matthew\Desktop\Proj\Java\hedgefx\runtime\hedgefx\lwjgl_stb.dll

dbghelp: loaded successfully - version: 4.0.5 - missing functions: none
symbol engine: initialized successfully - sym options: 0x614 - pdb path: .;C:\Program Files\Java\jdk-14.0.2\bin;C:\WINDOWS\SYSTEM32;C:\WINDOWS\WinSxS\amd64_microsoft.windows.common-controls_6595b64144ccf1df_6.0.18362.1016_none_9e7a36bbe461dae4;C:\Program Files\Java\jdk-14.0.2\bin\server;C:\Program Files\JetBrains\IntelliJ IDEA Community Edition 2019.2.2\bin;C:\Users\Matthew\Desktop\Proj\Java\hedgefx\runtime\hedgefx;C:\WINDOWS\System32\DriverStore\FileRepository\nv_dispi.inf_amd64_db678424d2641c3d

VM Arguments:
jvm_args: -Dvisualvm.id=46186730266900 -javaagent:C:\Program Files\JetBrains\IntelliJ IDEA Community Edition 2019.2.2\lib\idea_rt.jar=58853:C:\Program Files\JetBrains\IntelliJ IDEA Community Edition 2019.2.2\bin -Dfile.encoding=UTF-8 
java_command: Main
java_class_path (initial): C:\Users\Matthew\Desktop\Proj\Java\hedgefx\out\production\hedgefx;C:\Users\Matthew\Desktop\Proj\Java\hedgefx\lib\json\jackson-annotations-2.9.8.jar;C:\Users\Matthew\Desktop\Proj\Java\hedgefx\lib\json\jackson-core-2.9.8.jar;C:\Users\Matthew\Desktop\Proj\Java\hedgefx\lib\json\jackson-databind-2.9.8.jar;C:\Users\Matthew\Desktop\Proj\Java\hedgefx\lib\lwjgl\lwjgl.jar;C:\Users\Matthew\Desktop\Proj\Java\hedgefx\lib\lwjgl\lwjgl-bgfx.jar;C:\Users\Matthew\Desktop\Proj\Java\hedgefx\lib\lwjgl\lwjgl-bgfx-natives-linux.jar;C:\Users\Matthew\Desktop\Proj\Java\hedgefx\lib\lwjgl\lwjgl-bgfx-natives-macos.jar;C:\Users\Matthew\Desktop\Proj\Java\hedgefx\lib\lwjgl\lwjgl-bgfx-natives-windows.jar;C:\Users\Matthew\Desktop\Proj\Java\hedgefx\lib\lwjgl\lwjgl-glfw.jar;C:\Users\Matthew\Desktop\Proj\Java\hedgefx\lib\lwjgl\lwjgl-glfw-natives-linux.jar;C:\Users\Matthew\Desktop\Proj\Java\hedgefx\lib\lwjgl\lwjgl-glfw-natives-macos.jar;C:\Users\Matthew\Desktop\Proj\Java\hedgefx\lib\lwjgl\lwjgl-glfw-natives-windows.jar;C:\Users\Matthew\Desktop\Proj\Java\hedgefx\lib\lwjgl\lwjgl-natives-linux.jar;C:\Users\Matthew\Desktop\Proj\Java\hedgefx\lib\lwjgl\lwjgl-natives-macos.jar;C:\Users\Matthew\Desktop\Proj\Java\hedgefx\lib\lwjgl\lwjgl-natives-windows.jar;C:\Users\Matthew\Desktop\Proj\Java\hedgefx\lib\lwjgl\lwjgl-openal.jar;C:\Users\Matthew\Desktop\Proj\Java\hedgefx\lib\lwjgl\lwjgl-openal-natives-linux.jar;C:\Users\Matthew\Desktop\Proj\Java\hedgefx\lib\lwjgl\lwjgl-openal-natives-macos.jar;C:\Users\Matthew\Desktop\Proj\Java\hedgefx\lib\lwjgl\lwjgl-openal-natives-windows.jar;C:\Users\Matthew\Desktop\Proj\Java\hedgefx\lib\lwjgl\lwjgl-stb.jar;C:\Users\Matthew\Desktop\Proj\Java\hedgefx\lib\lwjgl\lwjgl-stb-natives-linux.jar;C:\Users\Matthew\Desktop\Proj\Java\hedgefx\lib\lwjgl\lwjgl-stb-natives-macos.jar;C:\Users\Matthew\Desktop\Proj\Java\hedgefx\lib\lwjgl\lwjgl-stb-natives-windows.jar
Launcher Type: SUN_STANDARD

[Global flags]
     intx CICompilerCount                          = 3                                         {product} {ergonomic}
     uint ConcGCThreads                            = 2                                         {product} {ergonomic}
     uint G1ConcRefinementThreads                  = 6                                         {product} {ergonomic}
   size_t G1HeapRegionSize                         = 1048576                                   {product} {ergonomic}
    uintx GCDrainStackTargetSize                   = 64                                        {product} {ergonomic}
   size_t InitialHeapSize                          = 268435456                                 {product} {ergonomic}
   size_t MarkStackSize                            = 4194304                                   {product} {ergonomic}
   size_t MaxHeapSize                              = 4286578688                                {product} {ergonomic}
   size_t MaxNewSize                               = 2571108352                                {product} {ergonomic}
   size_t MinHeapDeltaBytes                        = 1048576                                   {product} {ergonomic}
   size_t MinHeapSize                              = 8388608                                   {product} {ergonomic}
    uintx NonNMethodCodeHeapSize                   = 5832780                                {pd product} {ergonomic}
    uintx NonProfiledCodeHeapSize                  = 122912730                              {pd product} {ergonomic}
    uintx ProfiledCodeHeapSize                     = 122912730                              {pd product} {ergonomic}
    uintx ReservedCodeCacheSize                    = 251658240                              {pd product} {ergonomic}
     bool SegmentedCodeCache                       = true                                      {product} {ergonomic}
   size_t SoftMaxHeapSize                          = 4286578688                             {manageable} {ergonomic}
     bool UseCompressedClassPointers               = true                                 {lp64_product} {ergonomic}
     bool UseCompressedOops                        = true                                 {lp64_product} {ergonomic}
     bool UseG1GC                                  = true                                      {product} {ergonomic}
     bool UseLargePagesIndividualAllocation        = false                                  {pd product} {ergonomic}

Logging:
Log output configuration:
 #0: stdout all=warning uptime,level,tags
 #1: stderr all=off uptime,level,tags

Environment Variables:
JAVA_HOME=C:\Program Files\Java\jdk-13.0.2
_JAVA_OPTIONS= 
PATH=C:\VulkanSDK\1.2.141.0\Bin;C:\Program Files\Java\jdk-13.0.2\bin;C:\Program Files (x86)\Intel\iCLS Client\;C:\Program Files\Intel\iCLS Client\;C:\WINDOWS\system32;C:\WINDOWS;C:\WINDOWS\System32\Wbem;C:\WINDOWS\System32\WindowsPowerShell\v1.0\;C:\Program Files (x86)\Intel\Intel(R) Management Engine Components\DAL;C:\Program Files\Intel\Intel(R) Management Engine Components\DAL;C:\Program Files (x86)\Intel\Intel(R) Management Engine Components\IPT;C:\Program Files\Intel\Intel(R) Management Engine Components\IPT;C:\Program Files\Git\cmd;C:\WINDOWS\System32\OpenSSH\;C:\Program Files\dotnet\;C:\Program Files\Microsoft SQL Server\130\Tools\Binn\;C:\Program Files (x86)\dotnet\;C:\Program Files\CMake\bin;C:\ProgramData\chocolatey\bin;C:\Users\Matthew\.cargo\bin;C:\Users\Matthew\AppData\Local\Microsoft\WindowsApps;C:\Users\Matthew\AppData\Local\Programs\Microsoft VS Code\bin;C:\Users\Matthew\.dotnet\tools;C:\Program Files\JetBrains\JetBrains Rider 2019.2.2\bin;;C:\Program Files\JetBrains\IntelliJ IDEA Community Edition 2019.2.2\bin;;C:\Users\Matthew\AppData\Local\Microsoft\WindowsApps;C:\Users\Matthew\.dotnet\tools;C:\ProgramData\chocolatey\lib\mingw\tools\install\mingw64\bin;
USERNAME=Matthew
OS=Windows_NT
PROCESSOR_IDENTIFIER=Intel64 Family 6 Model 158 Stepping 10, GenuineIntel



---------------  S Y S T E M  ---------------

OS: Windows 10 , 64 bit Build 18362 (10.0.18362.959)
OS uptime: 0 days 12:49 hours

CPU:total 6 (initial active 6) (6 cores per cpu, 1 threads per core) family 6 model 158 stepping 10, cmov, cx8, fxsr, mmx, sse, sse2, sse3, ssse3, sse4.1, sse4.2, popcnt, avx, avx2, aes, clmul, erms, 3dnowpref, lzcnt, tsc, tscinvbit, bmi1, bmi2, adx, fma

Memory: 4k page, system-wide physical 16344M (9442M free)
TotalPageFile size 18776M (AvailPageFile size 8640M)
current process WorkingSet (physical memory assigned to process): 78M, peak: 78M
current process commit charge ("private bytes"): 570M, peak: 570M

vm_info: OpenJDK 64-Bit Server VM (14.0.2+12-46) for windows-amd64 JRE (14.0.2+12-46), built on Jul  9 2020 00:31:16 by "mach5one" with MS VC++ 15.9 (VS2017)

END.
