#
# A fatal error has been detected by the Java Runtime Environment:
#
#  Internal Error (./open/src/hotspot/share/c1/c1_ValueType.cpp:140), pid=6904, tid=9852
#  Error: ShouldNotReachHere()
#
# JRE version: OpenJDK Runtime Environment (14.0.2+12) (build 14.0.2+12-46)
# Java VM: OpenJDK 64-Bit Server VM (14.0.2+12-46, mixed mode, sharing, tiered, compressed oops, g1 gc, windows-amd64)
# No core dump will be written. Minidumps are not enabled by default on client versions of Windows
#
# If you would like to submit a bug report, please visit:
#   https://bugreport.java.com/bugreport/crash.jsp
#

---------------  S U M M A R Y ------------

Command Line: -Dvisualvm.id=179814198908500 -javaagent:C:\Program Files\JetBrains\IntelliJ IDEA Community Edition 2019.2.2\lib\idea_rt.jar=59792:C:\Program Files\JetBrains\IntelliJ IDEA Community Edition 2019.2.2\bin -Dfile.encoding=UTF-8 Main

Host: Intel(R) Core(TM) i5-8400 CPU @ 2.80GHz, 6 cores, 15G,  Windows 10 , 64 bit Build 18362 (10.0.18362.959)
Time: Mon Aug 31 18:09:20 2020 Pacific Daylight Time elapsed time: 1 seconds (0d 0h 0m 1s)

---------------  T H R E A D  ---------------

Current thread (0x000001e48406d800):  JavaThread "C1 CompilerThread0" daemon [_thread_in_native, id=9852, stack(0x0000003ea0600000,0x0000003ea0700000)]


Current CompileTask:
C1:   1071 1175       3       SpriteBatch::flush (79 bytes)

Stack: [0x0000003ea0600000,0x0000003ea0700000]
Native frames: (J=compiled Java code, j=interpreted, Vv=VM code, C=native code)
V  [jvm.dll+0x5f8a9a]
V  [jvm.dll+0x74247a]
V  [jvm.dll+0x743c2f]
V  [ntdll.dll+0x744227]
V  [jvm.dll+0x20d20c]
V  [jvm.dll+0x20d173]
V  [jvm.dll+0x176f2b]
V  [jvm.dll+0x11c9fa]
V  [jvm.dll+0x123f3d]
V  [jvm.dll+0x122474]
V  [jvm.dll+0x11becb]
V  [jvm.dll+0x12c08a]
V  [jvm.dll+0x116fc9]
V  [jvm.dll+0x117340]
V  [jvm.dll+0x1175ff]
V  [jvm.dll+0x116884]
V  [jvm.dll+0x1187d7]
V  [jvm.dll+0x1f4105]
V  [jvm.dll+0x1f22eb]
V  [jvm.dll+0x7070cd]
V  [jvm.dll+0x6ffeda]
V  [jvm.dll+0x5f78f6]
C  [ucrtbase.dll+0x20e82]
C  [KERNEL32.DLL+0x17bd4]
C  [ntdll.dll+0x6ce51]


---------------  P R O C E S S  ---------------

Threads class SMR info:
_java_thread_list=0x000001e484bc4160, length=16, elements={
0x000001e4dfc15000, 0x000001e4ff608000, 0x000001e4ff609800, 0x000001e484067000,
0x000001e48406a800, 0x000001e48406b800, 0x000001e48406c800, 0x000001e48406d800,
0x000001e4840df800, 0x000001e48418f800, 0x000001e484208000, 0x000001e484410800,
0x000001e493e53000, 0x000001e493ec6800, 0x000001e493ead000, 0x000001e4942c5000
}

Java Threads: ( => current thread )
  0x000001e4dfc15000 JavaThread "main" [_thread_in_Java, id=13140, stack(0x0000003e9f900000,0x0000003e9fa00000)]
  0x000001e4ff608000 JavaThread "Reference Handler" daemon [_thread_blocked, id=10160, stack(0x0000003ea0000000,0x0000003ea0100000)]
  0x000001e4ff609800 JavaThread "Finalizer" daemon [_thread_blocked, id=208, stack(0x0000003ea0100000,0x0000003ea0200000)]
  0x000001e484067000 JavaThread "Signal Dispatcher" daemon [_thread_blocked, id=7096, stack(0x0000003ea0200000,0x0000003ea0300000)]
  0x000001e48406a800 JavaThread "Attach Listener" daemon [_thread_blocked, id=7496, stack(0x0000003ea0300000,0x0000003ea0400000)]
  0x000001e48406b800 JavaThread "Service Thread" daemon [_thread_blocked, id=8280, stack(0x0000003ea0400000,0x0000003ea0500000)]
  0x000001e48406c800 JavaThread "C2 CompilerThread0" daemon [_thread_in_vm, id=14404, stack(0x0000003ea0500000,0x0000003ea0600000)]
=>0x000001e48406d800 JavaThread "C1 CompilerThread0" daemon [_thread_in_native, id=9852, stack(0x0000003ea0600000,0x0000003ea0700000)]
  0x000001e4840df800 JavaThread "Sweeper thread" daemon [_thread_blocked, id=15204, stack(0x0000003ea0700000,0x0000003ea0800000)]
  0x000001e48418f800 JavaThread "Common-Cleaner" daemon [_thread_blocked, id=804, stack(0x0000003ea0800000,0x0000003ea0900000)]
  0x000001e484208000 JavaThread "Monitor Ctrl-Break" daemon [_thread_in_native, id=12964, stack(0x0000003ea0a00000,0x0000003ea0b00000)]
  0x000001e484410800 JavaThread "Notification Thread" daemon [_thread_blocked, id=6456, stack(0x0000003ea0b00000,0x0000003ea0c00000)]
  0x000001e493e53000 JavaThread "Java2D Disposer" daemon [_thread_blocked, id=8412, stack(0x0000003ea0900000,0x0000003ea0a00000)]
  0x000001e493ec6800 JavaThread "AWT-Shutdown" [_thread_blocked, id=15156, stack(0x0000003ea1500000,0x0000003ea1600000)]
  0x000001e493ead000 JavaThread "AWT-Windows" daemon [_thread_in_native, id=4648, stack(0x0000003ea1600000,0x0000003ea1700000)]
  0x000001e4942c5000 JavaThread "C2 CompilerThread1" daemon [_thread_blocked, id=6608, stack(0x0000003ea1900000,0x0000003ea1a00000)]

Other Threads:
  0x000001e4ff603800 VMThread "VM Thread" [stack: 0x0000003e9ff00000,0x0000003ea0000000] [id=9508]
  0x000001e484411800 WatcherThread [stack: 0x0000003ea0c00000,0x0000003ea0d00000] [id=13296]
  0x000001e4dfc7b800 GCTaskThread "GC Thread#0" [stack: 0x0000003e9fa00000,0x0000003e9fb00000] [id=11448]
  0x000001e4dfc9e000 ConcurrentGCThread "G1 Main Marker" [stack: 0x0000003e9fb00000,0x0000003e9fc00000] [id=6328]
  0x000001e4dfca0800 ConcurrentGCThread "G1 Conc#0" [stack: 0x0000003e9fc00000,0x0000003e9fd00000] [id=12756]
  0x000001e4ff4f3000 ConcurrentGCThread "G1 Refine#0" [stack: 0x0000003e9fd00000,0x0000003e9fe00000] [id=14668]
  0x000001e4ff4f4000 ConcurrentGCThread "G1 Young RemSet Sampling" [stack: 0x0000003e9fe00000,0x0000003e9ff00000] [id=4968]

Threads with active compile tasks:
C2 CompilerThread0     1088 1197       4       SpriteBatch::draw (279 bytes)
C1 CompilerThread0     1088 1175       3       SpriteBatch::flush (79 bytes)
C2 CompilerThread1     1088 1195       4       Main::color (23 bytes)

VM state:not at safepoint (normal execution)

VM Mutex/Monitor currently owned by a thread:  ([mutex/lock_event])
[0x000001e4dfc10130] Compile_lock - owner thread: 0x000001e48406c800
[0x000001e4dfc0fa70] MethodCompileQueue_lock - owner thread: 0x000001e4942c5000

Heap address: 0x0000000700800000, size: 4088 MB, Compressed Oops mode: Zero based, Oop shift amount: 3
Narrow klass base: 0x0000000800000000, Narrow klass shift: 3
Compressed class space size: 1073741824 Address: 0x0000000800b30000

Heap:
 garbage-first heap   total 262144K, used 15360K [0x0000000700800000, 0x0000000800000000)
  region size 1024K, 17 young (17408K), 0 survivors (0K)
 Metaspace       used 7307K, capacity 7556K, committed 7680K, reserved 1056768K
  class space    used 652K, capacity 722K, committed 768K, reserved 1048576K
Heap Regions: E=young(eden), S=young(survivor), O=old, HS=humongous(starts), HC=humongous(continues), CS=collection set, F=free, OA=open archive, CA=closed archive, TAMS=top-at-mark-start (previous, next)
|   0|0x0000000700800000, 0x0000000700800000, 0x0000000700900000|  0%| F|  |TAMS 0x0000000700800000, 0x0000000700800000| Untracked 
|   1|0x0000000700900000, 0x0000000700900000, 0x0000000700a00000|  0%| F|  |TAMS 0x0000000700900000, 0x0000000700900000| Untracked 
|   2|0x0000000700a00000, 0x0000000700a00000, 0x0000000700b00000|  0%| F|  |TAMS 0x0000000700a00000, 0x0000000700a00000| Untracked 
|   3|0x0000000700b00000, 0x0000000700b00000, 0x0000000700c00000|  0%| F|  |TAMS 0x0000000700b00000, 0x0000000700b00000| Untracked 
|   4|0x0000000700c00000, 0x0000000700c00000, 0x0000000700d00000|  0%| F|  |TAMS 0x0000000700c00000, 0x0000000700c00000| Untracked 
|   5|0x0000000700d00000, 0x0000000700d00000, 0x0000000700e00000|  0%| F|  |TAMS 0x0000000700d00000, 0x0000000700d00000| Untracked 
|   6|0x0000000700e00000, 0x0000000700e00000, 0x0000000700f00000|  0%| F|  |TAMS 0x0000000700e00000, 0x0000000700e00000| Untracked 
|   7|0x0000000700f00000, 0x0000000700f00000, 0x0000000701000000|  0%| F|  |TAMS 0x0000000700f00000, 0x0000000700f00000| Untracked 
|   8|0x0000000701000000, 0x0000000701000000, 0x0000000701100000|  0%| F|  |TAMS 0x0000000701000000, 0x0000000701000000| Untracked 
|   9|0x0000000701100000, 0x0000000701100000, 0x0000000701200000|  0%| F|  |TAMS 0x0000000701100000, 0x0000000701100000| Untracked 
|  10|0x0000000701200000, 0x0000000701200000, 0x0000000701300000|  0%| F|  |TAMS 0x0000000701200000, 0x0000000701200000| Untracked 
|  11|0x0000000701300000, 0x0000000701300000, 0x0000000701400000|  0%| F|  |TAMS 0x0000000701300000, 0x0000000701300000| Untracked 
|  12|0x0000000701400000, 0x0000000701400000, 0x0000000701500000|  0%| F|  |TAMS 0x0000000701400000, 0x0000000701400000| Untracked 
|  13|0x0000000701500000, 0x0000000701500000, 0x0000000701600000|  0%| F|  |TAMS 0x0000000701500000, 0x0000000701500000| Untracked 
|  14|0x0000000701600000, 0x0000000701600000, 0x0000000701700000|  0%| F|  |TAMS 0x0000000701600000, 0x0000000701600000| Untracked 
|  15|0x0000000701700000, 0x0000000701700000, 0x0000000701800000|  0%| F|  |TAMS 0x0000000701700000, 0x0000000701700000| Untracked 
|  16|0x0000000701800000, 0x0000000701800000, 0x0000000701900000|  0%| F|  |TAMS 0x0000000701800000, 0x0000000701800000| Untracked 
|  17|0x0000000701900000, 0x0000000701900000, 0x0000000701a00000|  0%| F|  |TAMS 0x0000000701900000, 0x0000000701900000| Untracked 
|  18|0x0000000701a00000, 0x0000000701a00000, 0x0000000701b00000|  0%| F|  |TAMS 0x0000000701a00000, 0x0000000701a00000| Untracked 
|  19|0x0000000701b00000, 0x0000000701b00000, 0x0000000701c00000|  0%| F|  |TAMS 0x0000000701b00000, 0x0000000701b00000| Untracked 
|  20|0x0000000701c00000, 0x0000000701c00000, 0x0000000701d00000|  0%| F|  |TAMS 0x0000000701c00000, 0x0000000701c00000| Untracked 
|  21|0x0000000701d00000, 0x0000000701d00000, 0x0000000701e00000|  0%| F|  |TAMS 0x0000000701d00000, 0x0000000701d00000| Untracked 
|  22|0x0000000701e00000, 0x0000000701e00000, 0x0000000701f00000|  0%| F|  |TAMS 0x0000000701e00000, 0x0000000701e00000| Untracked 
|  23|0x0000000701f00000, 0x0000000701f00000, 0x0000000702000000|  0%| F|  |TAMS 0x0000000701f00000, 0x0000000701f00000| Untracked 
|  24|0x0000000702000000, 0x0000000702000000, 0x0000000702100000|  0%| F|  |TAMS 0x0000000702000000, 0x0000000702000000| Untracked 
|  25|0x0000000702100000, 0x0000000702100000, 0x0000000702200000|  0%| F|  |TAMS 0x0000000702100000, 0x0000000702100000| Untracked 
|  26|0x0000000702200000, 0x0000000702200000, 0x0000000702300000|  0%| F|  |TAMS 0x0000000702200000, 0x0000000702200000| Untracked 
|  27|0x0000000702300000, 0x0000000702300000, 0x0000000702400000|  0%| F|  |TAMS 0x0000000702300000, 0x0000000702300000| Untracked 
|  28|0x0000000702400000, 0x0000000702400000, 0x0000000702500000|  0%| F|  |TAMS 0x0000000702400000, 0x0000000702400000| Untracked 
|  29|0x0000000702500000, 0x0000000702500000, 0x0000000702600000|  0%| F|  |TAMS 0x0000000702500000, 0x0000000702500000| Untracked 
|  30|0x0000000702600000, 0x0000000702600000, 0x0000000702700000|  0%| F|  |TAMS 0x0000000702600000, 0x0000000702600000| Untracked 
|  31|0x0000000702700000, 0x0000000702700000, 0x0000000702800000|  0%| F|  |TAMS 0x0000000702700000, 0x0000000702700000| Untracked 
|  32|0x0000000702800000, 0x0000000702800000, 0x0000000702900000|  0%| F|  |TAMS 0x0000000702800000, 0x0000000702800000| Untracked 
|  33|0x0000000702900000, 0x0000000702900000, 0x0000000702a00000|  0%| F|  |TAMS 0x0000000702900000, 0x0000000702900000| Untracked 
|  34|0x0000000702a00000, 0x0000000702a00000, 0x0000000702b00000|  0%| F|  |TAMS 0x0000000702a00000, 0x0000000702a00000| Untracked 
|  35|0x0000000702b00000, 0x0000000702b00000, 0x0000000702c00000|  0%| F|  |TAMS 0x0000000702b00000, 0x0000000702b00000| Untracked 
|  36|0x0000000702c00000, 0x0000000702c00000, 0x0000000702d00000|  0%| F|  |TAMS 0x0000000702c00000, 0x0000000702c00000| Untracked 
|  37|0x0000000702d00000, 0x0000000702d00000, 0x0000000702e00000|  0%| F|  |TAMS 0x0000000702d00000, 0x0000000702d00000| Untracked 
|  38|0x0000000702e00000, 0x0000000702e00000, 0x0000000702f00000|  0%| F|  |TAMS 0x0000000702e00000, 0x0000000702e00000| Untracked 
|  39|0x0000000702f00000, 0x0000000702f00000, 0x0000000703000000|  0%| F|  |TAMS 0x0000000702f00000, 0x0000000702f00000| Untracked 
|  40|0x0000000703000000, 0x0000000703000000, 0x0000000703100000|  0%| F|  |TAMS 0x0000000703000000, 0x0000000703000000| Untracked 
|  41|0x0000000703100000, 0x0000000703100000, 0x0000000703200000|  0%| F|  |TAMS 0x0000000703100000, 0x0000000703100000| Untracked 
|  42|0x0000000703200000, 0x0000000703200000, 0x0000000703300000|  0%| F|  |TAMS 0x0000000703200000, 0x0000000703200000| Untracked 
|  43|0x0000000703300000, 0x0000000703300000, 0x0000000703400000|  0%| F|  |TAMS 0x0000000703300000, 0x0000000703300000| Untracked 
|  44|0x0000000703400000, 0x0000000703400000, 0x0000000703500000|  0%| F|  |TAMS 0x0000000703400000, 0x0000000703400000| Untracked 
|  45|0x0000000703500000, 0x0000000703500000, 0x0000000703600000|  0%| F|  |TAMS 0x0000000703500000, 0x0000000703500000| Untracked 
|  46|0x0000000703600000, 0x0000000703600000, 0x0000000703700000|  0%| F|  |TAMS 0x0000000703600000, 0x0000000703600000| Untracked 
|  47|0x0000000703700000, 0x0000000703700000, 0x0000000703800000|  0%| F|  |TAMS 0x0000000703700000, 0x0000000703700000| Untracked 
|  48|0x0000000703800000, 0x0000000703800000, 0x0000000703900000|  0%| F|  |TAMS 0x0000000703800000, 0x0000000703800000| Untracked 
|  49|0x0000000703900000, 0x0000000703900000, 0x0000000703a00000|  0%| F|  |TAMS 0x0000000703900000, 0x0000000703900000| Untracked 
|  50|0x0000000703a00000, 0x0000000703a00000, 0x0000000703b00000|  0%| F|  |TAMS 0x0000000703a00000, 0x0000000703a00000| Untracked 
|  51|0x0000000703b00000, 0x0000000703b00000, 0x0000000703c00000|  0%| F|  |TAMS 0x0000000703b00000, 0x0000000703b00000| Untracked 
|  52|0x0000000703c00000, 0x0000000703c00000, 0x0000000703d00000|  0%| F|  |TAMS 0x0000000703c00000, 0x0000000703c00000| Untracked 
|  53|0x0000000703d00000, 0x0000000703d00000, 0x0000000703e00000|  0%| F|  |TAMS 0x0000000703d00000, 0x0000000703d00000| Untracked 
|  54|0x0000000703e00000, 0x0000000703e00000, 0x0000000703f00000|  0%| F|  |TAMS 0x0000000703e00000, 0x0000000703e00000| Untracked 
|  55|0x0000000703f00000, 0x0000000703f00000, 0x0000000704000000|  0%| F|  |TAMS 0x0000000703f00000, 0x0000000703f00000| Untracked 
|  56|0x0000000704000000, 0x0000000704000000, 0x0000000704100000|  0%| F|  |TAMS 0x0000000704000000, 0x0000000704000000| Untracked 
|  57|0x0000000704100000, 0x0000000704100000, 0x0000000704200000|  0%| F|  |TAMS 0x0000000704100000, 0x0000000704100000| Untracked 
|  58|0x0000000704200000, 0x0000000704200000, 0x0000000704300000|  0%| F|  |TAMS 0x0000000704200000, 0x0000000704200000| Untracked 
|  59|0x0000000704300000, 0x0000000704300000, 0x0000000704400000|  0%| F|  |TAMS 0x0000000704300000, 0x0000000704300000| Untracked 
|  60|0x0000000704400000, 0x0000000704400000, 0x0000000704500000|  0%| F|  |TAMS 0x0000000704400000, 0x0000000704400000| Untracked 
|  61|0x0000000704500000, 0x0000000704500000, 0x0000000704600000|  0%| F|  |TAMS 0x0000000704500000, 0x0000000704500000| Untracked 
|  62|0x0000000704600000, 0x0000000704600000, 0x0000000704700000|  0%| F|  |TAMS 0x0000000704600000, 0x0000000704600000| Untracked 
|  63|0x0000000704700000, 0x0000000704700000, 0x0000000704800000|  0%| F|  |TAMS 0x0000000704700000, 0x0000000704700000| Untracked 
|  64|0x0000000704800000, 0x0000000704800000, 0x0000000704900000|  0%| F|  |TAMS 0x0000000704800000, 0x0000000704800000| Untracked 
|  65|0x0000000704900000, 0x0000000704900000, 0x0000000704a00000|  0%| F|  |TAMS 0x0000000704900000, 0x0000000704900000| Untracked 
|  66|0x0000000704a00000, 0x0000000704a00000, 0x0000000704b00000|  0%| F|  |TAMS 0x0000000704a00000, 0x0000000704a00000| Untracked 
|  67|0x0000000704b00000, 0x0000000704b00000, 0x0000000704c00000|  0%| F|  |TAMS 0x0000000704b00000, 0x0000000704b00000| Untracked 
|  68|0x0000000704c00000, 0x0000000704c00000, 0x0000000704d00000|  0%| F|  |TAMS 0x0000000704c00000, 0x0000000704c00000| Untracked 
|  69|0x0000000704d00000, 0x0000000704d00000, 0x0000000704e00000|  0%| F|  |TAMS 0x0000000704d00000, 0x0000000704d00000| Untracked 
|  70|0x0000000704e00000, 0x0000000704e00000, 0x0000000704f00000|  0%| F|  |TAMS 0x0000000704e00000, 0x0000000704e00000| Untracked 
|  71|0x0000000704f00000, 0x0000000704f00000, 0x0000000705000000|  0%| F|  |TAMS 0x0000000704f00000, 0x0000000704f00000| Untracked 
|  72|0x0000000705000000, 0x0000000705000000, 0x0000000705100000|  0%| F|  |TAMS 0x0000000705000000, 0x0000000705000000| Untracked 
|  73|0x0000000705100000, 0x0000000705100000, 0x0000000705200000|  0%| F|  |TAMS 0x0000000705100000, 0x0000000705100000| Untracked 
|  74|0x0000000705200000, 0x0000000705200000, 0x0000000705300000|  0%| F|  |TAMS 0x0000000705200000, 0x0000000705200000| Untracked 
|  75|0x0000000705300000, 0x0000000705300000, 0x0000000705400000|  0%| F|  |TAMS 0x0000000705300000, 0x0000000705300000| Untracked 
|  76|0x0000000705400000, 0x0000000705400000, 0x0000000705500000|  0%| F|  |TAMS 0x0000000705400000, 0x0000000705400000| Untracked 
|  77|0x0000000705500000, 0x0000000705500000, 0x0000000705600000|  0%| F|  |TAMS 0x0000000705500000, 0x0000000705500000| Untracked 
|  78|0x0000000705600000, 0x0000000705600000, 0x0000000705700000|  0%| F|  |TAMS 0x0000000705600000, 0x0000000705600000| Untracked 
|  79|0x0000000705700000, 0x0000000705700000, 0x0000000705800000|  0%| F|  |TAMS 0x0000000705700000, 0x0000000705700000| Untracked 
|  80|0x0000000705800000, 0x0000000705800000, 0x0000000705900000|  0%| F|  |TAMS 0x0000000705800000, 0x0000000705800000| Untracked 
|  81|0x0000000705900000, 0x0000000705900000, 0x0000000705a00000|  0%| F|  |TAMS 0x0000000705900000, 0x0000000705900000| Untracked 
|  82|0x0000000705a00000, 0x0000000705a00000, 0x0000000705b00000|  0%| F|  |TAMS 0x0000000705a00000, 0x0000000705a00000| Untracked 
|  83|0x0000000705b00000, 0x0000000705b00000, 0x0000000705c00000|  0%| F|  |TAMS 0x0000000705b00000, 0x0000000705b00000| Untracked 
|  84|0x0000000705c00000, 0x0000000705c00000, 0x0000000705d00000|  0%| F|  |TAMS 0x0000000705c00000, 0x0000000705c00000| Untracked 
|  85|0x0000000705d00000, 0x0000000705d00000, 0x0000000705e00000|  0%| F|  |TAMS 0x0000000705d00000, 0x0000000705d00000| Untracked 
|  86|0x0000000705e00000, 0x0000000705e00000, 0x0000000705f00000|  0%| F|  |TAMS 0x0000000705e00000, 0x0000000705e00000| Untracked 
|  87|0x0000000705f00000, 0x0000000705f00000, 0x0000000706000000|  0%| F|  |TAMS 0x0000000705f00000, 0x0000000705f00000| Untracked 
|  88|0x0000000706000000, 0x0000000706000000, 0x0000000706100000|  0%| F|  |TAMS 0x0000000706000000, 0x0000000706000000| Untracked 
|  89|0x0000000706100000, 0x0000000706100000, 0x0000000706200000|  0%| F|  |TAMS 0x0000000706100000, 0x0000000706100000| Untracked 
|  90|0x0000000706200000, 0x0000000706200000, 0x0000000706300000|  0%| F|  |TAMS 0x0000000706200000, 0x0000000706200000| Untracked 
|  91|0x0000000706300000, 0x0000000706300000, 0x0000000706400000|  0%| F|  |TAMS 0x0000000706300000, 0x0000000706300000| Untracked 
|  92|0x0000000706400000, 0x0000000706400000, 0x0000000706500000|  0%| F|  |TAMS 0x0000000706400000, 0x0000000706400000| Untracked 
|  93|0x0000000706500000, 0x0000000706500000, 0x0000000706600000|  0%| F|  |TAMS 0x0000000706500000, 0x0000000706500000| Untracked 
|  94|0x0000000706600000, 0x0000000706600000, 0x0000000706700000|  0%| F|  |TAMS 0x0000000706600000, 0x0000000706600000| Untracked 
|  95|0x0000000706700000, 0x0000000706700000, 0x0000000706800000|  0%| F|  |TAMS 0x0000000706700000, 0x0000000706700000| Untracked 
|  96|0x0000000706800000, 0x0000000706800000, 0x0000000706900000|  0%| F|  |TAMS 0x0000000706800000, 0x0000000706800000| Untracked 
|  97|0x0000000706900000, 0x0000000706900000, 0x0000000706a00000|  0%| F|  |TAMS 0x0000000706900000, 0x0000000706900000| Untracked 
|  98|0x0000000706a00000, 0x0000000706a00000, 0x0000000706b00000|  0%| F|  |TAMS 0x0000000706a00000, 0x0000000706a00000| Untracked 
|  99|0x0000000706b00000, 0x0000000706b00000, 0x0000000706c00000|  0%| F|  |TAMS 0x0000000706b00000, 0x0000000706b00000| Untracked 
| 100|0x0000000706c00000, 0x0000000706c00000, 0x0000000706d00000|  0%| F|  |TAMS 0x0000000706c00000, 0x0000000706c00000| Untracked 
| 101|0x0000000706d00000, 0x0000000706d00000, 0x0000000706e00000|  0%| F|  |TAMS 0x0000000706d00000, 0x0000000706d00000| Untracked 
| 102|0x0000000706e00000, 0x0000000706e00000, 0x0000000706f00000|  0%| F|  |TAMS 0x0000000706e00000, 0x0000000706e00000| Untracked 
| 103|0x0000000706f00000, 0x0000000706f00000, 0x0000000707000000|  0%| F|  |TAMS 0x0000000706f00000, 0x0000000706f00000| Untracked 
| 104|0x0000000707000000, 0x0000000707000000, 0x0000000707100000|  0%| F|  |TAMS 0x0000000707000000, 0x0000000707000000| Untracked 
| 105|0x0000000707100000, 0x0000000707100000, 0x0000000707200000|  0%| F|  |TAMS 0x0000000707100000, 0x0000000707100000| Untracked 
| 106|0x0000000707200000, 0x0000000707200000, 0x0000000707300000|  0%| F|  |TAMS 0x0000000707200000, 0x0000000707200000| Untracked 
| 107|0x0000000707300000, 0x0000000707300000, 0x0000000707400000|  0%| F|  |TAMS 0x0000000707300000, 0x0000000707300000| Untracked 
| 108|0x0000000707400000, 0x0000000707400000, 0x0000000707500000|  0%| F|  |TAMS 0x0000000707400000, 0x0000000707400000| Untracked 
| 109|0x0000000707500000, 0x0000000707500000, 0x0000000707600000|  0%| F|  |TAMS 0x0000000707500000, 0x0000000707500000| Untracked 
| 110|0x0000000707600000, 0x0000000707600000, 0x0000000707700000|  0%| F|  |TAMS 0x0000000707600000, 0x0000000707600000| Untracked 
| 111|0x0000000707700000, 0x0000000707700000, 0x0000000707800000|  0%| F|  |TAMS 0x0000000707700000, 0x0000000707700000| Untracked 
| 112|0x0000000707800000, 0x0000000707800000, 0x0000000707900000|  0%| F|  |TAMS 0x0000000707800000, 0x0000000707800000| Untracked 
| 113|0x0000000707900000, 0x0000000707900000, 0x0000000707a00000|  0%| F|  |TAMS 0x0000000707900000, 0x0000000707900000| Untracked 
| 114|0x0000000707a00000, 0x0000000707a00000, 0x0000000707b00000|  0%| F|  |TAMS 0x0000000707a00000, 0x0000000707a00000| Untracked 
| 115|0x0000000707b00000, 0x0000000707b00000, 0x0000000707c00000|  0%| F|  |TAMS 0x0000000707b00000, 0x0000000707b00000| Untracked 
| 116|0x0000000707c00000, 0x0000000707c00000, 0x0000000707d00000|  0%| F|  |TAMS 0x0000000707c00000, 0x0000000707c00000| Untracked 
| 117|0x0000000707d00000, 0x0000000707d00000, 0x0000000707e00000|  0%| F|  |TAMS 0x0000000707d00000, 0x0000000707d00000| Untracked 
| 118|0x0000000707e00000, 0x0000000707e00000, 0x0000000707f00000|  0%| F|  |TAMS 0x0000000707e00000, 0x0000000707e00000| Untracked 
| 119|0x0000000707f00000, 0x0000000707f00000, 0x0000000708000000|  0%| F|  |TAMS 0x0000000707f00000, 0x0000000707f00000| Untracked 
| 120|0x0000000708000000, 0x0000000708000000, 0x0000000708100000|  0%| F|  |TAMS 0x0000000708000000, 0x0000000708000000| Untracked 
| 121|0x0000000708100000, 0x0000000708100000, 0x0000000708200000|  0%| F|  |TAMS 0x0000000708100000, 0x0000000708100000| Untracked 
| 122|0x0000000708200000, 0x0000000708200000, 0x0000000708300000|  0%| F|  |TAMS 0x0000000708200000, 0x0000000708200000| Untracked 
| 123|0x0000000708300000, 0x0000000708300000, 0x0000000708400000|  0%| F|  |TAMS 0x0000000708300000, 0x0000000708300000| Untracked 
| 124|0x0000000708400000, 0x0000000708400000, 0x0000000708500000|  0%| F|  |TAMS 0x0000000708400000, 0x0000000708400000| Untracked 
| 125|0x0000000708500000, 0x0000000708500000, 0x0000000708600000|  0%| F|  |TAMS 0x0000000708500000, 0x0000000708500000| Untracked 
| 126|0x0000000708600000, 0x0000000708600000, 0x0000000708700000|  0%| F|  |TAMS 0x0000000708600000, 0x0000000708600000| Untracked 
| 127|0x0000000708700000, 0x0000000708700000, 0x0000000708800000|  0%| F|  |TAMS 0x0000000708700000, 0x0000000708700000| Untracked 
| 128|0x0000000708800000, 0x0000000708800000, 0x0000000708900000|  0%| F|  |TAMS 0x0000000708800000, 0x0000000708800000| Untracked 
| 129|0x0000000708900000, 0x0000000708900000, 0x0000000708a00000|  0%| F|  |TAMS 0x0000000708900000, 0x0000000708900000| Untracked 
| 130|0x0000000708a00000, 0x0000000708a00000, 0x0000000708b00000|  0%| F|  |TAMS 0x0000000708a00000, 0x0000000708a00000| Untracked 
| 131|0x0000000708b00000, 0x0000000708b00000, 0x0000000708c00000|  0%| F|  |TAMS 0x0000000708b00000, 0x0000000708b00000| Untracked 
| 132|0x0000000708c00000, 0x0000000708c00000, 0x0000000708d00000|  0%| F|  |TAMS 0x0000000708c00000, 0x0000000708c00000| Untracked 
| 133|0x0000000708d00000, 0x0000000708d00000, 0x0000000708e00000|  0%| F|  |TAMS 0x0000000708d00000, 0x0000000708d00000| Untracked 
| 134|0x0000000708e00000, 0x0000000708e00000, 0x0000000708f00000|  0%| F|  |TAMS 0x0000000708e00000, 0x0000000708e00000| Untracked 
| 135|0x0000000708f00000, 0x0000000708f00000, 0x0000000709000000|  0%| F|  |TAMS 0x0000000708f00000, 0x0000000708f00000| Untracked 
| 136|0x0000000709000000, 0x0000000709000000, 0x0000000709100000|  0%| F|  |TAMS 0x0000000709000000, 0x0000000709000000| Untracked 
| 137|0x0000000709100000, 0x0000000709100000, 0x0000000709200000|  0%| F|  |TAMS 0x0000000709100000, 0x0000000709100000| Untracked 
| 138|0x0000000709200000, 0x0000000709200000, 0x0000000709300000|  0%| F|  |TAMS 0x0000000709200000, 0x0000000709200000| Untracked 
| 139|0x0000000709300000, 0x0000000709300000, 0x0000000709400000|  0%| F|  |TAMS 0x0000000709300000, 0x0000000709300000| Untracked 
| 140|0x0000000709400000, 0x0000000709400000, 0x0000000709500000|  0%| F|  |TAMS 0x0000000709400000, 0x0000000709400000| Untracked 
| 141|0x0000000709500000, 0x0000000709500000, 0x0000000709600000|  0%| F|  |TAMS 0x0000000709500000, 0x0000000709500000| Untracked 
| 142|0x0000000709600000, 0x0000000709600000, 0x0000000709700000|  0%| F|  |TAMS 0x0000000709600000, 0x0000000709600000| Untracked 
| 143|0x0000000709700000, 0x0000000709700000, 0x0000000709800000|  0%| F|  |TAMS 0x0000000709700000, 0x0000000709700000| Untracked 
| 144|0x0000000709800000, 0x0000000709800000, 0x0000000709900000|  0%| F|  |TAMS 0x0000000709800000, 0x0000000709800000| Untracked 
| 145|0x0000000709900000, 0x0000000709900000, 0x0000000709a00000|  0%| F|  |TAMS 0x0000000709900000, 0x0000000709900000| Untracked 
| 146|0x0000000709a00000, 0x0000000709a00000, 0x0000000709b00000|  0%| F|  |TAMS 0x0000000709a00000, 0x0000000709a00000| Untracked 
| 147|0x0000000709b00000, 0x0000000709b00000, 0x0000000709c00000|  0%| F|  |TAMS 0x0000000709b00000, 0x0000000709b00000| Untracked 
| 148|0x0000000709c00000, 0x0000000709c00000, 0x0000000709d00000|  0%| F|  |TAMS 0x0000000709c00000, 0x0000000709c00000| Untracked 
| 149|0x0000000709d00000, 0x0000000709d00000, 0x0000000709e00000|  0%| F|  |TAMS 0x0000000709d00000, 0x0000000709d00000| Untracked 
| 150|0x0000000709e00000, 0x0000000709e00000, 0x0000000709f00000|  0%| F|  |TAMS 0x0000000709e00000, 0x0000000709e00000| Untracked 
| 151|0x0000000709f00000, 0x0000000709f00000, 0x000000070a000000|  0%| F|  |TAMS 0x0000000709f00000, 0x0000000709f00000| Untracked 
| 152|0x000000070a000000, 0x000000070a000000, 0x000000070a100000|  0%| F|  |TAMS 0x000000070a000000, 0x000000070a000000| Untracked 
| 153|0x000000070a100000, 0x000000070a100000, 0x000000070a200000|  0%| F|  |TAMS 0x000000070a100000, 0x000000070a100000| Untracked 
| 154|0x000000070a200000, 0x000000070a200000, 0x000000070a300000|  0%| F|  |TAMS 0x000000070a200000, 0x000000070a200000| Untracked 
| 155|0x000000070a300000, 0x000000070a300000, 0x000000070a400000|  0%| F|  |TAMS 0x000000070a300000, 0x000000070a300000| Untracked 
| 156|0x000000070a400000, 0x000000070a400000, 0x000000070a500000|  0%| F|  |TAMS 0x000000070a400000, 0x000000070a400000| Untracked 
| 157|0x000000070a500000, 0x000000070a500000, 0x000000070a600000|  0%| F|  |TAMS 0x000000070a500000, 0x000000070a500000| Untracked 
| 158|0x000000070a600000, 0x000000070a600000, 0x000000070a700000|  0%| F|  |TAMS 0x000000070a600000, 0x000000070a600000| Untracked 
| 159|0x000000070a700000, 0x000000070a700000, 0x000000070a800000|  0%| F|  |TAMS 0x000000070a700000, 0x000000070a700000| Untracked 
| 160|0x000000070a800000, 0x000000070a800000, 0x000000070a900000|  0%| F|  |TAMS 0x000000070a800000, 0x000000070a800000| Untracked 
| 161|0x000000070a900000, 0x000000070a900000, 0x000000070aa00000|  0%| F|  |TAMS 0x000000070a900000, 0x000000070a900000| Untracked 
| 162|0x000000070aa00000, 0x000000070aa00000, 0x000000070ab00000|  0%| F|  |TAMS 0x000000070aa00000, 0x000000070aa00000| Untracked 
| 163|0x000000070ab00000, 0x000000070ab00000, 0x000000070ac00000|  0%| F|  |TAMS 0x000000070ab00000, 0x000000070ab00000| Untracked 
| 164|0x000000070ac00000, 0x000000070ac00000, 0x000000070ad00000|  0%| F|  |TAMS 0x000000070ac00000, 0x000000070ac00000| Untracked 
| 165|0x000000070ad00000, 0x000000070ad00000, 0x000000070ae00000|  0%| F|  |TAMS 0x000000070ad00000, 0x000000070ad00000| Untracked 
| 166|0x000000070ae00000, 0x000000070ae00000, 0x000000070af00000|  0%| F|  |TAMS 0x000000070ae00000, 0x000000070ae00000| Untracked 
| 167|0x000000070af00000, 0x000000070af00000, 0x000000070b000000|  0%| F|  |TAMS 0x000000070af00000, 0x000000070af00000| Untracked 
| 168|0x000000070b000000, 0x000000070b000000, 0x000000070b100000|  0%| F|  |TAMS 0x000000070b000000, 0x000000070b000000| Untracked 
| 169|0x000000070b100000, 0x000000070b100000, 0x000000070b200000|  0%| F|  |TAMS 0x000000070b100000, 0x000000070b100000| Untracked 
| 170|0x000000070b200000, 0x000000070b200000, 0x000000070b300000|  0%| F|  |TAMS 0x000000070b200000, 0x000000070b200000| Untracked 
| 171|0x000000070b300000, 0x000000070b300000, 0x000000070b400000|  0%| F|  |TAMS 0x000000070b300000, 0x000000070b300000| Untracked 
| 172|0x000000070b400000, 0x000000070b400000, 0x000000070b500000|  0%| F|  |TAMS 0x000000070b400000, 0x000000070b400000| Untracked 
| 173|0x000000070b500000, 0x000000070b500000, 0x000000070b600000|  0%| F|  |TAMS 0x000000070b500000, 0x000000070b500000| Untracked 
| 174|0x000000070b600000, 0x000000070b600000, 0x000000070b700000|  0%| F|  |TAMS 0x000000070b600000, 0x000000070b600000| Untracked 
| 175|0x000000070b700000, 0x000000070b700000, 0x000000070b800000|  0%| F|  |TAMS 0x000000070b700000, 0x000000070b700000| Untracked 
| 176|0x000000070b800000, 0x000000070b800000, 0x000000070b900000|  0%| F|  |TAMS 0x000000070b800000, 0x000000070b800000| Untracked 
| 177|0x000000070b900000, 0x000000070b900000, 0x000000070ba00000|  0%| F|  |TAMS 0x000000070b900000, 0x000000070b900000| Untracked 
| 178|0x000000070ba00000, 0x000000070ba00000, 0x000000070bb00000|  0%| F|  |TAMS 0x000000070ba00000, 0x000000070ba00000| Untracked 
| 179|0x000000070bb00000, 0x000000070bb00000, 0x000000070bc00000|  0%| F|  |TAMS 0x000000070bb00000, 0x000000070bb00000| Untracked 
| 180|0x000000070bc00000, 0x000000070bc00000, 0x000000070bd00000|  0%| F|  |TAMS 0x000000070bc00000, 0x000000070bc00000| Untracked 
| 181|0x000000070bd00000, 0x000000070bd00000, 0x000000070be00000|  0%| F|  |TAMS 0x000000070bd00000, 0x000000070bd00000| Untracked 
| 182|0x000000070be00000, 0x000000070be00000, 0x000000070bf00000|  0%| F|  |TAMS 0x000000070be00000, 0x000000070be00000| Untracked 
| 183|0x000000070bf00000, 0x000000070bf00000, 0x000000070c000000|  0%| F|  |TAMS 0x000000070bf00000, 0x000000070bf00000| Untracked 
| 184|0x000000070c000000, 0x000000070c000000, 0x000000070c100000|  0%| F|  |TAMS 0x000000070c000000, 0x000000070c000000| Untracked 
| 185|0x000000070c100000, 0x000000070c100000, 0x000000070c200000|  0%| F|  |TAMS 0x000000070c100000, 0x000000070c100000| Untracked 
| 186|0x000000070c200000, 0x000000070c200000, 0x000000070c300000|  0%| F|  |TAMS 0x000000070c200000, 0x000000070c200000| Untracked 
| 187|0x000000070c300000, 0x000000070c300000, 0x000000070c400000|  0%| F|  |TAMS 0x000000070c300000, 0x000000070c300000| Untracked 
| 188|0x000000070c400000, 0x000000070c400000, 0x000000070c500000|  0%| F|  |TAMS 0x000000070c400000, 0x000000070c400000| Untracked 
| 189|0x000000070c500000, 0x000000070c500000, 0x000000070c600000|  0%| F|  |TAMS 0x000000070c500000, 0x000000070c500000| Untracked 
| 190|0x000000070c600000, 0x000000070c600000, 0x000000070c700000|  0%| F|  |TAMS 0x000000070c600000, 0x000000070c600000| Untracked 
| 191|0x000000070c700000, 0x000000070c700000, 0x000000070c800000|  0%| F|  |TAMS 0x000000070c700000, 0x000000070c700000| Untracked 
| 192|0x000000070c800000, 0x000000070c800000, 0x000000070c900000|  0%| F|  |TAMS 0x000000070c800000, 0x000000070c800000| Untracked 
| 193|0x000000070c900000, 0x000000070c900000, 0x000000070ca00000|  0%| F|  |TAMS 0x000000070c900000, 0x000000070c900000| Untracked 
| 194|0x000000070ca00000, 0x000000070ca00000, 0x000000070cb00000|  0%| F|  |TAMS 0x000000070ca00000, 0x000000070ca00000| Untracked 
| 195|0x000000070cb00000, 0x000000070cb00000, 0x000000070cc00000|  0%| F|  |TAMS 0x000000070cb00000, 0x000000070cb00000| Untracked 
| 196|0x000000070cc00000, 0x000000070cc00000, 0x000000070cd00000|  0%| F|  |TAMS 0x000000070cc00000, 0x000000070cc00000| Untracked 
| 197|0x000000070cd00000, 0x000000070cd00000, 0x000000070ce00000|  0%| F|  |TAMS 0x000000070cd00000, 0x000000070cd00000| Untracked 
| 198|0x000000070ce00000, 0x000000070ce00000, 0x000000070cf00000|  0%| F|  |TAMS 0x000000070ce00000, 0x000000070ce00000| Untracked 
| 199|0x000000070cf00000, 0x000000070cf00000, 0x000000070d000000|  0%| F|  |TAMS 0x000000070cf00000, 0x000000070cf00000| Untracked 
| 200|0x000000070d000000, 0x000000070d000000, 0x000000070d100000|  0%| F|  |TAMS 0x000000070d000000, 0x000000070d000000| Untracked 
| 201|0x000000070d100000, 0x000000070d100000, 0x000000070d200000|  0%| F|  |TAMS 0x000000070d100000, 0x000000070d100000| Untracked 
| 202|0x000000070d200000, 0x000000070d200000, 0x000000070d300000|  0%| F|  |TAMS 0x000000070d200000, 0x000000070d200000| Untracked 
| 203|0x000000070d300000, 0x000000070d300000, 0x000000070d400000|  0%| F|  |TAMS 0x000000070d300000, 0x000000070d300000| Untracked 
| 204|0x000000070d400000, 0x000000070d400000, 0x000000070d500000|  0%| F|  |TAMS 0x000000070d400000, 0x000000070d400000| Untracked 
| 205|0x000000070d500000, 0x000000070d500000, 0x000000070d600000|  0%| F|  |TAMS 0x000000070d500000, 0x000000070d500000| Untracked 
| 206|0x000000070d600000, 0x000000070d600000, 0x000000070d700000|  0%| F|  |TAMS 0x000000070d600000, 0x000000070d600000| Untracked 
| 207|0x000000070d700000, 0x000000070d700000, 0x000000070d800000|  0%| F|  |TAMS 0x000000070d700000, 0x000000070d700000| Untracked 
| 208|0x000000070d800000, 0x000000070d800000, 0x000000070d900000|  0%| F|  |TAMS 0x000000070d800000, 0x000000070d800000| Untracked 
| 209|0x000000070d900000, 0x000000070d900000, 0x000000070da00000|  0%| F|  |TAMS 0x000000070d900000, 0x000000070d900000| Untracked 
| 210|0x000000070da00000, 0x000000070da00000, 0x000000070db00000|  0%| F|  |TAMS 0x000000070da00000, 0x000000070da00000| Untracked 
| 211|0x000000070db00000, 0x000000070db00000, 0x000000070dc00000|  0%| F|  |TAMS 0x000000070db00000, 0x000000070db00000| Untracked 
| 212|0x000000070dc00000, 0x000000070dc00000, 0x000000070dd00000|  0%| F|  |TAMS 0x000000070dc00000, 0x000000070dc00000| Untracked 
| 213|0x000000070dd00000, 0x000000070dd00000, 0x000000070de00000|  0%| F|  |TAMS 0x000000070dd00000, 0x000000070dd00000| Untracked 
| 214|0x000000070de00000, 0x000000070de00000, 0x000000070df00000|  0%| F|  |TAMS 0x000000070de00000, 0x000000070de00000| Untracked 
| 215|0x000000070df00000, 0x000000070df00000, 0x000000070e000000|  0%| F|  |TAMS 0x000000070df00000, 0x000000070df00000| Untracked 
| 216|0x000000070e000000, 0x000000070e000000, 0x000000070e100000|  0%| F|  |TAMS 0x000000070e000000, 0x000000070e000000| Untracked 
| 217|0x000000070e100000, 0x000000070e100000, 0x000000070e200000|  0%| F|  |TAMS 0x000000070e100000, 0x000000070e100000| Untracked 
| 218|0x000000070e200000, 0x000000070e200000, 0x000000070e300000|  0%| F|  |TAMS 0x000000070e200000, 0x000000070e200000| Untracked 
| 219|0x000000070e300000, 0x000000070e300000, 0x000000070e400000|  0%| F|  |TAMS 0x000000070e300000, 0x000000070e300000| Untracked 
| 220|0x000000070e400000, 0x000000070e400000, 0x000000070e500000|  0%| F|  |TAMS 0x000000070e400000, 0x000000070e400000| Untracked 
| 221|0x000000070e500000, 0x000000070e500000, 0x000000070e600000|  0%| F|  |TAMS 0x000000070e500000, 0x000000070e500000| Untracked 
| 222|0x000000070e600000, 0x000000070e600000, 0x000000070e700000|  0%| F|  |TAMS 0x000000070e600000, 0x000000070e600000| Untracked 
| 223|0x000000070e700000, 0x000000070e700000, 0x000000070e800000|  0%| F|  |TAMS 0x000000070e700000, 0x000000070e700000| Untracked 
| 224|0x000000070e800000, 0x000000070e800000, 0x000000070e900000|  0%| F|  |TAMS 0x000000070e800000, 0x000000070e800000| Untracked 
| 225|0x000000070e900000, 0x000000070e900000, 0x000000070ea00000|  0%| F|  |TAMS 0x000000070e900000, 0x000000070e900000| Untracked 
| 226|0x000000070ea00000, 0x000000070ea00000, 0x000000070eb00000|  0%| F|  |TAMS 0x000000070ea00000, 0x000000070ea00000| Untracked 
| 227|0x000000070eb00000, 0x000000070eb00000, 0x000000070ec00000|  0%| F|  |TAMS 0x000000070eb00000, 0x000000070eb00000| Untracked 
| 228|0x000000070ec00000, 0x000000070ec00000, 0x000000070ed00000|  0%| F|  |TAMS 0x000000070ec00000, 0x000000070ec00000| Untracked 
| 229|0x000000070ed00000, 0x000000070ed00000, 0x000000070ee00000|  0%| F|  |TAMS 0x000000070ed00000, 0x000000070ed00000| Untracked 
| 230|0x000000070ee00000, 0x000000070ee00000, 0x000000070ef00000|  0%| F|  |TAMS 0x000000070ee00000, 0x000000070ee00000| Untracked 
| 231|0x000000070ef00000, 0x000000070ef00000, 0x000000070f000000|  0%| F|  |TAMS 0x000000070ef00000, 0x000000070ef00000| Untracked 
| 232|0x000000070f000000, 0x000000070f000000, 0x000000070f100000|  0%| F|  |TAMS 0x000000070f000000, 0x000000070f000000| Untracked 
| 233|0x000000070f100000, 0x000000070f100000, 0x000000070f200000|  0%| F|  |TAMS 0x000000070f100000, 0x000000070f100000| Untracked 
| 234|0x000000070f200000, 0x000000070f200000, 0x000000070f300000|  0%| F|  |TAMS 0x000000070f200000, 0x000000070f200000| Untracked 
| 235|0x000000070f300000, 0x000000070f300000, 0x000000070f400000|  0%| F|  |TAMS 0x000000070f300000, 0x000000070f300000| Untracked 
| 236|0x000000070f400000, 0x000000070f400000, 0x000000070f500000|  0%| F|  |TAMS 0x000000070f400000, 0x000000070f400000| Untracked 
| 237|0x000000070f500000, 0x000000070f500000, 0x000000070f600000|  0%| F|  |TAMS 0x000000070f500000, 0x000000070f500000| Untracked 
| 238|0x000000070f600000, 0x000000070f600000, 0x000000070f700000|  0%| F|  |TAMS 0x000000070f600000, 0x000000070f600000| Untracked 
| 239|0x000000070f700000, 0x000000070f76c098, 0x000000070f800000| 42%| E|  |TAMS 0x000000070f700000, 0x000000070f700000| Complete 
| 240|0x000000070f800000, 0x000000070f900000, 0x000000070f900000|100%| E|CS|TAMS 0x000000070f800000, 0x000000070f800000| Complete 
| 241|0x000000070f900000, 0x000000070fa00000, 0x000000070fa00000|100%| E|CS|TAMS 0x000000070f900000, 0x000000070f900000| Complete 
| 242|0x000000070fa00000, 0x000000070fb00000, 0x000000070fb00000|100%| E|CS|TAMS 0x000000070fa00000, 0x000000070fa00000| Complete 
| 243|0x000000070fb00000, 0x000000070fc00000, 0x000000070fc00000|100%| E|CS|TAMS 0x000000070fb00000, 0x000000070fb00000| Complete 
| 244|0x000000070fc00000, 0x000000070fd00000, 0x000000070fd00000|100%| E|CS|TAMS 0x000000070fc00000, 0x000000070fc00000| Complete 
| 245|0x000000070fd00000, 0x000000070fe00000, 0x000000070fe00000|100%| E|  |TAMS 0x000000070fd00000, 0x000000070fd00000| Complete 
| 246|0x000000070fe00000, 0x000000070ff00000, 0x000000070ff00000|100%| E|CS|TAMS 0x000000070fe00000, 0x000000070fe00000| Complete 
| 247|0x000000070ff00000, 0x0000000710000000, 0x0000000710000000|100%| E|CS|TAMS 0x000000070ff00000, 0x000000070ff00000| Complete 
| 248|0x0000000710000000, 0x0000000710100000, 0x0000000710100000|100%| E|CS|TAMS 0x0000000710000000, 0x0000000710000000| Complete 
| 249|0x0000000710100000, 0x0000000710200000, 0x0000000710200000|100%| E|CS|TAMS 0x0000000710100000, 0x0000000710100000| Complete 
| 250|0x0000000710200000, 0x0000000710300000, 0x0000000710300000|100%| E|CS|TAMS 0x0000000710200000, 0x0000000710200000| Complete 
| 251|0x0000000710300000, 0x0000000710400000, 0x0000000710400000|100%| E|CS|TAMS 0x0000000710300000, 0x0000000710300000| Complete 
| 252|0x0000000710400000, 0x0000000710500000, 0x0000000710500000|100%| E|CS|TAMS 0x0000000710400000, 0x0000000710400000| Complete 
| 253|0x0000000710500000, 0x0000000710600000, 0x0000000710600000|100%| E|CS|TAMS 0x0000000710500000, 0x0000000710500000| Complete 
| 254|0x0000000710600000, 0x0000000710700000, 0x0000000710700000|100%| E|CS|TAMS 0x0000000710600000, 0x0000000710600000| Complete 
| 255|0x0000000710700000, 0x0000000710800000, 0x0000000710800000|100%| E|CS|TAMS 0x0000000710700000, 0x0000000710700000| Complete 

Card table byte_map: [0x000001e4f7cd0000,0x000001e4f84d0000] _byte_map_base: 0x000001e4f44cc000

Marking Bits (Prev, Next): (CMBitMap*) 0x000001e4dfc7c728, (CMBitMap*) 0x000001e4dfc7c768
 Prev Bits: [0x000001e4f8cd0000, 0x000001e4fccb0000)
 Next Bits: [0x000001e480000000, 0x000001e483fe0000)

Polling page: 0x000001e4dda60000

Metaspace:

Usage:
  Non-class:      6.67 MB capacity,     6.50 MB ( 97%) used,   163.52 KB (  2%) free+waste,    15.75 KB ( <1%) overhead. 
      Class:    722.00 KB capacity,   652.76 KB ( 90%) used,    60.30 KB (  8%) free+waste,     8.94 KB (  1%) overhead. 
       Both:      7.38 MB capacity,     7.14 MB ( 97%) used,   223.82 KB (  3%) free+waste,    24.69 KB ( <1%) overhead. 

Virtual space:
  Non-class space:        8.00 MB reserved,       6.75 MB ( 84%) committed 
      Class space:        1.00 GB reserved,     768.00 KB ( <1%) committed 
             Both:        1.01 GB reserved,       7.50 MB ( <1%) committed 

Chunk freelists:
   Non-Class:  14.00 KB
       Class:  14.00 KB
        Both:  28.00 KB

MaxMetaspaceSize: 17179869184.00 GB
CompressedClassSpaceSize: 1.00 GB

CodeHeap 'non-profiled nmethods': size=120000Kb used=396Kb max_used=396Kb free=119603Kb
 bounds [0x000001e4efe80000, 0x000001e4f00f0000, 0x000001e4f73b0000]
CodeHeap 'profiled nmethods': size=120000Kb used=1980Kb max_used=1980Kb free=118019Kb
 bounds [0x000001e4e8950000, 0x000001e4e8bc0000, 0x000001e4efe80000]
CodeHeap 'non-nmethods': size=5760Kb used=1654Kb max_used=1674Kb free=4105Kb
 bounds [0x000001e4e83b0000, 0x000001e4e8620000, 0x000001e4e8950000]
 total_blobs=2243 nmethods=1189 adapters=965
 compilation: enabled
              stopped_count=0, restarted_count=0
 full_count=0

Compilation events (20 events):
Event: 1.068 Thread 0x000001e48406d800 nmethod 1166 0x000001e4efedd410 code [0x000001e4efedd5a0, 0x000001e4efedd678]
Event: 1.068 Thread 0x000001e48406d800 1167       1       Texture::getHandle (5 bytes)
Event: 1.069 Thread 0x000001e48406d800 nmethod 1167 0x000001e4efedd710 code [0x000001e4efedd8a0, 0x000001e4efedd978]
Event: 1.069 Thread 0x000001e48406d800 1168       1       ShaderUniform::getHandle (5 bytes)
Event: 1.069 Thread 0x000001e48406d800 nmethod 1168 0x000001e4efedda10 code [0x000001e4efeddba0, 0x000001e4efeddc78]
Event: 1.069 Thread 0x000001e48406d800 1169       1       TransientVertexBuffer::getHandle (5 bytes)
Event: 1.069 Thread 0x000001e48406d800 nmethod 1169 0x000001e4efeddd10 code [0x000001e4efeddea0, 0x000001e4efeddf78]
Event: 1.069 Thread 0x000001e48406d800 1170       1       TransientVertexBuffer::getLayout (5 bytes)
Event: 1.069 Thread 0x000001e48406d800 nmethod 1170 0x000001e4efede010 code [0x000001e4efede1a0, 0x000001e4efede278]
Event: 1.069 Thread 0x000001e48406d800 1171       1       VertexLayout::getHandle (5 bytes)
Event: 1.069 Thread 0x000001e48406c800 1174       4       SpriteBatch::allowDrawing (36 bytes)
Event: 1.069 Thread 0x000001e48406d800 nmethod 1171 0x000001e4efede310 code [0x000001e4efede4a0, 0x000001e4efede578]
Event: 1.069 Thread 0x000001e48406d800 1172       1       IndexBuffer::getHandle (5 bytes)
Event: 1.069 Thread 0x000001e48406d800 nmethod 1172 0x000001e4efede610 code [0x000001e4efede7a0, 0x000001e4efede878]
Event: 1.069 Thread 0x000001e48406d800 1173       1       ShaderProgram::getHandle (5 bytes)
Event: 1.069 Thread 0x000001e48406d800 nmethod 1173 0x000001e4efede910 code [0x000001e4efedeaa0, 0x000001e4efedeb78]
Event: 1.069 Thread 0x000001e48406d800 1175       3       SpriteBatch::flush (79 bytes)
Event: 1.069 Thread 0x000001e4942c5000 1176       4       java.nio.MappedByteBuffer::position (6 bytes)
Event: 1.070 Thread 0x000001e48406c800 nmethod 1174 0x000001e4efedec10 code [0x000001e4efedede0, 0x000001e4efedefa8]
Event: 1.070 Thread 0x000001e4942c5000 nmethod 1176 0x000001e4efedf190 code [0x000001e4efedf340, 0x000001e4efedf478]

GC Heap History (0 events):
No events

Deoptimization events (20 events):
Event: 0.932 Thread 0x000001e4dfc15000 DEOPT PACKING pc=0x000001e4efe90fd4 sp=0x0000003e9f9fec00
Event: 0.932 Thread 0x000001e4dfc15000 DEOPT UNPACKING pc=0x000001e4e83f912f sp=0x0000003e9f9feb90 mode 2
Event: 0.956 Thread 0x000001e4dfc15000 DEOPT PACKING pc=0x000001e4e8ab0e85 sp=0x0000003e9f9fe970
Event: 0.956 Thread 0x000001e4dfc15000 DEOPT UNPACKING pc=0x000001e4e83f964e sp=0x0000003e9f9fde50 mode 0
Event: 0.958 Thread 0x000001e4dfc15000 DEOPT PACKING pc=0x000001e4e8ab0e85 sp=0x0000003e9f9fe8c0
Event: 0.958 Thread 0x000001e4dfc15000 DEOPT UNPACKING pc=0x000001e4e83f964e sp=0x0000003e9f9fdd70 mode 0
Event: 0.967 Thread 0x000001e4dfc15000 DEOPT PACKING pc=0x000001e4e8af568a sp=0x0000003e9f9feca0
Event: 0.967 Thread 0x000001e4dfc15000 DEOPT UNPACKING pc=0x000001e4e83f964e sp=0x0000003e9f9fe1e0 mode 0
Event: 0.968 Thread 0x000001e4dfc15000 DEOPT PACKING pc=0x000001e4e8af568a sp=0x0000003e9f9feca0
Event: 0.968 Thread 0x000001e4dfc15000 DEOPT UNPACKING pc=0x000001e4e83f964e sp=0x0000003e9f9fe1e0 mode 0
Event: 0.968 Thread 0x000001e4dfc15000 DEOPT PACKING pc=0x000001e4e8af568a sp=0x0000003e9f9feca0
Event: 0.968 Thread 0x000001e4dfc15000 DEOPT UNPACKING pc=0x000001e4e83f964e sp=0x0000003e9f9fe1e0 mode 0
Event: 0.979 Thread 0x000001e4dfc15000 DEOPT PACKING pc=0x000001e4e8afad0e sp=0x0000003e9f9fed30
Event: 0.979 Thread 0x000001e4dfc15000 DEOPT UNPACKING pc=0x000001e4e83f964e sp=0x0000003e9f9fe2b8 mode 0
Event: 0.980 Thread 0x000001e4dfc15000 DEOPT PACKING pc=0x000001e4e8afad0e sp=0x0000003e9f9fed30
Event: 0.980 Thread 0x000001e4dfc15000 DEOPT UNPACKING pc=0x000001e4e83f964e sp=0x0000003e9f9fe2b8 mode 0
Event: 0.980 Thread 0x000001e4dfc15000 DEOPT PACKING pc=0x000001e4e8afad0e sp=0x0000003e9f9fed30
Event: 0.980 Thread 0x000001e4dfc15000 DEOPT UNPACKING pc=0x000001e4e83f964e sp=0x0000003e9f9fe2b8 mode 0
Event: 1.033 Thread 0x000001e4dfc15000 DEOPT PACKING pc=0x000001e4e89ae0df sp=0x0000003e9f9fe120
Event: 1.033 Thread 0x000001e4dfc15000 DEOPT UNPACKING pc=0x000001e4e83f964e sp=0x0000003e9f9fd570 mode 0

Classes unloaded (0 events):
No events

Classes redefined (0 events):
No events

Internal exceptions (16 events):
Event: 0.140 Thread 0x000001e4dfc15000 Exception <a 'java/lang/NoSuchMethodError'{0x00000007104788e8}: 'void java.lang.invoke.DelegatingMethodHandle$Holder.delegate(java.lang.Object, java.lang.Object, int, java.lang.Object)'> (0x00000007104788e8) 
thrown [./open/src/hotspot/share/interpreter/linkResolver.cpp, line 766]
Event: 0.140 Thread 0x000001e4dfc15000 Exception <a 'java/lang/NoSuchMethodError'{0x000000071047f148}: 'java.lang.Object java.lang.invoke.DirectMethodHandle$Holder.invokeStaticInit(java.lang.Object, java.lang.Object, java.lang.Object)'> (0x000000071047f148) 
thrown [./open/src/hotspot/share/interpreter/linkResolver.cpp, line 766]
Event: 0.157 Thread 0x000001e4dfc15000 Exception <a 'sun/nio/fs/WindowsException'{0x00000007104d9e88}> (0x00000007104d9e88) 
thrown [./open/src/hotspot/share/prims/jni.cpp, line 599]
Event: 0.157 Thread 0x000001e4dfc15000 Exception <a 'sun/nio/fs/WindowsException'{0x00000007104da3d8}> (0x00000007104da3d8) 
thrown [./open/src/hotspot/share/prims/jni.cpp, line 599]
Event: 0.184 Thread 0x000001e4dfc15000 Exception <a 'sun/nio/fs/WindowsException'{0x00000007103a4588}> (0x00000007103a4588) 
thrown [./open/src/hotspot/share/prims/jni.cpp, line 599]
Event: 0.184 Thread 0x000001e4dfc15000 Exception <a 'sun/nio/fs/WindowsException'{0x00000007103a48e8}> (0x00000007103a48e8) 
thrown [./open/src/hotspot/share/prims/jni.cpp, line 599]
Event: 0.272 Thread 0x000001e4dfc15000 Exception <a 'sun/nio/fs/WindowsException'{0x00000007101f54f8}> (0x00000007101f54f8) 
thrown [./open/src/hotspot/share/prims/jni.cpp, line 599]
Event: 0.272 Thread 0x000001e4dfc15000 Exception <a 'sun/nio/fs/WindowsException'{0x00000007101f5858}> (0x00000007101f5858) 
thrown [./open/src/hotspot/share/prims/jni.cpp, line 599]
Event: 0.682 Thread 0x000001e4dfc15000 Exception <a 'java/lang/ClassNotFoundException'{0x0000000710091010}: sun/awt/resources/spi/awtProvider> (0x0000000710091010) 
thrown [./open/src/hotspot/share/classfile/systemDictionary.cpp, line 226]
Event: 0.693 Thread 0x000001e4dfc15000 Exception <a 'java/io/FileNotFoundException'{0x00000007100d2f70}> (0x00000007100d2f70) 
thrown [./open/src/hotspot/share/prims/jni.cpp, line 599]
Event: 0.697 Thread 0x000001e4dfc15000 Exception <a 'java/io/FileNotFoundException'{0x00000007100f9488}> (0x00000007100f9488) 
thrown [./open/src/hotspot/share/prims/jni.cpp, line 599]
Event: 0.704 Thread 0x000001e4dfc15000 Exception <a 'java/lang/NoSuchMethodError'{0x000000070ff208d8}: 'java.lang.Object java.lang.invoke.DirectMethodHandle$Holder.invokeStaticInit(java.lang.Object, int, int, int, int)'> (0x000000070ff208d8) 
thrown [./open/src/hotspot/share/interpreter/linkResolver.cpp, line 766]
Event: 0.760 Thread 0x000001e4dfc15000 Exception <a 'java/lang/NoSuchMethodError'{0x000000070fe137b8}: 'java.lang.Object java.lang.invoke.DirectMethodHandle$Holder.invokeStaticInit(java.lang.Object, java.lang.Object, int, int, int, int)'> (0x000000070fe137b8) 
thrown [./open/src/hotspot/share/interpreter/linkResolver.cpp, line 766]
Event: 0.838 Thread 0x000001e493ead000 Exception <a 'java/lang/NoSuchMethodError'{0x000000070fedc560}: 'void java.lang.invoke.DirectMethodHandle$Holder.invokeSpecial(java.lang.Object, java.lang.Object)'> (0x000000070fedc560) 
thrown [./open/src/hotspot/share/interpreter/linkResolver.cpp, line 766]
Event: 1.012 Thread 0x000001e4dfc15000 Exception <a 'sun/nio/fs/WindowsException'{0x000000070fafdeb8}> (0x000000070fafdeb8) 
thrown [./open/src/hotspot/share/prims/jni.cpp, line 599]
Event: 1.012 Thread 0x000001e4dfc15000 Exception <a 'sun/nio/fs/WindowsException'{0x000000070fafe238}> (0x000000070fafe238) 
thrown [./open/src/hotspot/share/prims/jni.cpp, line 599]

Events (20 events):
Event: 1.057 loading class java/net/URLClassLoader done
Event: 1.057 loading class java/net/URLClassLoader$1
Event: 1.057 loading class java/net/URLClassLoader$1 done
Event: 1.058 loading class java/util/jar/JarVerifier
Event: 1.059 loading class java/util/jar/JarVerifier done
Event: 1.059 loading class java/security/CodeSigner
Event: 1.059 loading class java/security/CodeSigner done
Event: 1.059 loading class sun/security/util/ManifestEntryVerifier
Event: 1.059 loading class sun/security/util/ManifestEntryVerifier done
Event: 1.059 loading class sun/security/util/SignatureFileVerifier
Event: 1.059 loading class sun/security/util/SignatureFileVerifier done
Event: 1.060 loading class java/io/FilePermission$1
Event: 1.060 loading class jdk/internal/access/JavaIOFilePermissionAccess
Event: 1.060 loading class jdk/internal/access/JavaIOFilePermissionAccess done
Event: 1.060 loading class java/io/FilePermission$1 done
Event: 1.060 loading class java/io/FilePermissionCollection
Event: 1.060 loading class java/io/FilePermissionCollection done
Event: 1.060 loading class java/io/FilePermissionCollection$1
Event: 1.060 loading class java/io/FilePermissionCollection$1 done
Event: 1.065 Loaded shared library C:\Users\Matthew\Desktop\Proj\Java\hedgefx\runtime\hedgefx\lwjgl.dll


Dynamic libraries:
0x00007ff64b450000 - 0x00007ff64b45d000 	C:\Program Files\Java\jdk-14.0.2\bin\java.exe
0x00007ff93af60000 - 0x00007ff93b150000 	C:\WINDOWS\SYSTEM32\ntdll.dll
0x00007ff93a970000 - 0x00007ff93aa22000 	C:\WINDOWS\System32\KERNEL32.DLL
0x00007ff938d30000 - 0x00007ff938fd4000 	C:\WINDOWS\System32\KERNELBASE.dll
0x00007ff938890000 - 0x00007ff93898a000 	C:\WINDOWS\System32\ucrtbase.dll
0x00007ff922f90000 - 0x00007ff922fa5000 	C:\Program Files\Java\jdk-14.0.2\bin\VCRUNTIME140.dll
0x00007ff92c510000 - 0x00007ff92c528000 	C:\Program Files\Java\jdk-14.0.2\bin\jli.dll
0x00007ff93a630000 - 0x00007ff93a7c5000 	C:\WINDOWS\System32\USER32.dll
0x00007ff938fe0000 - 0x00007ff939001000 	C:\WINDOWS\System32\win32u.dll
0x00007ff92d080000 - 0x00007ff92d304000 	C:\WINDOWS\WinSxS\amd64_microsoft.windows.common-controls_6595b64144ccf1df_6.0.18362.1016_none_9e7a36bbe461dae4\COMCTL32.dll
0x00007ff939090000 - 0x00007ff9390b6000 	C:\WINDOWS\System32\GDI32.dll
0x00007ff939c20000 - 0x00007ff939cbe000 	C:\WINDOWS\System32\msvcrt.dll
0x00007ff938990000 - 0x00007ff938b26000 	C:\WINDOWS\System32\gdi32full.dll
0x00007ff93a2c0000 - 0x00007ff93a5f5000 	C:\WINDOWS\System32\combase.dll
0x00007ff937ee0000 - 0x00007ff937f7e000 	C:\WINDOWS\System32\msvcp_win.dll
0x00007ff93a190000 - 0x00007ff93a2b0000 	C:\WINDOWS\System32\RPCRT4.dll
0x00007ff938b30000 - 0x00007ff938bb0000 	C:\WINDOWS\System32\bcryptPrimitives.dll
0x00007ff93a600000 - 0x00007ff93a62e000 	C:\WINDOWS\System32\IMM32.DLL
0x00007ff90d8d0000 - 0x00007ff90d96b000 	C:\Program Files\Java\jdk-14.0.2\bin\msvcp140.dll
0x00007ff8e3ec0000 - 0x00007ff8e49de000 	C:\Program Files\Java\jdk-14.0.2\bin\server\jvm.dll
0x00007ff939e00000 - 0x00007ff939ea3000 	C:\WINDOWS\System32\ADVAPI32.dll
0x00007ff939270000 - 0x00007ff939307000 	C:\WINDOWS\System32\sechost.dll
0x00007ff93a2b0000 - 0x00007ff93a2b8000 	C:\WINDOWS\System32\PSAPI.DLL
0x00007ff930160000 - 0x00007ff930169000 	C:\WINDOWS\SYSTEM32\WSOCK32.dll
0x00007ff935d70000 - 0x00007ff935d94000 	C:\WINDOWS\SYSTEM32\WINMM.dll
0x00007ff939bb0000 - 0x00007ff939c1f000 	C:\WINDOWS\System32\WS2_32.dll
0x00007ff9359c0000 - 0x00007ff9359ed000 	C:\WINDOWS\SYSTEM32\WINMMBASE.dll
0x00007ff932b00000 - 0x00007ff932b0a000 	C:\WINDOWS\SYSTEM32\VERSION.dll
0x00007ff938030000 - 0x00007ff93807a000 	C:\WINDOWS\System32\cfgmgr32.dll
0x00007ff937e20000 - 0x00007ff937e31000 	C:\WINDOWS\System32\kernel.appcore.dll
0x00007ff92fb10000 - 0x00007ff92fb1a000 	C:\Program Files\Java\jdk-14.0.2\bin\jimage.dll
0x00007ff92a140000 - 0x00007ff92a334000 	C:\WINDOWS\SYSTEM32\DBGHELP.DLL
0x00007ff928300000 - 0x00007ff92832a000 	C:\WINDOWS\SYSTEM32\dbgcore.DLL
0x00007ff934280000 - 0x00007ff93428e000 	C:\Program Files\Java\jdk-14.0.2\bin\instrument.dll
0x00007ff91e300000 - 0x00007ff91e325000 	C:\Program Files\Java\jdk-14.0.2\bin\java.dll
0x00007ff922f70000 - 0x00007ff922f86000 	C:\Program Files\Java\jdk-14.0.2\bin\zip.dll
0x00007ff9394c0000 - 0x00007ff939ba7000 	C:\WINDOWS\System32\SHELL32.dll
0x00007ff939eb0000 - 0x00007ff939f59000 	C:\WINDOWS\System32\shcore.dll
0x00007ff938100000 - 0x00007ff938882000 	C:\WINDOWS\System32\windows.storage.dll
0x00007ff937e90000 - 0x00007ff937eb3000 	C:\WINDOWS\System32\profapi.dll
0x00007ff937e40000 - 0x00007ff937e8a000 	C:\WINDOWS\System32\powrprof.dll
0x00007ff937e10000 - 0x00007ff937e20000 	C:\WINDOWS\System32\UMPDC.dll
0x00007ff939460000 - 0x00007ff9394b2000 	C:\WINDOWS\System32\shlwapi.dll
0x00007ff938080000 - 0x00007ff938097000 	C:\WINDOWS\System32\cryptsp.dll
0x00007ff91e2e0000 - 0x00007ff91e2f9000 	C:\Program Files\Java\jdk-14.0.2\bin\net.dll
0x00007ff931030000 - 0x00007ff931120000 	C:\WINDOWS\SYSTEM32\WINHTTP.dll
0x00007ff937670000 - 0x00007ff9376d7000 	C:\WINDOWS\system32\mswsock.dll
0x00007ff91df80000 - 0x00007ff91df92000 	C:\Program Files\Java\jdk-14.0.2\bin\nio.dll
0x00007ff92f070000 - 0x00007ff92f080000 	C:\Program Files\Java\jdk-14.0.2\bin\verify.dll
0x00007ff930510000 - 0x00007ff93052a000 	C:\Program Files\JetBrains\IntelliJ IDEA Community Edition 2019.2.2\bin\breakgen64.dll
0x00007ff92fc80000 - 0x00007ff92fce4000 	C:\Users\Matthew\Desktop\Proj\Java\hedgefx\runtime\hedgefx\lwjgl.dll
0x00007ff92c900000 - 0x00007ff92c962000 	C:\Users\Matthew\Desktop\Proj\Java\hedgefx\runtime\hedgefx\glfw.dll
0x00007ff936170000 - 0x00007ff936209000 	C:\WINDOWS\system32\uxtheme.dll
0x00007ff924280000 - 0x00007ff9242c3000 	C:\WINDOWS\SYSTEM32\dinput8.dll
0x00007ff92c8e0000 - 0x00007ff92c8f1000 	C:\WINDOWS\SYSTEM32\xinput1_4.dll
0x00007ff937c10000 - 0x00007ff937c3a000 	C:\WINDOWS\SYSTEM32\DEVOBJ.dll
0x00007ff9365a0000 - 0x00007ff9365cd000 	C:\WINDOWS\SYSTEM32\dwmapi.dll
0x00007ff924dc0000 - 0x00007ff924edb000 	C:\WINDOWS\SYSTEM32\inputhost.dll
0x00007ff9358e0000 - 0x00007ff9359b4000 	C:\WINDOWS\SYSTEM32\CoreMessaging.dll
0x00007ff933c00000 - 0x00007ff933f2a000 	C:\WINDOWS\SYSTEM32\CoreUIComponents.dll
0x00007ff9347b0000 - 0x00007ff9348a0000 	C:\WINDOWS\SYSTEM32\PROPSYS.dll
0x00007ff939f60000 - 0x00007ff93a025000 	C:\WINDOWS\System32\OLEAUT32.dll
0x00007ff933a40000 - 0x00007ff933b93000 	C:\WINDOWS\SYSTEM32\wintypes.dll
0x00007ff936e60000 - 0x00007ff936e91000 	C:\WINDOWS\SYSTEM32\ntmarta.dll
0x00007ff939cc0000 - 0x00007ff939df5000 	C:\WINDOWS\System32\MSCTF.dll
0x00007ff936a10000 - 0x00007ff936a1e000 	C:\WINDOWS\SYSTEM32\HID.DLL
0x00007ff93aa30000 - 0x00007ff93aea0000 	C:\WINDOWS\System32\SETUPAPI.DLL
0x00007ff938bb0000 - 0x00007ff938bd6000 	C:\WINDOWS\System32\bcrypt.dll
0x00007ff9380a0000 - 0x00007ff9380fc000 	C:\WINDOWS\System32\WINTRUST.dll
0x00007ff937ec0000 - 0x00007ff937ed2000 	C:\WINDOWS\System32\MSASN1.dll
0x00007ff938be0000 - 0x00007ff938d29000 	C:\WINDOWS\System32\CRYPT32.dll
0x00007ff8f32b0000 - 0x00007ff8f3465000 	C:\Users\Matthew\Desktop\Proj\Java\hedgefx\runtime\hedgefx\bgfx.dll
0x00007ff8f3f90000 - 0x00007ff8f40e6000 	C:\WINDOWS\SYSTEM32\opengl32.dll
0x00007ff92c550000 - 0x00007ff92c57c000 	C:\WINDOWS\SYSTEM32\GLU32.dll
0x00007ff936a70000 - 0x00007ff936a90000 	C:\WINDOWS\SYSTEM32\dxcore.dll
0x000000006fc50000 - 0x00000000723a1000 	C:\WINDOWS\System32\DriverStore\FileRepository\nv_dispi.inf_amd64_db678424d2641c3d\nvoglv64.dll
0x00007ff93a030000 - 0x00007ff93a187000 	C:\WINDOWS\System32\ole32.dll
0x00007ff934900000 - 0x00007ff934913000 	C:\WINDOWS\SYSTEM32\WTSAPI32.dll
0x00007ff936ed0000 - 0x00007ff936f26000 	C:\WINDOWS\SYSTEM32\WINSTA.dll
0x00007ff8f2ee0000 - 0x00007ff8f3078000 	C:\Program Files\Java\jdk-14.0.2\bin\awt.dll
0x00007ff935fd0000 - 0x00007ff93605f000 	C:\WINDOWS\SYSTEM32\apphelp.dll
0x00007ff9371e0000 - 0x00007ff937213000 	C:\WINDOWS\system32\rsaenh.dll
0x00007ff937d00000 - 0x00007ff937d25000 	C:\WINDOWS\SYSTEM32\USERENV.dll
0x00007ff937840000 - 0x00007ff93784c000 	C:\WINDOWS\SYSTEM32\CRYPTBASE.dll
0x00007ff937380000 - 0x00007ff9373ba000 	C:\WINDOWS\SYSTEM32\IPHLPAPI.DLL
0x00007ff939390000 - 0x00007ff939398000 	
0x00007ff931f00000 - 0x00007ff931f16000 	C:\WINDOWS\SYSTEM32\dhcpcsvc6.DLL
0x00007ff931ee0000 - 0x00007ff931efc000 	C:\WINDOWS\SYSTEM32\dhcpcsvc.DLL
0x00007ff9373c0000 - 0x00007ff93748b000 	C:\WINDOWS\SYSTEM32\DNSAPI.dll
0x00007ff90e6f0000 - 0x00007ff90e772000 	C:\Program Files\Java\jdk-14.0.2\bin\freetype.dll
0x00007ff90e640000 - 0x00007ff90e6e6000 	C:\Program Files\Java\jdk-14.0.2\bin\fontmanager.dll
0x00007ff92c310000 - 0x00007ff92c4d7000 	C:\WINDOWS\system32\d3d9.dll
0x00007ff92fdb0000 - 0x00007ff92fe9e000 	
0x00007ff93aea0000 - 0x00007ff93aebd000 	C:\WINDOWS\System32\imagehlp.dll
0x00007ff8e6a70000 - 0x00007ff8e7f0b000 	
0x00007ff936a20000 - 0x00007ff936a42000 	C:\WINDOWS\SYSTEM32\gpapi.dll
0x00007ff924680000 - 0x00007ff9246af000 	C:\WINDOWS\SYSTEM32\cryptnet.dll
0x00007ff90d670000 - 0x00007ff90d6e9000 	C:\Users\Matthew\Desktop\Proj\Java\hedgefx\runtime\hedgefx\lwjgl_stb.dll
0x00007ff923cc0000 - 0x00007ff923d5e000 	C:\WINDOWS\System32\TextInputFramework.dll
0x00007ff928bc0000 - 0x00007ff928e66000 	C:\WINDOWS\System32\iertutil.dll

dbghelp: loaded successfully - version: 4.0.5 - missing functions: none
symbol engine: initialized successfully - sym options: 0x614 - pdb path: 

VM Arguments:
jvm_args: -Dvisualvm.id=179814198908500 -javaagent:C:\Program Files\JetBrains\IntelliJ IDEA Community Edition 2019.2.2\lib\idea_rt.jar=59792:C:\Program Files\JetBrains\IntelliJ IDEA Community Edition 2019.2.2\bin -Dfile.encoding=UTF-8 
java_command: Main
java_class_path (initial): C:\Users\Matthew\Desktop\Proj\Java\hedgefx\out\production\hedgefx;C:\Users\Matthew\Desktop\Proj\Java\hedgefx\lib\json\jackson-annotations-2.9.8.jar;C:\Users\Matthew\Desktop\Proj\Java\hedgefx\lib\json\jackson-core-2.9.8.jar;C:\Users\Matthew\Desktop\Proj\Java\hedgefx\lib\json\jackson-databind-2.9.8.jar;C:\Users\Matthew\Desktop\Proj\Java\hedgefx\lib\lwjgl\lwjgl.jar;C:\Users\Matthew\Desktop\Proj\Java\hedgefx\lib\lwjgl\lwjgl-bgfx.jar;C:\Users\Matthew\Desktop\Proj\Java\hedgefx\lib\lwjgl\lwjgl-bgfx-natives-linux.jar;C:\Users\Matthew\Desktop\Proj\Java\hedgefx\lib\lwjgl\lwjgl-bgfx-natives-macos.jar;C:\Users\Matthew\Desktop\Proj\Java\hedgefx\lib\lwjgl\lwjgl-bgfx-natives-windows.jar;C:\Users\Matthew\Desktop\Proj\Java\hedgefx\lib\lwjgl\lwjgl-glfw.jar;C:\Users\Matthew\Desktop\Proj\Java\hedgefx\lib\lwjgl\lwjgl-glfw-natives-linux.jar;C:\Users\Matthew\Desktop\Proj\Java\hedgefx\lib\lwjgl\lwjgl-glfw-natives-macos.jar;C:\Users\Matthew\Desktop\Proj\Java\hedgefx\lib\lwjgl\lwjgl-glfw-natives-windows.jar;C:\Users\Matthew\Desktop\Proj\Java\hedgefx\lib\lwjgl\lwjgl-natives-linux.jar;C:\Users\Matthew\Desktop\Proj\Java\hedgefx\lib\lwjgl\lwjgl-natives-macos.jar;C:\Users\Matthew\Desktop\Proj\Java\hedgefx\lib\lwjgl\lwjgl-natives-windows.jar;C:\Users\Matthew\Desktop\Proj\Java\hedgefx\lib\lwjgl\lwjgl-openal.jar;C:\Users\Matthew\Desktop\Proj\Java\hedgefx\lib\lwjgl\lwjgl-openal-natives-linux.jar;C:\Users\Matthew\Desktop\Proj\Java\hedgefx\lib\lwjgl\lwjgl-openal-natives-macos.jar;C:\Users\Matthew\Desktop\Proj\Java\hedgefx\lib\lwjgl\lwjgl-openal-natives-windows.jar;C:\Users\Matthew\Desktop\Proj\Java\hedgefx\lib\lwjgl\lwjgl-stb.jar;C:\Users\Matthew\Desktop\Proj\Java\hedgefx\lib\lwjgl\lwjgl-stb-natives-linux.jar;C:\Users\Matthew\Desktop\Proj\Java\hedgefx\lib\lwjgl\lwjgl-stb-natives-macos.jar;C:\Users\Matthew\Desktop\Proj\Java\hedgefx\lib\lwjgl\lwjgl-stb-natives-windows.jar
Launcher Type: SUN_STANDARD

[Global flags]
     intx CICompilerCount                          = 3                                         {product} {ergonomic}
     uint ConcGCThreads                            = 2                                         {product} {ergonomic}
     uint G1ConcRefinementThreads                  = 6                                         {product} {ergonomic}
   size_t G1HeapRegionSize                         = 1048576                                   {product} {ergonomic}
    uintx GCDrainStackTargetSize                   = 64                                        {product} {ergonomic}
   size_t InitialHeapSize                          = 268435456                                 {product} {ergonomic}
   size_t MarkStackSize                            = 4194304                                   {product} {ergonomic}
   size_t MaxHeapSize                              = 4286578688                                {product} {ergonomic}
   size_t MaxNewSize                               = 2571108352                                {product} {ergonomic}
   size_t MinHeapDeltaBytes                        = 1048576                                   {product} {ergonomic}
   size_t MinHeapSize                              = 8388608                                   {product} {ergonomic}
    uintx NonNMethodCodeHeapSize                   = 5832780                                {pd product} {ergonomic}
    uintx NonProfiledCodeHeapSize                  = 122912730                              {pd product} {ergonomic}
    uintx ProfiledCodeHeapSize                     = 122912730                              {pd product} {ergonomic}
    uintx ReservedCodeCacheSize                    = 251658240                              {pd product} {ergonomic}
     bool SegmentedCodeCache                       = true                                      {product} {ergonomic}
   size_t SoftMaxHeapSize                          = 4286578688                             {manageable} {ergonomic}
     bool UseCompressedClassPointers               = true                                 {lp64_product} {ergonomic}
     bool UseCompressedOops                        = true                                 {lp64_product} {ergonomic}
     bool UseG1GC                                  = true                                      {product} {ergonomic}
     bool UseLargePagesIndividualAllocation        = false                                  {pd product} {ergonomic}

Logging:
Log output configuration:
 #0: stdout all=warning uptime,level,tags
 #1: stderr all=off uptime,level,tags

Environment Variables:
JAVA_HOME=C:\Program Files\Java\jdk1.8.0_221
_JAVA_OPTIONS= 
PATH=C:\Program Files\Java\jdk1.8.0_221\bin;C:\Program Files (x86)\Intel\iCLS Client\;C:\Program Files\Intel\iCLS Client\;C:\WINDOWS\system32;C:\WINDOWS;C:\WINDOWS\System32\Wbem;C:\WINDOWS\System32\WindowsPowerShell\v1.0\;C:\Program Files (x86)\Intel\Intel(R) Management Engine Components\DAL;C:\Program Files\Intel\Intel(R) Management Engine Components\DAL;C:\Program Files (x86)\Intel\Intel(R) Management Engine Components\IPT;C:\Program Files\Intel\Intel(R) Management Engine Components\IPT;C:\Program Files\Git\cmd;C:\WINDOWS\System32\OpenSSH\;C:\Program Files\dotnet\;C:\Program Files\Microsoft SQL Server\130\Tools\Binn\;C:\Program Files (x86)\dotnet\;C:\Program Files\CMake\bin;C:\ProgramData\chocolatey\bin;C:\Program Files\Microsoft SQL Server\Client SDK\ODBC\170\Tools\Binn\;C:\Users\Matthew\.cargo\bin;C:\Users\Matthew\AppData\Local\Microsoft\WindowsApps;C:\Users\Matthew\AppData\Local\Programs\Microsoft VS Code\bin;C:\Users\Matthew\.dotnet\tools;C:\Program Files\JetBrains\JetBrains Rider 2019.2.2\bin;;C:\Program Files\JetBrains\IntelliJ IDEA Community Edition 2019.2.2\bin;;C:\Users\Matthew\AppData\Local\Microsoft\WindowsApps;C:\Users\Matthew\.dotnet\tools;C:\ProgramData\chocolatey\lib\mingw\tools\install\mingw64\bin;
USERNAME=Matthew
OS=Windows_NT
PROCESSOR_IDENTIFIER=Intel64 Family 6 Model 158 Stepping 10, GenuineIntel



---------------  S Y S T E M  ---------------

OS: Windows 10 , 64 bit Build 18362 (10.0.18362.959)
OS uptime: 2 days 1:56 hours

CPU:total 6 (initial active 6) (6 cores per cpu, 1 threads per core) family 6 model 158 stepping 10, cmov, cx8, fxsr, mmx, sse, sse2, sse3, ssse3, sse4.1, sse4.2, popcnt, avx, avx2, aes, clmul, erms, 3dnowpref, lzcnt, tsc, tscinvbit, bmi1, bmi2, adx, fma

Memory: 4k page, system-wide physical 16344M (9202M free)
TotalPageFile size 26228M (AvailPageFile size 3062M)
current process WorkingSet (physical memory assigned to process): 125M, peak: 125M
current process commit charge ("private bytes"): 488M, peak: 488M

vm_info: OpenJDK 64-Bit Server VM (14.0.2+12-46) for windows-amd64 JRE (14.0.2+12-46), built on Jul  9 2020 00:31:16 by "mach5one" with MS VC++ 15.9 (VS2017)

END.
