#
# A fatal error has been detected by the Java Runtime Environment:
#
#  EXCEPTION_ACCESS_VIOLATION (0xc0000005) at pc=0x00007ff8b8711ff2, pid=32140, tid=28788
#
# JRE version: OpenJDK Runtime Environment (13.0.2+8) (build 13.0.2+8)
# Java VM: OpenJDK 64-Bit Server VM (13.0.2+8, mixed mode, sharing, tiered, compressed oops, g1 gc, windows-amd64)
# Problematic frame:
# C  [opengl32.dll+0x31ff2]
#
# No core dump will be written. Minidumps are not enabled by default on client versions of Windows
#
# If you would like to submit a bug report, please visit:
#   http://bugreport.java.com/bugreport/crash.jsp
# The crash happened outside the Java Virtual Machine in native code.
# See problematic frame for where to report the bug.
#

---------------  S U M M A R Y ------------

Command Line: -Dvisualvm.id=2331158347500800 -javaagent:C:\Program Files\JetBrains\IntelliJ IDEA Community Edition 2019.2.2\lib\idea_rt.jar=52057:C:\Program Files\JetBrains\IntelliJ IDEA Community Edition 2019.2.2\bin -Dfile.encoding=UTF-8 Main

Host: Intel(R) Core(TM) i5-8400 CPU @ 2.80GHz, 6 cores, 15G,  Windows 10 , 64 bit Build 18362 (10.0.18362.959)
Time: Wed Aug 12 15:45:47 2020 Pacific Daylight Time elapsed time: 0 seconds (0d 0h 0m 0s)

---------------  T H R E A D  ---------------

Current thread (0x0000019d508e7000):  JavaThread "main" [_thread_in_native, id=28788, stack(0x000000062af00000,0x000000062b000000)]

Stack: [0x000000062af00000,0x000000062b000000],  sp=0x000000062afff110,  free space=1020k
Native frames: (J=compiled Java code, j=interpreted, Vv=VM code, C=native code)
C  [opengl32.dll+0x31ff2]

Java frames: (J=compiled Java code, j=interpreted, Vv=VM code)
j  org.lwjgl.system.JNI.callI(J)I+0
j  org.lwjgl.opengl.GL.createCapabilities(Z)Lorg/lwjgl/opengl/GLCapabilities;+80
j  org.lwjgl.opengl.GL.createCapabilities()Lorg/lwjgl/opengl/GLCapabilities;+1
j  Main.init()V+0
j  Main.run()V+1
j  Main.main([Ljava/lang/String;)V+103
v  ~StubRoutines::call_stub

siginfo: EXCEPTION_ACCESS_VIOLATION (0xc0000005), reading address 0x0000000000000828


Register to memory mapping:

RIP=0x00007ff8b8711ff2 opengl32.dll
RAX=0x0 is NULL
RBX={method} {0x0000019d74613568} 'callI' '(J)I' in 'org/lwjgl/system/JNI'
RCX=0x000000062aaf9000 points into unknown readable memory: 00 00 00 00 00 00 00 00
RDX=0x000000062afff1c8 is pointing into the stack for thread: 0x0000019d508e7000
RSP=0x000000062afff110 is pointing into the stack for thread: 0x0000019d508e7000
RBP=0x000000062afff1b8 is pointing into the stack for thread: 0x0000019d508e7000
RSI=0x0000000000001020 is an unknown value
RDI=0x0000019d58de9d50 is at code_begin+1040 in an Interpreter codelet
invoke return entry points  [0x0000019d58de9940, 0x0000019d58dea360]  2592 bytes
R8 =0x00007ff8b8711fd0 opengl32.dll
R9 =0x0000000000000002 is an unknown value
R10=0x0000019d58def4c8 is at code_begin+1000 in an Interpreter codelet
method entry point (kind = native)  [0x0000019d58def0e0, 0x0000019d58defc40]  2912 bytes
R11=0x0000000710119470 is an oop: java.lang.Class 
{0x0000000710119470} - klass: 'java/lang/Class'
R12=0x0 is NULL
R13={method} {0x0000019d74613568} 'callI' '(J)I' in 'org/lwjgl/system/JNI'
R14=0x000000062afff1e0 is pointing into the stack for thread: 0x0000019d508e7000
R15=0x0000019d508e7000 is a thread


Registers:
RAX=0x0000000000000000, RBX=0x0000019d74613560, RCX=0x000000062aaf9000, RDX=0x000000062afff1c8
RSP=0x000000062afff110, RBP=0x000000062afff1b8, RSI=0x0000000000001020, RDI=0x0000019d58de9d50
R8 =0x00007ff8b8711fd0, R9 =0x0000000000000002, R10=0x0000019d58def4c8, R11=0x0000000710119470
R12=0x0000000000000000, R13=0x0000019d74613560, R14=0x000000062afff1e0, R15=0x0000019d508e7000
RIP=0x00007ff8b8711ff2, EFLAGS=0x0000000000010283

Top of Stack: (sp=0x000000062afff110)
0x000000062afff110:   0000019d508e7000 0000019d74613560
0x000000062afff120:   0000019d74613560 000000062afff140
0x000000062afff130:   0000019d58de9d50 0000019d58def4f7
0x000000062afff140:   0000019d74613560 0000000000001020
0x000000062afff150:   0000019d74577f36 000000062afff1e0
0x000000062afff160:   0000019d745bef08 0000019d58def196
0x000000062afff170:   000000062afff170 0000019d74613560
0x000000062afff180:   000000062afff1e0 0000019d7463aa48
0x000000062afff190:   0000000000000000 0000000710119470
0x000000062afff1a0:   0000019d74613560 0000000000000000
0x000000062afff1b0:   000000062afff1d8 000000062afff230
0x000000062afff1c0:   0000019d58de9c80 0000000710119470
0x000000062afff1d0:   0000019d58dec416 00007ff8b8711fd0
0x000000062afff1e0:   0000000000000000 000000062afff1e8
0x000000062afff1f0:   0000019d7468d910 000000062afff300
0x000000062afff200:   0000019d74690040 0000000000000000 

Instructions: (pc=0x00007ff8b8711ff2)
0x00007ff8b8711ef2:   8b 5c 24 30 48 83 c4 20 5f 48 ff 25 76 64 0d 00
0x00007ff8b8711f02:   cc cc cc cc cc cc cc cc cc cc cc cc cc cc 48 89
0x00007ff8b8711f12:   5c 24 08 57 48 83 ec 20 8b f9 48 8b da 8b 0d 8b
0x00007ff8b8711f22:   74 0f 00 83 f9 40 73 15 65 4c 8b 04 25 30 00 00
0x00007ff8b8711f32:   00 8b 05 4f 4a 11 00 49 8b 04 00 eb 06 ff 15 7b
0x00007ff8b8711f42:   5f 0d 00 48 8b 80 18 08 00 00 48 8b d3 8b cf 48
0x00007ff8b8711f52:   8b 5c 24 30 48 83 c4 20 5f 48 ff 25 16 64 0d 00
0x00007ff8b8711f62:   cc cc cc cc cc cc cc cc cc cc cc cc cc cc 48 89
0x00007ff8b8711f72:   5c 24 08 57 48 83 ec 20 8b f9 48 8b da 8b 0d 2b
0x00007ff8b8711f82:   74 0f 00 83 f9 40 73 15 65 4c 8b 04 25 30 00 00
0x00007ff8b8711f92:   00 8b 05 ef 49 11 00 49 8b 04 00 eb 06 ff 15 1b
0x00007ff8b8711fa2:   5f 0d 00 48 8b 80 20 08 00 00 48 8b d3 8b cf 48
0x00007ff8b8711fb2:   8b 5c 24 30 48 83 c4 20 5f 48 ff 25 b6 63 0d 00
0x00007ff8b8711fc2:   cc cc cc cc cc cc cc cc cc cc cc cc cc cc 48 83
0x00007ff8b8711fd2:   ec 28 8b 0d d6 73 0f 00 83 f9 40 73 25 65 48 8b
0x00007ff8b8711fe2:   0c 25 30 00 00 00 8b 05 9a 49 11 00 48 8b 04 01
0x00007ff8b8711ff2:   48 8b 80 28 08 00 00 48 83 c4 28 48 ff 25 74 63
0x00007ff8b8712002:   0d 00 ff 15 b6 5e 0d 00 48 8b 80 28 08 00 00 48
0x00007ff8b8712012:   83 c4 28 48 ff 25 5c 63 0d 00 cc cc cc cc cc cc
0x00007ff8b8712022:   cc cc cc cc cc cc cc cc cc cc cc cc cc cc 48 89
0x00007ff8b8712032:   5c 24 08 57 48 83 ec 20 8b f9 48 8b da 8b 0d 6b
0x00007ff8b8712042:   73 0f 00 83 f9 40 73 15 65 4c 8b 04 25 30 00 00
0x00007ff8b8712052:   00 8b 05 2f 49 11 00 49 8b 04 00 eb 06 ff 15 5b
0x00007ff8b8712062:   5e 0d 00 48 8b 80 30 08 00 00 48 8b d3 8b cf 48
0x00007ff8b8712072:   8b 5c 24 30 48 83 c4 20 5f 48 ff 25 f6 62 0d 00
0x00007ff8b8712082:   cc cc cc cc cc cc cc cc cc cc cc cc cc cc 48 89
0x00007ff8b8712092:   5c 24 08 57 48 83 ec 20 8b f9 48 8b da 8b 0d 0b
0x00007ff8b87120a2:   73 0f 00 83 f9 40 73 15 65 4c 8b 04 25 30 00 00
0x00007ff8b87120b2:   00 8b 05 cf 48 11 00 49 8b 04 00 eb 06 ff 15 fb
0x00007ff8b87120c2:   5d 0d 00 48 8b 80 38 08 00 00 48 8b d3 8b cf 48
0x00007ff8b87120d2:   8b 5c 24 30 48 83 c4 20 5f 48 ff 25 96 62 0d 00
0x00007ff8b87120e2:   cc cc cc cc cc cc cc cc cc cc cc cc cc cc 48 89 


Stack slot to memory mapping:
stack at sp + 0 slots: 0x0000019d508e7000 is a thread
stack at sp + 1 slots: {method} {0x0000019d74613568} 'callI' '(J)I' in 'org/lwjgl/system/JNI'
stack at sp + 2 slots: {method} {0x0000019d74613568} 'callI' '(J)I' in 'org/lwjgl/system/JNI'
stack at sp + 3 slots: 0x000000062afff140 is pointing into the stack for thread: 0x0000019d508e7000
stack at sp + 4 slots: 0x0000019d58de9d50 is at code_begin+1040 in an Interpreter codelet
invoke return entry points  [0x0000019d58de9940, 0x0000019d58dea360]  2592 bytes
stack at sp + 5 slots: 0x0000019d58def4f7 is at code_begin+1047 in an Interpreter codelet
method entry point (kind = native)  [0x0000019d58def0e0, 0x0000019d58defc40]  2912 bytes
stack at sp + 6 slots: {method} {0x0000019d74613568} 'callI' '(J)I' in 'org/lwjgl/system/JNI'
stack at sp + 7 slots: 0x0000000000001020 is an unknown value


---------------  P R O C E S S  ---------------

Threads class SMR info:
_java_thread_list=0x0000019d74cfae30, length=11, elements={
0x0000019d508e7000, 0x0000019d7412d800, 0x0000019d74132800, 0x0000019d74144000,
0x0000019d74145000, 0x0000019d74147000, 0x0000019d749da800, 0x0000019d74149000,
0x0000019d74af8000, 0x0000019d74d2a800, 0x0000019d74d2b800
}

Java Threads: ( => current thread )
=>0x0000019d508e7000 JavaThread "main" [_thread_in_native, id=28788, stack(0x000000062af00000,0x000000062b000000)]
  0x0000019d7412d800 JavaThread "Reference Handler" daemon [_thread_blocked, id=10236, stack(0x000000062b600000,0x000000062b700000)]
  0x0000019d74132800 JavaThread "Finalizer" daemon [_thread_blocked, id=30788, stack(0x000000062b700000,0x000000062b800000)]
  0x0000019d74144000 JavaThread "Signal Dispatcher" daemon [_thread_blocked, id=32976, stack(0x000000062b800000,0x000000062b900000)]
  0x0000019d74145000 JavaThread "Attach Listener" daemon [_thread_blocked, id=8564, stack(0x000000062b900000,0x000000062ba00000)]
  0x0000019d74147000 JavaThread "C2 CompilerThread0" daemon [_thread_blocked, id=25496, stack(0x000000062ba00000,0x000000062bb00000)]
  0x0000019d749da800 JavaThread "C1 CompilerThread0" daemon [_thread_blocked, id=13884, stack(0x000000062bb00000,0x000000062bc00000)]
  0x0000019d74149000 JavaThread "Sweeper thread" daemon [_thread_blocked, id=15628, stack(0x000000062bc00000,0x000000062bd00000)]
  0x0000019d74af8000 JavaThread "Common-Cleaner" daemon [_thread_blocked, id=19160, stack(0x000000062bd00000,0x000000062be00000)]
  0x0000019d74d2a800 JavaThread "Monitor Ctrl-Break" daemon [_thread_in_native, id=740, stack(0x000000062be00000,0x000000062bf00000)]
  0x0000019d74d2b800 JavaThread "Service Thread" daemon [_thread_blocked, id=18448, stack(0x000000062bf00000,0x000000062c000000)]

Other Threads:
  0x0000019d7412b800 VMThread "VM Thread" [stack: 0x000000062b500000,0x000000062b600000] [id=27088]
  0x0000019d74d39000 WatcherThread [stack: 0x000000062c000000,0x000000062c100000] [id=18176]
  0x0000019d5094f000 GCTaskThread "GC Thread#0" [stack: 0x000000062b000000,0x000000062b100000] [id=1016]
  0x0000019d50970800 ConcurrentGCThread "G1 Main Marker" [stack: 0x000000062b100000,0x000000062b200000] [id=33880]
  0x0000019d50971800 ConcurrentGCThread "G1 Conc#0" [stack: 0x000000062b200000,0x000000062b300000] [id=28180]
  0x0000019d74027800 ConcurrentGCThread "G1 Refine#0" [stack: 0x000000062b300000,0x000000062b400000] [id=20496]
  0x0000019d74029800 ConcurrentGCThread "G1 Young RemSet Sampling" [stack: 0x000000062b400000,0x000000062b500000] [id=26664]

Threads with active compile tasks:

VM state:not at safepoint (normal execution)

VM Mutex/Monitor currently owned by a thread: None

Heap address: 0x0000000700800000, size: 4088 MB, Compressed Oops mode: Zero based, Oop shift amount: 3
Narrow klass base: 0x0000000800000000, Narrow klass shift: 3
Compressed class space size: 1073741824 Address: 0x0000000800b40000

Heap:
 garbage-first heap   total 262144K, used 9216K [0x0000000700800000, 0x0000000800000000)
  region size 1024K, 10 young (10240K), 0 survivors (0K)
 Metaspace       used 3421K, capacity 6241K, committed 6528K, reserved 1056768K
  class space    used 244K, capacity 517K, committed 640K, reserved 1048576K
Heap Regions: E=young(eden), S=young(survivor), O=old, HS=humongous(starts), HC=humongous(continues), CS=collection set, F=free, A=archive, TAMS=top-at-mark-start (previous, next)
|   0|0x0000000700800000, 0x0000000700800000, 0x0000000700900000|  0%| F|  |TAMS 0x0000000700800000, 0x0000000700800000| Untracked 
|   1|0x0000000700900000, 0x0000000700900000, 0x0000000700a00000|  0%| F|  |TAMS 0x0000000700900000, 0x0000000700900000| Untracked 
|   2|0x0000000700a00000, 0x0000000700a00000, 0x0000000700b00000|  0%| F|  |TAMS 0x0000000700a00000, 0x0000000700a00000| Untracked 
|   3|0x0000000700b00000, 0x0000000700b00000, 0x0000000700c00000|  0%| F|  |TAMS 0x0000000700b00000, 0x0000000700b00000| Untracked 
|   4|0x0000000700c00000, 0x0000000700c00000, 0x0000000700d00000|  0%| F|  |TAMS 0x0000000700c00000, 0x0000000700c00000| Untracked 
|   5|0x0000000700d00000, 0x0000000700d00000, 0x0000000700e00000|  0%| F|  |TAMS 0x0000000700d00000, 0x0000000700d00000| Untracked 
|   6|0x0000000700e00000, 0x0000000700e00000, 0x0000000700f00000|  0%| F|  |TAMS 0x0000000700e00000, 0x0000000700e00000| Untracked 
|   7|0x0000000700f00000, 0x0000000700f00000, 0x0000000701000000|  0%| F|  |TAMS 0x0000000700f00000, 0x0000000700f00000| Untracked 
|   8|0x0000000701000000, 0x0000000701000000, 0x0000000701100000|  0%| F|  |TAMS 0x0000000701000000, 0x0000000701000000| Untracked 
|   9|0x0000000701100000, 0x0000000701100000, 0x0000000701200000|  0%| F|  |TAMS 0x0000000701100000, 0x0000000701100000| Untracked 
|  10|0x0000000701200000, 0x0000000701200000, 0x0000000701300000|  0%| F|  |TAMS 0x0000000701200000, 0x0000000701200000| Untracked 
|  11|0x0000000701300000, 0x0000000701300000, 0x0000000701400000|  0%| F|  |TAMS 0x0000000701300000, 0x0000000701300000| Untracked 
|  12|0x0000000701400000, 0x0000000701400000, 0x0000000701500000|  0%| F|  |TAMS 0x0000000701400000, 0x0000000701400000| Untracked 
|  13|0x0000000701500000, 0x0000000701500000, 0x0000000701600000|  0%| F|  |TAMS 0x0000000701500000, 0x0000000701500000| Untracked 
|  14|0x0000000701600000, 0x0000000701600000, 0x0000000701700000|  0%| F|  |TAMS 0x0000000701600000, 0x0000000701600000| Untracked 
|  15|0x0000000701700000, 0x0000000701700000, 0x0000000701800000|  0%| F|  |TAMS 0x0000000701700000, 0x0000000701700000| Untracked 
|  16|0x0000000701800000, 0x0000000701800000, 0x0000000701900000|  0%| F|  |TAMS 0x0000000701800000, 0x0000000701800000| Untracked 
|  17|0x0000000701900000, 0x0000000701900000, 0x0000000701a00000|  0%| F|  |TAMS 0x0000000701900000, 0x0000000701900000| Untracked 
|  18|0x0000000701a00000, 0x0000000701a00000, 0x0000000701b00000|  0%| F|  |TAMS 0x0000000701a00000, 0x0000000701a00000| Untracked 
|  19|0x0000000701b00000, 0x0000000701b00000, 0x0000000701c00000|  0%| F|  |TAMS 0x0000000701b00000, 0x0000000701b00000| Untracked 
|  20|0x0000000701c00000, 0x0000000701c00000, 0x0000000701d00000|  0%| F|  |TAMS 0x0000000701c00000, 0x0000000701c00000| Untracked 
|  21|0x0000000701d00000, 0x0000000701d00000, 0x0000000701e00000|  0%| F|  |TAMS 0x0000000701d00000, 0x0000000701d00000| Untracked 
|  22|0x0000000701e00000, 0x0000000701e00000, 0x0000000701f00000|  0%| F|  |TAMS 0x0000000701e00000, 0x0000000701e00000| Untracked 
|  23|0x0000000701f00000, 0x0000000701f00000, 0x0000000702000000|  0%| F|  |TAMS 0x0000000701f00000, 0x0000000701f00000| Untracked 
|  24|0x0000000702000000, 0x0000000702000000, 0x0000000702100000|  0%| F|  |TAMS 0x0000000702000000, 0x0000000702000000| Untracked 
|  25|0x0000000702100000, 0x0000000702100000, 0x0000000702200000|  0%| F|  |TAMS 0x0000000702100000, 0x0000000702100000| Untracked 
|  26|0x0000000702200000, 0x0000000702200000, 0x0000000702300000|  0%| F|  |TAMS 0x0000000702200000, 0x0000000702200000| Untracked 
|  27|0x0000000702300000, 0x0000000702300000, 0x0000000702400000|  0%| F|  |TAMS 0x0000000702300000, 0x0000000702300000| Untracked 
|  28|0x0000000702400000, 0x0000000702400000, 0x0000000702500000|  0%| F|  |TAMS 0x0000000702400000, 0x0000000702400000| Untracked 
|  29|0x0000000702500000, 0x0000000702500000, 0x0000000702600000|  0%| F|  |TAMS 0x0000000702500000, 0x0000000702500000| Untracked 
|  30|0x0000000702600000, 0x0000000702600000, 0x0000000702700000|  0%| F|  |TAMS 0x0000000702600000, 0x0000000702600000| Untracked 
|  31|0x0000000702700000, 0x0000000702700000, 0x0000000702800000|  0%| F|  |TAMS 0x0000000702700000, 0x0000000702700000| Untracked 
|  32|0x0000000702800000, 0x0000000702800000, 0x0000000702900000|  0%| F|  |TAMS 0x0000000702800000, 0x0000000702800000| Untracked 
|  33|0x0000000702900000, 0x0000000702900000, 0x0000000702a00000|  0%| F|  |TAMS 0x0000000702900000, 0x0000000702900000| Untracked 
|  34|0x0000000702a00000, 0x0000000702a00000, 0x0000000702b00000|  0%| F|  |TAMS 0x0000000702a00000, 0x0000000702a00000| Untracked 
|  35|0x0000000702b00000, 0x0000000702b00000, 0x0000000702c00000|  0%| F|  |TAMS 0x0000000702b00000, 0x0000000702b00000| Untracked 
|  36|0x0000000702c00000, 0x0000000702c00000, 0x0000000702d00000|  0%| F|  |TAMS 0x0000000702c00000, 0x0000000702c00000| Untracked 
|  37|0x0000000702d00000, 0x0000000702d00000, 0x0000000702e00000|  0%| F|  |TAMS 0x0000000702d00000, 0x0000000702d00000| Untracked 
|  38|0x0000000702e00000, 0x0000000702e00000, 0x0000000702f00000|  0%| F|  |TAMS 0x0000000702e00000, 0x0000000702e00000| Untracked 
|  39|0x0000000702f00000, 0x0000000702f00000, 0x0000000703000000|  0%| F|  |TAMS 0x0000000702f00000, 0x0000000702f00000| Untracked 
|  40|0x0000000703000000, 0x0000000703000000, 0x0000000703100000|  0%| F|  |TAMS 0x0000000703000000, 0x0000000703000000| Untracked 
|  41|0x0000000703100000, 0x0000000703100000, 0x0000000703200000|  0%| F|  |TAMS 0x0000000703100000, 0x0000000703100000| Untracked 
|  42|0x0000000703200000, 0x0000000703200000, 0x0000000703300000|  0%| F|  |TAMS 0x0000000703200000, 0x0000000703200000| Untracked 
|  43|0x0000000703300000, 0x0000000703300000, 0x0000000703400000|  0%| F|  |TAMS 0x0000000703300000, 0x0000000703300000| Untracked 
|  44|0x0000000703400000, 0x0000000703400000, 0x0000000703500000|  0%| F|  |TAMS 0x0000000703400000, 0x0000000703400000| Untracked 
|  45|0x0000000703500000, 0x0000000703500000, 0x0000000703600000|  0%| F|  |TAMS 0x0000000703500000, 0x0000000703500000| Untracked 
|  46|0x0000000703600000, 0x0000000703600000, 0x0000000703700000|  0%| F|  |TAMS 0x0000000703600000, 0x0000000703600000| Untracked 
|  47|0x0000000703700000, 0x0000000703700000, 0x0000000703800000|  0%| F|  |TAMS 0x0000000703700000, 0x0000000703700000| Untracked 
|  48|0x0000000703800000, 0x0000000703800000, 0x0000000703900000|  0%| F|  |TAMS 0x0000000703800000, 0x0000000703800000| Untracked 
|  49|0x0000000703900000, 0x0000000703900000, 0x0000000703a00000|  0%| F|  |TAMS 0x0000000703900000, 0x0000000703900000| Untracked 
|  50|0x0000000703a00000, 0x0000000703a00000, 0x0000000703b00000|  0%| F|  |TAMS 0x0000000703a00000, 0x0000000703a00000| Untracked 
|  51|0x0000000703b00000, 0x0000000703b00000, 0x0000000703c00000|  0%| F|  |TAMS 0x0000000703b00000, 0x0000000703b00000| Untracked 
|  52|0x0000000703c00000, 0x0000000703c00000, 0x0000000703d00000|  0%| F|  |TAMS 0x0000000703c00000, 0x0000000703c00000| Untracked 
|  53|0x0000000703d00000, 0x0000000703d00000, 0x0000000703e00000|  0%| F|  |TAMS 0x0000000703d00000, 0x0000000703d00000| Untracked 
|  54|0x0000000703e00000, 0x0000000703e00000, 0x0000000703f00000|  0%| F|  |TAMS 0x0000000703e00000, 0x0000000703e00000| Untracked 
|  55|0x0000000703f00000, 0x0000000703f00000, 0x0000000704000000|  0%| F|  |TAMS 0x0000000703f00000, 0x0000000703f00000| Untracked 
|  56|0x0000000704000000, 0x0000000704000000, 0x0000000704100000|  0%| F|  |TAMS 0x0000000704000000, 0x0000000704000000| Untracked 
|  57|0x0000000704100000, 0x0000000704100000, 0x0000000704200000|  0%| F|  |TAMS 0x0000000704100000, 0x0000000704100000| Untracked 
|  58|0x0000000704200000, 0x0000000704200000, 0x0000000704300000|  0%| F|  |TAMS 0x0000000704200000, 0x0000000704200000| Untracked 
|  59|0x0000000704300000, 0x0000000704300000, 0x0000000704400000|  0%| F|  |TAMS 0x0000000704300000, 0x0000000704300000| Untracked 
|  60|0x0000000704400000, 0x0000000704400000, 0x0000000704500000|  0%| F|  |TAMS 0x0000000704400000, 0x0000000704400000| Untracked 
|  61|0x0000000704500000, 0x0000000704500000, 0x0000000704600000|  0%| F|  |TAMS 0x0000000704500000, 0x0000000704500000| Untracked 
|  62|0x0000000704600000, 0x0000000704600000, 0x0000000704700000|  0%| F|  |TAMS 0x0000000704600000, 0x0000000704600000| Untracked 
|  63|0x0000000704700000, 0x0000000704700000, 0x0000000704800000|  0%| F|  |TAMS 0x0000000704700000, 0x0000000704700000| Untracked 
|  64|0x0000000704800000, 0x0000000704800000, 0x0000000704900000|  0%| F|  |TAMS 0x0000000704800000, 0x0000000704800000| Untracked 
|  65|0x0000000704900000, 0x0000000704900000, 0x0000000704a00000|  0%| F|  |TAMS 0x0000000704900000, 0x0000000704900000| Untracked 
|  66|0x0000000704a00000, 0x0000000704a00000, 0x0000000704b00000|  0%| F|  |TAMS 0x0000000704a00000, 0x0000000704a00000| Untracked 
|  67|0x0000000704b00000, 0x0000000704b00000, 0x0000000704c00000|  0%| F|  |TAMS 0x0000000704b00000, 0x0000000704b00000| Untracked 
|  68|0x0000000704c00000, 0x0000000704c00000, 0x0000000704d00000|  0%| F|  |TAMS 0x0000000704c00000, 0x0000000704c00000| Untracked 
|  69|0x0000000704d00000, 0x0000000704d00000, 0x0000000704e00000|  0%| F|  |TAMS 0x0000000704d00000, 0x0000000704d00000| Untracked 
|  70|0x0000000704e00000, 0x0000000704e00000, 0x0000000704f00000|  0%| F|  |TAMS 0x0000000704e00000, 0x0000000704e00000| Untracked 
|  71|0x0000000704f00000, 0x0000000704f00000, 0x0000000705000000|  0%| F|  |TAMS 0x0000000704f00000, 0x0000000704f00000| Untracked 
|  72|0x0000000705000000, 0x0000000705000000, 0x0000000705100000|  0%| F|  |TAMS 0x0000000705000000, 0x0000000705000000| Untracked 
|  73|0x0000000705100000, 0x0000000705100000, 0x0000000705200000|  0%| F|  |TAMS 0x0000000705100000, 0x0000000705100000| Untracked 
|  74|0x0000000705200000, 0x0000000705200000, 0x0000000705300000|  0%| F|  |TAMS 0x0000000705200000, 0x0000000705200000| Untracked 
|  75|0x0000000705300000, 0x0000000705300000, 0x0000000705400000|  0%| F|  |TAMS 0x0000000705300000, 0x0000000705300000| Untracked 
|  76|0x0000000705400000, 0x0000000705400000, 0x0000000705500000|  0%| F|  |TAMS 0x0000000705400000, 0x0000000705400000| Untracked 
|  77|0x0000000705500000, 0x0000000705500000, 0x0000000705600000|  0%| F|  |TAMS 0x0000000705500000, 0x0000000705500000| Untracked 
|  78|0x0000000705600000, 0x0000000705600000, 0x0000000705700000|  0%| F|  |TAMS 0x0000000705600000, 0x0000000705600000| Untracked 
|  79|0x0000000705700000, 0x0000000705700000, 0x0000000705800000|  0%| F|  |TAMS 0x0000000705700000, 0x0000000705700000| Untracked 
|  80|0x0000000705800000, 0x0000000705800000, 0x0000000705900000|  0%| F|  |TAMS 0x0000000705800000, 0x0000000705800000| Untracked 
|  81|0x0000000705900000, 0x0000000705900000, 0x0000000705a00000|  0%| F|  |TAMS 0x0000000705900000, 0x0000000705900000| Untracked 
|  82|0x0000000705a00000, 0x0000000705a00000, 0x0000000705b00000|  0%| F|  |TAMS 0x0000000705a00000, 0x0000000705a00000| Untracked 
|  83|0x0000000705b00000, 0x0000000705b00000, 0x0000000705c00000|  0%| F|  |TAMS 0x0000000705b00000, 0x0000000705b00000| Untracked 
|  84|0x0000000705c00000, 0x0000000705c00000, 0x0000000705d00000|  0%| F|  |TAMS 0x0000000705c00000, 0x0000000705c00000| Untracked 
|  85|0x0000000705d00000, 0x0000000705d00000, 0x0000000705e00000|  0%| F|  |TAMS 0x0000000705d00000, 0x0000000705d00000| Untracked 
|  86|0x0000000705e00000, 0x0000000705e00000, 0x0000000705f00000|  0%| F|  |TAMS 0x0000000705e00000, 0x0000000705e00000| Untracked 
|  87|0x0000000705f00000, 0x0000000705f00000, 0x0000000706000000|  0%| F|  |TAMS 0x0000000705f00000, 0x0000000705f00000| Untracked 
|  88|0x0000000706000000, 0x0000000706000000, 0x0000000706100000|  0%| F|  |TAMS 0x0000000706000000, 0x0000000706000000| Untracked 
|  89|0x0000000706100000, 0x0000000706100000, 0x0000000706200000|  0%| F|  |TAMS 0x0000000706100000, 0x0000000706100000| Untracked 
|  90|0x0000000706200000, 0x0000000706200000, 0x0000000706300000|  0%| F|  |TAMS 0x0000000706200000, 0x0000000706200000| Untracked 
|  91|0x0000000706300000, 0x0000000706300000, 0x0000000706400000|  0%| F|  |TAMS 0x0000000706300000, 0x0000000706300000| Untracked 
|  92|0x0000000706400000, 0x0000000706400000, 0x0000000706500000|  0%| F|  |TAMS 0x0000000706400000, 0x0000000706400000| Untracked 
|  93|0x0000000706500000, 0x0000000706500000, 0x0000000706600000|  0%| F|  |TAMS 0x0000000706500000, 0x0000000706500000| Untracked 
|  94|0x0000000706600000, 0x0000000706600000, 0x0000000706700000|  0%| F|  |TAMS 0x0000000706600000, 0x0000000706600000| Untracked 
|  95|0x0000000706700000, 0x0000000706700000, 0x0000000706800000|  0%| F|  |TAMS 0x0000000706700000, 0x0000000706700000| Untracked 
|  96|0x0000000706800000, 0x0000000706800000, 0x0000000706900000|  0%| F|  |TAMS 0x0000000706800000, 0x0000000706800000| Untracked 
|  97|0x0000000706900000, 0x0000000706900000, 0x0000000706a00000|  0%| F|  |TAMS 0x0000000706900000, 0x0000000706900000| Untracked 
|  98|0x0000000706a00000, 0x0000000706a00000, 0x0000000706b00000|  0%| F|  |TAMS 0x0000000706a00000, 0x0000000706a00000| Untracked 
|  99|0x0000000706b00000, 0x0000000706b00000, 0x0000000706c00000|  0%| F|  |TAMS 0x0000000706b00000, 0x0000000706b00000| Untracked 
| 100|0x0000000706c00000, 0x0000000706c00000, 0x0000000706d00000|  0%| F|  |TAMS 0x0000000706c00000, 0x0000000706c00000| Untracked 
| 101|0x0000000706d00000, 0x0000000706d00000, 0x0000000706e00000|  0%| F|  |TAMS 0x0000000706d00000, 0x0000000706d00000| Untracked 
| 102|0x0000000706e00000, 0x0000000706e00000, 0x0000000706f00000|  0%| F|  |TAMS 0x0000000706e00000, 0x0000000706e00000| Untracked 
| 103|0x0000000706f00000, 0x0000000706f00000, 0x0000000707000000|  0%| F|  |TAMS 0x0000000706f00000, 0x0000000706f00000| Untracked 
| 104|0x0000000707000000, 0x0000000707000000, 0x0000000707100000|  0%| F|  |TAMS 0x0000000707000000, 0x0000000707000000| Untracked 
| 105|0x0000000707100000, 0x0000000707100000, 0x0000000707200000|  0%| F|  |TAMS 0x0000000707100000, 0x0000000707100000| Untracked 
| 106|0x0000000707200000, 0x0000000707200000, 0x0000000707300000|  0%| F|  |TAMS 0x0000000707200000, 0x0000000707200000| Untracked 
| 107|0x0000000707300000, 0x0000000707300000, 0x0000000707400000|  0%| F|  |TAMS 0x0000000707300000, 0x0000000707300000| Untracked 
| 108|0x0000000707400000, 0x0000000707400000, 0x0000000707500000|  0%| F|  |TAMS 0x0000000707400000, 0x0000000707400000| Untracked 
| 109|0x0000000707500000, 0x0000000707500000, 0x0000000707600000|  0%| F|  |TAMS 0x0000000707500000, 0x0000000707500000| Untracked 
| 110|0x0000000707600000, 0x0000000707600000, 0x0000000707700000|  0%| F|  |TAMS 0x0000000707600000, 0x0000000707600000| Untracked 
| 111|0x0000000707700000, 0x0000000707700000, 0x0000000707800000|  0%| F|  |TAMS 0x0000000707700000, 0x0000000707700000| Untracked 
| 112|0x0000000707800000, 0x0000000707800000, 0x0000000707900000|  0%| F|  |TAMS 0x0000000707800000, 0x0000000707800000| Untracked 
| 113|0x0000000707900000, 0x0000000707900000, 0x0000000707a00000|  0%| F|  |TAMS 0x0000000707900000, 0x0000000707900000| Untracked 
| 114|0x0000000707a00000, 0x0000000707a00000, 0x0000000707b00000|  0%| F|  |TAMS 0x0000000707a00000, 0x0000000707a00000| Untracked 
| 115|0x0000000707b00000, 0x0000000707b00000, 0x0000000707c00000|  0%| F|  |TAMS 0x0000000707b00000, 0x0000000707b00000| Untracked 
| 116|0x0000000707c00000, 0x0000000707c00000, 0x0000000707d00000|  0%| F|  |TAMS 0x0000000707c00000, 0x0000000707c00000| Untracked 
| 117|0x0000000707d00000, 0x0000000707d00000, 0x0000000707e00000|  0%| F|  |TAMS 0x0000000707d00000, 0x0000000707d00000| Untracked 
| 118|0x0000000707e00000, 0x0000000707e00000, 0x0000000707f00000|  0%| F|  |TAMS 0x0000000707e00000, 0x0000000707e00000| Untracked 
| 119|0x0000000707f00000, 0x0000000707f00000, 0x0000000708000000|  0%| F|  |TAMS 0x0000000707f00000, 0x0000000707f00000| Untracked 
| 120|0x0000000708000000, 0x0000000708000000, 0x0000000708100000|  0%| F|  |TAMS 0x0000000708000000, 0x0000000708000000| Untracked 
| 121|0x0000000708100000, 0x0000000708100000, 0x0000000708200000|  0%| F|  |TAMS 0x0000000708100000, 0x0000000708100000| Untracked 
| 122|0x0000000708200000, 0x0000000708200000, 0x0000000708300000|  0%| F|  |TAMS 0x0000000708200000, 0x0000000708200000| Untracked 
| 123|0x0000000708300000, 0x0000000708300000, 0x0000000708400000|  0%| F|  |TAMS 0x0000000708300000, 0x0000000708300000| Untracked 
| 124|0x0000000708400000, 0x0000000708400000, 0x0000000708500000|  0%| F|  |TAMS 0x0000000708400000, 0x0000000708400000| Untracked 
| 125|0x0000000708500000, 0x0000000708500000, 0x0000000708600000|  0%| F|  |TAMS 0x0000000708500000, 0x0000000708500000| Untracked 
| 126|0x0000000708600000, 0x0000000708600000, 0x0000000708700000|  0%| F|  |TAMS 0x0000000708600000, 0x0000000708600000| Untracked 
| 127|0x0000000708700000, 0x0000000708700000, 0x0000000708800000|  0%| F|  |TAMS 0x0000000708700000, 0x0000000708700000| Untracked 
| 128|0x0000000708800000, 0x0000000708800000, 0x0000000708900000|  0%| F|  |TAMS 0x0000000708800000, 0x0000000708800000| Untracked 
| 129|0x0000000708900000, 0x0000000708900000, 0x0000000708a00000|  0%| F|  |TAMS 0x0000000708900000, 0x0000000708900000| Untracked 
| 130|0x0000000708a00000, 0x0000000708a00000, 0x0000000708b00000|  0%| F|  |TAMS 0x0000000708a00000, 0x0000000708a00000| Untracked 
| 131|0x0000000708b00000, 0x0000000708b00000, 0x0000000708c00000|  0%| F|  |TAMS 0x0000000708b00000, 0x0000000708b00000| Untracked 
| 132|0x0000000708c00000, 0x0000000708c00000, 0x0000000708d00000|  0%| F|  |TAMS 0x0000000708c00000, 0x0000000708c00000| Untracked 
| 133|0x0000000708d00000, 0x0000000708d00000, 0x0000000708e00000|  0%| F|  |TAMS 0x0000000708d00000, 0x0000000708d00000| Untracked 
| 134|0x0000000708e00000, 0x0000000708e00000, 0x0000000708f00000|  0%| F|  |TAMS 0x0000000708e00000, 0x0000000708e00000| Untracked 
| 135|0x0000000708f00000, 0x0000000708f00000, 0x0000000709000000|  0%| F|  |TAMS 0x0000000708f00000, 0x0000000708f00000| Untracked 
| 136|0x0000000709000000, 0x0000000709000000, 0x0000000709100000|  0%| F|  |TAMS 0x0000000709000000, 0x0000000709000000| Untracked 
| 137|0x0000000709100000, 0x0000000709100000, 0x0000000709200000|  0%| F|  |TAMS 0x0000000709100000, 0x0000000709100000| Untracked 
| 138|0x0000000709200000, 0x0000000709200000, 0x0000000709300000|  0%| F|  |TAMS 0x0000000709200000, 0x0000000709200000| Untracked 
| 139|0x0000000709300000, 0x0000000709300000, 0x0000000709400000|  0%| F|  |TAMS 0x0000000709300000, 0x0000000709300000| Untracked 
| 140|0x0000000709400000, 0x0000000709400000, 0x0000000709500000|  0%| F|  |TAMS 0x0000000709400000, 0x0000000709400000| Untracked 
| 141|0x0000000709500000, 0x0000000709500000, 0x0000000709600000|  0%| F|  |TAMS 0x0000000709500000, 0x0000000709500000| Untracked 
| 142|0x0000000709600000, 0x0000000709600000, 0x0000000709700000|  0%| F|  |TAMS 0x0000000709600000, 0x0000000709600000| Untracked 
| 143|0x0000000709700000, 0x0000000709700000, 0x0000000709800000|  0%| F|  |TAMS 0x0000000709700000, 0x0000000709700000| Untracked 
| 144|0x0000000709800000, 0x0000000709800000, 0x0000000709900000|  0%| F|  |TAMS 0x0000000709800000, 0x0000000709800000| Untracked 
| 145|0x0000000709900000, 0x0000000709900000, 0x0000000709a00000|  0%| F|  |TAMS 0x0000000709900000, 0x0000000709900000| Untracked 
| 146|0x0000000709a00000, 0x0000000709a00000, 0x0000000709b00000|  0%| F|  |TAMS 0x0000000709a00000, 0x0000000709a00000| Untracked 
| 147|0x0000000709b00000, 0x0000000709b00000, 0x0000000709c00000|  0%| F|  |TAMS 0x0000000709b00000, 0x0000000709b00000| Untracked 
| 148|0x0000000709c00000, 0x0000000709c00000, 0x0000000709d00000|  0%| F|  |TAMS 0x0000000709c00000, 0x0000000709c00000| Untracked 
| 149|0x0000000709d00000, 0x0000000709d00000, 0x0000000709e00000|  0%| F|  |TAMS 0x0000000709d00000, 0x0000000709d00000| Untracked 
| 150|0x0000000709e00000, 0x0000000709e00000, 0x0000000709f00000|  0%| F|  |TAMS 0x0000000709e00000, 0x0000000709e00000| Untracked 
| 151|0x0000000709f00000, 0x0000000709f00000, 0x000000070a000000|  0%| F|  |TAMS 0x0000000709f00000, 0x0000000709f00000| Untracked 
| 152|0x000000070a000000, 0x000000070a000000, 0x000000070a100000|  0%| F|  |TAMS 0x000000070a000000, 0x000000070a000000| Untracked 
| 153|0x000000070a100000, 0x000000070a100000, 0x000000070a200000|  0%| F|  |TAMS 0x000000070a100000, 0x000000070a100000| Untracked 
| 154|0x000000070a200000, 0x000000070a200000, 0x000000070a300000|  0%| F|  |TAMS 0x000000070a200000, 0x000000070a200000| Untracked 
| 155|0x000000070a300000, 0x000000070a300000, 0x000000070a400000|  0%| F|  |TAMS 0x000000070a300000, 0x000000070a300000| Untracked 
| 156|0x000000070a400000, 0x000000070a400000, 0x000000070a500000|  0%| F|  |TAMS 0x000000070a400000, 0x000000070a400000| Untracked 
| 157|0x000000070a500000, 0x000000070a500000, 0x000000070a600000|  0%| F|  |TAMS 0x000000070a500000, 0x000000070a500000| Untracked 
| 158|0x000000070a600000, 0x000000070a600000, 0x000000070a700000|  0%| F|  |TAMS 0x000000070a600000, 0x000000070a600000| Untracked 
| 159|0x000000070a700000, 0x000000070a700000, 0x000000070a800000|  0%| F|  |TAMS 0x000000070a700000, 0x000000070a700000| Untracked 
| 160|0x000000070a800000, 0x000000070a800000, 0x000000070a900000|  0%| F|  |TAMS 0x000000070a800000, 0x000000070a800000| Untracked 
| 161|0x000000070a900000, 0x000000070a900000, 0x000000070aa00000|  0%| F|  |TAMS 0x000000070a900000, 0x000000070a900000| Untracked 
| 162|0x000000070aa00000, 0x000000070aa00000, 0x000000070ab00000|  0%| F|  |TAMS 0x000000070aa00000, 0x000000070aa00000| Untracked 
| 163|0x000000070ab00000, 0x000000070ab00000, 0x000000070ac00000|  0%| F|  |TAMS 0x000000070ab00000, 0x000000070ab00000| Untracked 
| 164|0x000000070ac00000, 0x000000070ac00000, 0x000000070ad00000|  0%| F|  |TAMS 0x000000070ac00000, 0x000000070ac00000| Untracked 
| 165|0x000000070ad00000, 0x000000070ad00000, 0x000000070ae00000|  0%| F|  |TAMS 0x000000070ad00000, 0x000000070ad00000| Untracked 
| 166|0x000000070ae00000, 0x000000070ae00000, 0x000000070af00000|  0%| F|  |TAMS 0x000000070ae00000, 0x000000070ae00000| Untracked 
| 167|0x000000070af00000, 0x000000070af00000, 0x000000070b000000|  0%| F|  |TAMS 0x000000070af00000, 0x000000070af00000| Untracked 
| 168|0x000000070b000000, 0x000000070b000000, 0x000000070b100000|  0%| F|  |TAMS 0x000000070b000000, 0x000000070b000000| Untracked 
| 169|0x000000070b100000, 0x000000070b100000, 0x000000070b200000|  0%| F|  |TAMS 0x000000070b100000, 0x000000070b100000| Untracked 
| 170|0x000000070b200000, 0x000000070b200000, 0x000000070b300000|  0%| F|  |TAMS 0x000000070b200000, 0x000000070b200000| Untracked 
| 171|0x000000070b300000, 0x000000070b300000, 0x000000070b400000|  0%| F|  |TAMS 0x000000070b300000, 0x000000070b300000| Untracked 
| 172|0x000000070b400000, 0x000000070b400000, 0x000000070b500000|  0%| F|  |TAMS 0x000000070b400000, 0x000000070b400000| Untracked 
| 173|0x000000070b500000, 0x000000070b500000, 0x000000070b600000|  0%| F|  |TAMS 0x000000070b500000, 0x000000070b500000| Untracked 
| 174|0x000000070b600000, 0x000000070b600000, 0x000000070b700000|  0%| F|  |TAMS 0x000000070b600000, 0x000000070b600000| Untracked 
| 175|0x000000070b700000, 0x000000070b700000, 0x000000070b800000|  0%| F|  |TAMS 0x000000070b700000, 0x000000070b700000| Untracked 
| 176|0x000000070b800000, 0x000000070b800000, 0x000000070b900000|  0%| F|  |TAMS 0x000000070b800000, 0x000000070b800000| Untracked 
| 177|0x000000070b900000, 0x000000070b900000, 0x000000070ba00000|  0%| F|  |TAMS 0x000000070b900000, 0x000000070b900000| Untracked 
| 178|0x000000070ba00000, 0x000000070ba00000, 0x000000070bb00000|  0%| F|  |TAMS 0x000000070ba00000, 0x000000070ba00000| Untracked 
| 179|0x000000070bb00000, 0x000000070bb00000, 0x000000070bc00000|  0%| F|  |TAMS 0x000000070bb00000, 0x000000070bb00000| Untracked 
| 180|0x000000070bc00000, 0x000000070bc00000, 0x000000070bd00000|  0%| F|  |TAMS 0x000000070bc00000, 0x000000070bc00000| Untracked 
| 181|0x000000070bd00000, 0x000000070bd00000, 0x000000070be00000|  0%| F|  |TAMS 0x000000070bd00000, 0x000000070bd00000| Untracked 
| 182|0x000000070be00000, 0x000000070be00000, 0x000000070bf00000|  0%| F|  |TAMS 0x000000070be00000, 0x000000070be00000| Untracked 
| 183|0x000000070bf00000, 0x000000070bf00000, 0x000000070c000000|  0%| F|  |TAMS 0x000000070bf00000, 0x000000070bf00000| Untracked 
| 184|0x000000070c000000, 0x000000070c000000, 0x000000070c100000|  0%| F|  |TAMS 0x000000070c000000, 0x000000070c000000| Untracked 
| 185|0x000000070c100000, 0x000000070c100000, 0x000000070c200000|  0%| F|  |TAMS 0x000000070c100000, 0x000000070c100000| Untracked 
| 186|0x000000070c200000, 0x000000070c200000, 0x000000070c300000|  0%| F|  |TAMS 0x000000070c200000, 0x000000070c200000| Untracked 
| 187|0x000000070c300000, 0x000000070c300000, 0x000000070c400000|  0%| F|  |TAMS 0x000000070c300000, 0x000000070c300000| Untracked 
| 188|0x000000070c400000, 0x000000070c400000, 0x000000070c500000|  0%| F|  |TAMS 0x000000070c400000, 0x000000070c400000| Untracked 
| 189|0x000000070c500000, 0x000000070c500000, 0x000000070c600000|  0%| F|  |TAMS 0x000000070c500000, 0x000000070c500000| Untracked 
| 190|0x000000070c600000, 0x000000070c600000, 0x000000070c700000|  0%| F|  |TAMS 0x000000070c600000, 0x000000070c600000| Untracked 
| 191|0x000000070c700000, 0x000000070c700000, 0x000000070c800000|  0%| F|  |TAMS 0x000000070c700000, 0x000000070c700000| Untracked 
| 192|0x000000070c800000, 0x000000070c800000, 0x000000070c900000|  0%| F|  |TAMS 0x000000070c800000, 0x000000070c800000| Untracked 
| 193|0x000000070c900000, 0x000000070c900000, 0x000000070ca00000|  0%| F|  |TAMS 0x000000070c900000, 0x000000070c900000| Untracked 
| 194|0x000000070ca00000, 0x000000070ca00000, 0x000000070cb00000|  0%| F|  |TAMS 0x000000070ca00000, 0x000000070ca00000| Untracked 
| 195|0x000000070cb00000, 0x000000070cb00000, 0x000000070cc00000|  0%| F|  |TAMS 0x000000070cb00000, 0x000000070cb00000| Untracked 
| 196|0x000000070cc00000, 0x000000070cc00000, 0x000000070cd00000|  0%| F|  |TAMS 0x000000070cc00000, 0x000000070cc00000| Untracked 
| 197|0x000000070cd00000, 0x000000070cd00000, 0x000000070ce00000|  0%| F|  |TAMS 0x000000070cd00000, 0x000000070cd00000| Untracked 
| 198|0x000000070ce00000, 0x000000070ce00000, 0x000000070cf00000|  0%| F|  |TAMS 0x000000070ce00000, 0x000000070ce00000| Untracked 
| 199|0x000000070cf00000, 0x000000070cf00000, 0x000000070d000000|  0%| F|  |TAMS 0x000000070cf00000, 0x000000070cf00000| Untracked 
| 200|0x000000070d000000, 0x000000070d000000, 0x000000070d100000|  0%| F|  |TAMS 0x000000070d000000, 0x000000070d000000| Untracked 
| 201|0x000000070d100000, 0x000000070d100000, 0x000000070d200000|  0%| F|  |TAMS 0x000000070d100000, 0x000000070d100000| Untracked 
| 202|0x000000070d200000, 0x000000070d200000, 0x000000070d300000|  0%| F|  |TAMS 0x000000070d200000, 0x000000070d200000| Untracked 
| 203|0x000000070d300000, 0x000000070d300000, 0x000000070d400000|  0%| F|  |TAMS 0x000000070d300000, 0x000000070d300000| Untracked 
| 204|0x000000070d400000, 0x000000070d400000, 0x000000070d500000|  0%| F|  |TAMS 0x000000070d400000, 0x000000070d400000| Untracked 
| 205|0x000000070d500000, 0x000000070d500000, 0x000000070d600000|  0%| F|  |TAMS 0x000000070d500000, 0x000000070d500000| Untracked 
| 206|0x000000070d600000, 0x000000070d600000, 0x000000070d700000|  0%| F|  |TAMS 0x000000070d600000, 0x000000070d600000| Untracked 
| 207|0x000000070d700000, 0x000000070d700000, 0x000000070d800000|  0%| F|  |TAMS 0x000000070d700000, 0x000000070d700000| Untracked 
| 208|0x000000070d800000, 0x000000070d800000, 0x000000070d900000|  0%| F|  |TAMS 0x000000070d800000, 0x000000070d800000| Untracked 
| 209|0x000000070d900000, 0x000000070d900000, 0x000000070da00000|  0%| F|  |TAMS 0x000000070d900000, 0x000000070d900000| Untracked 
| 210|0x000000070da00000, 0x000000070da00000, 0x000000070db00000|  0%| F|  |TAMS 0x000000070da00000, 0x000000070da00000| Untracked 
| 211|0x000000070db00000, 0x000000070db00000, 0x000000070dc00000|  0%| F|  |TAMS 0x000000070db00000, 0x000000070db00000| Untracked 
| 212|0x000000070dc00000, 0x000000070dc00000, 0x000000070dd00000|  0%| F|  |TAMS 0x000000070dc00000, 0x000000070dc00000| Untracked 
| 213|0x000000070dd00000, 0x000000070dd00000, 0x000000070de00000|  0%| F|  |TAMS 0x000000070dd00000, 0x000000070dd00000| Untracked 
| 214|0x000000070de00000, 0x000000070de00000, 0x000000070df00000|  0%| F|  |TAMS 0x000000070de00000, 0x000000070de00000| Untracked 
| 215|0x000000070df00000, 0x000000070df00000, 0x000000070e000000|  0%| F|  |TAMS 0x000000070df00000, 0x000000070df00000| Untracked 
| 216|0x000000070e000000, 0x000000070e000000, 0x000000070e100000|  0%| F|  |TAMS 0x000000070e000000, 0x000000070e000000| Untracked 
| 217|0x000000070e100000, 0x000000070e100000, 0x000000070e200000|  0%| F|  |TAMS 0x000000070e100000, 0x000000070e100000| Untracked 
| 218|0x000000070e200000, 0x000000070e200000, 0x000000070e300000|  0%| F|  |TAMS 0x000000070e200000, 0x000000070e200000| Untracked 
| 219|0x000000070e300000, 0x000000070e300000, 0x000000070e400000|  0%| F|  |TAMS 0x000000070e300000, 0x000000070e300000| Untracked 
| 220|0x000000070e400000, 0x000000070e400000, 0x000000070e500000|  0%| F|  |TAMS 0x000000070e400000, 0x000000070e400000| Untracked 
| 221|0x000000070e500000, 0x000000070e500000, 0x000000070e600000|  0%| F|  |TAMS 0x000000070e500000, 0x000000070e500000| Untracked 
| 222|0x000000070e600000, 0x000000070e600000, 0x000000070e700000|  0%| F|  |TAMS 0x000000070e600000, 0x000000070e600000| Untracked 
| 223|0x000000070e700000, 0x000000070e700000, 0x000000070e800000|  0%| F|  |TAMS 0x000000070e700000, 0x000000070e700000| Untracked 
| 224|0x000000070e800000, 0x000000070e800000, 0x000000070e900000|  0%| F|  |TAMS 0x000000070e800000, 0x000000070e800000| Untracked 
| 225|0x000000070e900000, 0x000000070e900000, 0x000000070ea00000|  0%| F|  |TAMS 0x000000070e900000, 0x000000070e900000| Untracked 
| 226|0x000000070ea00000, 0x000000070ea00000, 0x000000070eb00000|  0%| F|  |TAMS 0x000000070ea00000, 0x000000070ea00000| Untracked 
| 227|0x000000070eb00000, 0x000000070eb00000, 0x000000070ec00000|  0%| F|  |TAMS 0x000000070eb00000, 0x000000070eb00000| Untracked 
| 228|0x000000070ec00000, 0x000000070ec00000, 0x000000070ed00000|  0%| F|  |TAMS 0x000000070ec00000, 0x000000070ec00000| Untracked 
| 229|0x000000070ed00000, 0x000000070ed00000, 0x000000070ee00000|  0%| F|  |TAMS 0x000000070ed00000, 0x000000070ed00000| Untracked 
| 230|0x000000070ee00000, 0x000000070ee00000, 0x000000070ef00000|  0%| F|  |TAMS 0x000000070ee00000, 0x000000070ee00000| Untracked 
| 231|0x000000070ef00000, 0x000000070ef00000, 0x000000070f000000|  0%| F|  |TAMS 0x000000070ef00000, 0x000000070ef00000| Untracked 
| 232|0x000000070f000000, 0x000000070f000000, 0x000000070f100000|  0%| F|  |TAMS 0x000000070f000000, 0x000000070f000000| Untracked 
| 233|0x000000070f100000, 0x000000070f100000, 0x000000070f200000|  0%| F|  |TAMS 0x000000070f100000, 0x000000070f100000| Untracked 
| 234|0x000000070f200000, 0x000000070f200000, 0x000000070f300000|  0%| F|  |TAMS 0x000000070f200000, 0x000000070f200000| Untracked 
| 235|0x000000070f300000, 0x000000070f300000, 0x000000070f400000|  0%| F|  |TAMS 0x000000070f300000, 0x000000070f300000| Untracked 
| 236|0x000000070f400000, 0x000000070f400000, 0x000000070f500000|  0%| F|  |TAMS 0x000000070f400000, 0x000000070f400000| Untracked 
| 237|0x000000070f500000, 0x000000070f500000, 0x000000070f600000|  0%| F|  |TAMS 0x000000070f500000, 0x000000070f500000| Untracked 
| 238|0x000000070f600000, 0x000000070f600000, 0x000000070f700000|  0%| F|  |TAMS 0x000000070f600000, 0x000000070f600000| Untracked 
| 239|0x000000070f700000, 0x000000070f700000, 0x000000070f800000|  0%| F|  |TAMS 0x000000070f700000, 0x000000070f700000| Untracked 
| 240|0x000000070f800000, 0x000000070f800000, 0x000000070f900000|  0%| F|  |TAMS 0x000000070f800000, 0x000000070f800000| Untracked 
| 241|0x000000070f900000, 0x000000070f900000, 0x000000070fa00000|  0%| F|  |TAMS 0x000000070f900000, 0x000000070f900000| Untracked 
| 242|0x000000070fa00000, 0x000000070fa00000, 0x000000070fb00000|  0%| F|  |TAMS 0x000000070fa00000, 0x000000070fa00000| Untracked 
| 243|0x000000070fb00000, 0x000000070fb00000, 0x000000070fc00000|  0%| F|  |TAMS 0x000000070fb00000, 0x000000070fb00000| Untracked 
| 244|0x000000070fc00000, 0x000000070fc00000, 0x000000070fd00000|  0%| F|  |TAMS 0x000000070fc00000, 0x000000070fc00000| Untracked 
| 245|0x000000070fd00000, 0x000000070fd00000, 0x000000070fe00000|  0%| F|  |TAMS 0x000000070fd00000, 0x000000070fd00000| Untracked 
| 246|0x000000070fe00000, 0x000000070fe71280, 0x000000070ff00000| 44%| E|  |TAMS 0x000000070fe00000, 0x000000070fe00000| Complete 
| 247|0x000000070ff00000, 0x0000000710000000, 0x0000000710000000|100%| E|CS|TAMS 0x000000070ff00000, 0x000000070ff00000| Complete 
| 248|0x0000000710000000, 0x0000000710100000, 0x0000000710100000|100%| E|CS|TAMS 0x0000000710000000, 0x0000000710000000| Complete 
| 249|0x0000000710100000, 0x0000000710200000, 0x0000000710200000|100%| E|CS|TAMS 0x0000000710100000, 0x0000000710100000| Complete 
| 250|0x0000000710200000, 0x0000000710300000, 0x0000000710300000|100%| E|CS|TAMS 0x0000000710200000, 0x0000000710200000| Complete 
| 251|0x0000000710300000, 0x0000000710400000, 0x0000000710400000|100%| E|CS|TAMS 0x0000000710300000, 0x0000000710300000| Complete 
| 252|0x0000000710400000, 0x0000000710500000, 0x0000000710500000|100%| E|CS|TAMS 0x0000000710400000, 0x0000000710400000| Complete 
| 253|0x0000000710500000, 0x0000000710600000, 0x0000000710600000|100%| E|CS|TAMS 0x0000000710500000, 0x0000000710500000| Complete 
| 254|0x0000000710600000, 0x0000000710700000, 0x0000000710700000|100%| E|CS|TAMS 0x0000000710600000, 0x0000000710600000| Complete 
| 255|0x0000000710700000, 0x0000000710800000, 0x0000000710800000|100%| E|CS|TAMS 0x0000000710700000, 0x0000000710700000| Complete 

Card table byte_map: [0x0000019d68810000,0x0000019d69010000] _byte_map_base: 0x0000019d6500c000

Marking Bits (Prev, Next): (CMBitMap*) 0x0000019d5094f8d8, (CMBitMap*) 0x0000019d5094f918
 Prev Bits: [0x0000019d69810000, 0x0000019d6d7f0000)
 Next Bits: [0x0000019d6d7f0000, 0x0000019d717d0000)

Polling page: 0x0000019d4e8c0000

Metaspace:

Usage:
  Non-class:      5.59 MB capacity,     3.10 MB ( 56%) used,     2.48 MB ( 44%) free+waste,     7.50 KB ( <1%) overhead. 
      Class:    517.00 KB capacity,   244.45 KB ( 47%) used,   268.30 KB ( 52%) free+waste,     4.25 KB ( <1%) overhead. 
       Both:      6.09 MB capacity,     3.34 MB ( 55%) used,     2.74 MB ( 45%) free+waste,    11.75 KB ( <1%) overhead. 

Virtual space:
  Non-class space:        8.00 MB reserved,       5.75 MB ( 72%) committed 
      Class space:        1.00 GB reserved,     640.00 KB ( <1%) committed 
             Both:        1.01 GB reserved,       6.38 MB ( <1%) committed 

Chunk freelists:
   Non-Class:  62.00 KB
       Class:  0 bytes
        Both:  62.00 KB

MaxMetaspaceSize: 17179869184.00 GB
CompressedClassSpaceSize: 1.00 GB

CodeHeap 'non-profiled nmethods': size=120000Kb used=212Kb max_used=212Kb free=119787Kb
 bounds [0x0000019d608b0000, 0x0000019d60b20000, 0x0000019d67de0000]
CodeHeap 'profiled nmethods': size=120000Kb used=1007Kb max_used=1007Kb free=118992Kb
 bounds [0x0000019d59380000, 0x0000019d595f0000, 0x0000019d608b0000]
CodeHeap 'non-nmethods': size=5760Kb used=1540Kb max_used=1556Kb free=4219Kb
 bounds [0x0000019d58de0000, 0x0000019d59050000, 0x0000019d59380000]
 total_blobs=1954 nmethods=647 adapters=816
 compilation: enabled
              stopped_count=0, restarted_count=0
 full_count=0

Compilation events (20 events):
Event: 0.683 Thread 0x0000019d749da800  638       3       java.util.LinkedHashMap$LinkedKeyIterator::next (8 bytes)
Event: 0.683 Thread 0x0000019d749da800 nmethod 638 0x0000019d59478a90 code [0x0000019d59478c40, 0x0000019d59478e10]
Event: 0.683 Thread 0x0000019d749da800  637       3       java.util.LinkedHashMap$LinkedHashIterator::nextNode (54 bytes)
Event: 0.683 Thread 0x0000019d749da800 nmethod 637 0x0000019d59478f10 code [0x0000019d594790e0, 0x0000019d594794c0]
Event: 0.683 Thread 0x0000019d749da800  639       3       jdk.internal.reflect.ReflectionFactory::langReflectAccess (15 bytes)
Event: 0.684 Thread 0x0000019d749da800 nmethod 639 0x0000019d59479610 code [0x0000019d594797c0, 0x0000019d594799d8]
Event: 0.684 Thread 0x0000019d749da800  640       3       java.lang.reflect.AccessibleObject::<init> (5 bytes)
Event: 0.684 Thread 0x0000019d749da800 nmethod 640 0x0000019d59479a90 code [0x0000019d59479c40, 0x0000019d59479e18]
Event: 0.684 Thread 0x0000019d749da800  642       3       java.lang.reflect.ReflectAccess::copyField (5 bytes)
Event: 0.684 Thread 0x0000019d749da800 nmethod 642 0x0000019d59479f10 code [0x0000019d5947a0c0, 0x0000019d5947a270]
Event: 0.684 Thread 0x0000019d749da800  643       3       java.lang.reflect.Field::copy (76 bytes)
Event: 0.684 Thread 0x0000019d749da800 nmethod 643 0x0000019d5947a310 code [0x0000019d5947a4e0, 0x0000019d5947a9c0]
Event: 0.684 Thread 0x0000019d749da800  644       3       java.lang.reflect.Field::<init> (44 bytes)
Event: 0.684 Thread 0x0000019d749da800 nmethod 644 0x0000019d5947ab10 code [0x0000019d5947ace0, 0x0000019d5947b138]
Event: 0.684 Thread 0x0000019d749da800  641       3       jdk.internal.reflect.ReflectionFactory::copyField (10 bytes)
Event: 0.684 Thread 0x0000019d749da800 nmethod 641 0x0000019d5947b210 code [0x0000019d5947b3e0, 0x0000019d5947b770]
Event: 0.684 Thread 0x0000019d749da800  645       1       java.lang.reflect.Field::getType (5 bytes)
Event: 0.684 Thread 0x0000019d749da800 nmethod 645 0x0000019d608e3710 code [0x0000019d608e38a0, 0x0000019d608e39d8]
Event: 0.685 Thread 0x0000019d749da800  646       3       org.lwjgl.system.MemoryUtil::memPutAddress (29 bytes)
Event: 0.685 Thread 0x0000019d749da800 nmethod 646 0x0000019d5947b910 code [0x0000019d5947bac0, 0x0000019d5947bc98]

GC Heap History (0 events):
No events

Deoptimization events (16 events):
Event: 0.102 Thread 0x0000019d508e7000 Uncommon trap: trap_request=0xffffff45 fr.pc=0x0000019d608b5408 relative=0x0000000000000068
Event: 0.102 Thread 0x0000019d508e7000 Uncommon trap: reason=unstable_if action=reinterpret pc=0x0000019d608b5408 method=java.lang.String.isLatin1()Z @ 10 c2
Event: 0.102 Thread 0x0000019d508e7000 DEOPT PACKING pc=0x0000019d608b5408 sp=0x000000062affc830
Event: 0.102 Thread 0x0000019d508e7000 DEOPT UNPACKING pc=0x0000019d58e2912f sp=0x000000062affc7c0 mode 2
Event: 0.116 Thread 0x0000019d508e7000 Uncommon trap: trap_request=0xffffff45 fr.pc=0x0000019d608be124 relative=0x0000000000000824
Event: 0.116 Thread 0x0000019d508e7000 Uncommon trap: reason=unstable_if action=reinterpret pc=0x0000019d608be124 method=java.util.HashMap.putVal(ILjava/lang/Object;Ljava/lang/Object;ZZ)Ljava/lang/Object; @ 181 c2
Event: 0.116 Thread 0x0000019d508e7000 DEOPT PACKING pc=0x0000019d608be124 sp=0x000000062affe940
Event: 0.116 Thread 0x0000019d508e7000 DEOPT UNPACKING pc=0x0000019d58e2912f sp=0x000000062affe8d0 mode 2
Event: 0.117 Thread 0x0000019d508e7000 DEOPT PACKING pc=0x0000019d593b648e sp=0x000000062affe6d0
Event: 0.117 Thread 0x0000019d508e7000 DEOPT UNPACKING pc=0x0000019d58e2964e sp=0x000000062affdb70 mode 0
Event: 0.141 Thread 0x0000019d508e7000 Uncommon trap: trap_request=0xffffff45 fr.pc=0x0000019d608b60a4 relative=0x0000000000000084
Event: 0.141 Thread 0x0000019d508e7000 Uncommon trap: reason=unstable_if action=reinterpret pc=0x0000019d608b60a4 method=java.lang.String.isLatin1()Z @ 10 c2
Event: 0.141 Thread 0x0000019d508e7000 DEOPT PACKING pc=0x0000019d608b60a4 sp=0x000000062affef00
Event: 0.141 Thread 0x0000019d508e7000 DEOPT UNPACKING pc=0x0000019d58e2912f sp=0x000000062affee40 mode 2
Event: 0.163 Thread 0x0000019d508e7000 DEOPT PACKING pc=0x0000019d593e4332 sp=0x000000062affdfd0
Event: 0.163 Thread 0x0000019d508e7000 DEOPT UNPACKING pc=0x0000019d58e2964e sp=0x000000062affd438 mode 0

Classes unloaded (0 events):
No events

Classes redefined (0 events):
No events

Internal exceptions (12 events):
Event: 0.156 Thread 0x0000019d508e7000 Exception <a 'java/lang/NoSuchMethodError'{0x00000007104fa828}: 'void java.lang.invoke.DelegatingMethodHandle$Holder.delegate(java.lang.Object, java.lang.Object, int, java.lang.Object)'> (0x00000007104fa828) 
thrown [t:/workspace/open/src/hotspot/share/interpreter/linkResolver.cpp, line 767]
Event: 0.157 Thread 0x0000019d508e7000 Exception <a 'java/lang/NoSuchMethodError'{0x00000007103018d0}: 'java.lang.Object java.lang.invoke.DirectMethodHandle$Holder.invokeStaticInit(java.lang.Object, java.lang.Object, java.lang.Object)'> (0x00000007103018d0) 
thrown [t:/workspace/open/src/hotspot/share/interpreter/linkResolver.cpp, line 767]
Event: 0.171 Thread 0x0000019d508e7000 Exception <a 'sun/nio/fs/WindowsException'{0x0000000710359430}> (0x0000000710359430) 
thrown [t:/workspace/open/src/hotspot/share/prims/jni.cpp, line 598]
Event: 0.171 Thread 0x0000019d508e7000 Exception <a 'sun/nio/fs/WindowsException'{0x0000000710359980}> (0x0000000710359980) 
thrown [t:/workspace/open/src/hotspot/share/prims/jni.cpp, line 598]
Event: 0.196 Thread 0x0000019d508e7000 Exception <a 'sun/nio/fs/WindowsException'{0x000000071021f1a0}> (0x000000071021f1a0) 
thrown [t:/workspace/open/src/hotspot/share/prims/jni.cpp, line 598]
Event: 0.196 Thread 0x0000019d508e7000 Exception <a 'sun/nio/fs/WindowsException'{0x000000071021f500}> (0x000000071021f500) 
thrown [t:/workspace/open/src/hotspot/share/prims/jni.cpp, line 598]
Event: 0.272 Thread 0x0000019d508e7000 Exception <a 'sun/nio/fs/WindowsException'{0x00000007101d2a10}> (0x00000007101d2a10) 
thrown [t:/workspace/open/src/hotspot/share/prims/jni.cpp, line 598]
Event: 0.272 Thread 0x0000019d508e7000 Exception <a 'sun/nio/fs/WindowsException'{0x00000007101d2d70}> (0x00000007101d2d70) 
thrown [t:/workspace/open/src/hotspot/share/prims/jni.cpp, line 598]
Event: 0.657 Thread 0x0000019d508e7000 Exception <a 'sun/nio/fs/WindowsException'{0x0000000710099300}> (0x0000000710099300) 
thrown [t:/workspace/open/src/hotspot/share/prims/jni.cpp, line 598]
Event: 0.658 Thread 0x0000019d508e7000 Exception <a 'sun/nio/fs/WindowsException'{0x00000007100996a8}> (0x00000007100996a8) 
thrown [t:/workspace/open/src/hotspot/share/prims/jni.cpp, line 598]
Event: 0.661 Thread 0x0000019d508e7000 Exception <a 'sun/nio/fs/WindowsException'{0x00000007100c7670}> (0x00000007100c7670) 
thrown [t:/workspace/open/src/hotspot/share/prims/jni.cpp, line 598]
Event: 0.661 Thread 0x0000019d508e7000 Exception <a 'sun/nio/fs/WindowsException'{0x00000007100c7950}> (0x00000007100c7950) 
thrown [t:/workspace/open/src/hotspot/share/prims/jni.cpp, line 598]

Events (20 events):
Event: 0.660 loading class org/lwjgl/opengl/GL$4
Event: 0.660 loading class org/lwjgl/opengl/GL$4 done
Event: 0.661 loading class org/lwjgl/system/dyncall/DynLoad
Event: 0.661 loading class org/lwjgl/system/dyncall/DynLoad done
Event: 0.661 loading class org/lwjgl/opengl/GL$1
Event: 0.661 loading class org/lwjgl/opengl/GL$1 done
Event: 0.662 loading class org/lwjgl/opengl/GL$SharedLibraryGL
Event: 0.662 loading class org/lwjgl/opengl/GL$SharedLibraryGL done
Event: 0.662 loading class org/lwjgl/system/SharedLibrary$Delegate
Event: 0.662 loading class org/lwjgl/system/SharedLibrary$Delegate done
Event: 0.663 loading class org/lwjgl/opengl/GLCapabilities
Event: 0.663 loading class org/lwjgl/opengl/GLCapabilities done
Event: 0.666 loading class org/lwjgl/system/ThreadLocalUtil
Event: 0.666 loading class org/lwjgl/system/ThreadLocalUtil done
Event: 0.683 loading class java/util/LinkedHashMap$LinkedKeySet
Event: 0.683 loading class java/util/LinkedHashMap$LinkedKeySet done
Event: 0.683 loading class java/util/LinkedHashMap$LinkedKeyIterator
Event: 0.683 loading class java/util/LinkedHashMap$LinkedKeyIterator done
Event: 0.684 loading class org/lwjgl/system/libc/LibCStdlib
Event: 0.684 loading class org/lwjgl/system/libc/LibCStdlib done


Dynamic libraries:
0x00007ff72d2a0000 - 0x00007ff72d2ad000 	C:\Program Files\Java\openjdk-13.0.2\bin\java.exe
0x00007ff8ec2a0000 - 0x00007ff8ec490000 	C:\WINDOWS\SYSTEM32\ntdll.dll
0x00007ff8eb4c0000 - 0x00007ff8eb572000 	C:\WINDOWS\System32\KERNEL32.DLL
0x00007ff8e9220000 - 0x00007ff8e94c4000 	C:\WINDOWS\System32\KERNELBASE.dll
0x00007ff8e9f90000 - 0x00007ff8ea08a000 	C:\WINDOWS\System32\ucrtbase.dll
0x00007ff8a4b40000 - 0x00007ff8a4b58000 	C:\Program Files\Java\openjdk-13.0.2\bin\jli.dll
0x00007ff8eb0d0000 - 0x00007ff8eb264000 	C:\WINDOWS\System32\USER32.dll
0x00007ff8e9610000 - 0x00007ff8e9631000 	C:\WINDOWS\System32\win32u.dll
0x00007ff8eb6d0000 - 0x00007ff8eb6f6000 	C:\WINDOWS\System32\GDI32.dll
0x00007ff8e9dd0000 - 0x00007ff8e9f66000 	C:\WINDOWS\System32\gdi32full.dll
0x00007ff8ddd20000 - 0x00007ff8ddfa4000 	C:\WINDOWS\WinSxS\amd64_microsoft.windows.common-controls_6595b64144ccf1df_6.0.18362.959_none_e6c7bbbf130c62bb\COMCTL32.dll
0x00007ff8ea110000 - 0x00007ff8ea1ae000 	C:\WINDOWS\System32\msvcp_win.dll
0x00007ff8b5680000 - 0x00007ff8b5695000 	C:\Program Files\Java\openjdk-13.0.2\bin\VCRUNTIME140.dll
0x00007ff8ec0e0000 - 0x00007ff8ec17e000 	C:\WINDOWS\System32\msvcrt.dll
0x00007ff8ea560000 - 0x00007ff8ea895000 	C:\WINDOWS\System32\combase.dll
0x00007ff8eb270000 - 0x00007ff8eb390000 	C:\WINDOWS\System32\RPCRT4.dll
0x00007ff8ea090000 - 0x00007ff8ea110000 	C:\WINDOWS\System32\bcryptPrimitives.dll
0x00007ff8ea460000 - 0x00007ff8ea48e000 	C:\WINDOWS\System32\IMM32.DLL
0x00007ff878960000 - 0x00007ff8789fb000 	C:\Program Files\Java\openjdk-13.0.2\bin\msvcp140.dll
0x00007ff8748d0000 - 0x00007ff87542d000 	C:\Program Files\Java\openjdk-13.0.2\bin\server\jvm.dll
0x00007ff8eb7d0000 - 0x00007ff8eb873000 	C:\WINDOWS\System32\ADVAPI32.dll
0x00007ff8eb410000 - 0x00007ff8eb4a7000 	C:\WINDOWS\System32\sechost.dll
0x00007ff8eb4b0000 - 0x00007ff8eb4b8000 	C:\WINDOWS\System32\PSAPI.DLL
0x00007ff8e1670000 - 0x00007ff8e1679000 	C:\WINDOWS\SYSTEM32\WSOCK32.dll
0x00007ff8ebec0000 - 0x00007ff8ebf2f000 	C:\WINDOWS\System32\WS2_32.dll
0x00007ff8e70c0000 - 0x00007ff8e70e4000 	C:\WINDOWS\SYSTEM32\WINMM.dll
0x00007ff8e36b0000 - 0x00007ff8e36ba000 	C:\WINDOWS\SYSTEM32\VERSION.dll
0x00007ff8e6c40000 - 0x00007ff8e6c6d000 	C:\WINDOWS\SYSTEM32\winmmbase.dll
0x00007ff8ea1b0000 - 0x00007ff8ea1fa000 	C:\WINDOWS\System32\cfgmgr32.dll
0x00007ff8e9160000 - 0x00007ff8e9171000 	C:\WINDOWS\System32\kernel.appcore.dll
0x00007ff8d02e0000 - 0x00007ff8d02f0000 	C:\Program Files\Java\openjdk-13.0.2\bin\verify.dll
0x00007ff8d7d30000 - 0x00007ff8d7f24000 	C:\WINDOWS\SYSTEM32\DBGHELP.DLL
0x00007ff8d67e0000 - 0x00007ff8d680a000 	C:\WINDOWS\SYSTEM32\dbgcore.DLL
0x00007ff878930000 - 0x00007ff878956000 	C:\Program Files\Java\openjdk-13.0.2\bin\java.dll
0x00007ff8ce920000 - 0x00007ff8ce92e000 	C:\Program Files\Java\openjdk-13.0.2\bin\instrument.dll
0x00007ff8a4860000 - 0x00007ff8a4877000 	C:\Program Files\Java\openjdk-13.0.2\bin\zip.dll
0x00007ff8cfb10000 - 0x00007ff8cfb1a000 	C:\Program Files\Java\openjdk-13.0.2\bin\jimage.dll
0x00007ff8ea910000 - 0x00007ff8eaff6000 	C:\WINDOWS\System32\SHELL32.dll
0x00007ff8eb000000 - 0x00007ff8eb0a9000 	C:\WINDOWS\System32\shcore.dll
0x00007ff8e9640000 - 0x00007ff8e9dc2000 	C:\WINDOWS\System32\windows.storage.dll
0x00007ff8e91a0000 - 0x00007ff8e91c3000 	C:\WINDOWS\System32\profapi.dll
0x00007ff8e91d0000 - 0x00007ff8e921a000 	C:\WINDOWS\System32\powrprof.dll
0x00007ff8e9150000 - 0x00007ff8e9160000 	C:\WINDOWS\System32\UMPDC.dll
0x00007ff8ec200000 - 0x00007ff8ec252000 	C:\WINDOWS\System32\shlwapi.dll
0x00007ff8e9f70000 - 0x00007ff8e9f87000 	C:\WINDOWS\System32\cryptsp.dll
0x00007ff8a4260000 - 0x00007ff8a4279000 	C:\Program Files\Java\openjdk-13.0.2\bin\net.dll
0x00007ff8e1c70000 - 0x00007ff8e1d60000 	C:\WINDOWS\SYSTEM32\WINHTTP.dll
0x00007ff8e89c0000 - 0x00007ff8e8a27000 	C:\WINDOWS\system32\mswsock.dll
0x00007ff8a26d0000 - 0x00007ff8a26e3000 	C:\Program Files\Java\openjdk-13.0.2\bin\nio.dll
0x00007ff8a0400000 - 0x00007ff8a041a000 	C:\Program Files\JetBrains\IntelliJ IDEA Community Edition 2019.2.2\bin\breakgen64.dll
0x00007ff8788c0000 - 0x00007ff878924000 	C:\Users\Matthew\Desktop\Proj\Java\hedgefx\runtime\hedgefx\lwjgl.dll
0x00007ff874860000 - 0x00007ff8748c2000 	C:\Users\Matthew\Desktop\Proj\Java\hedgefx\runtime\hedgefx\glfw.dll
0x00007ff8e74c0000 - 0x00007ff8e7559000 	C:\WINDOWS\system32\uxtheme.dll
0x00007ff878870000 - 0x00007ff8788b3000 	C:\WINDOWS\SYSTEM32\dinput8.dll
0x00007ff89ee00000 - 0x00007ff89ee11000 	C:\WINDOWS\SYSTEM32\xinput1_4.dll
0x00007ff8e8f50000 - 0x00007ff8e8f7a000 	C:\WINDOWS\SYSTEM32\DEVOBJ.dll
0x00007ff8e78f0000 - 0x00007ff8e791d000 	C:\WINDOWS\SYSTEM32\dwmapi.dll
0x00007ff8d84d0000 - 0x00007ff8d85eb000 	C:\WINDOWS\SYSTEM32\inputhost.dll
0x00007ff8e6c70000 - 0x00007ff8e6d44000 	C:\WINDOWS\SYSTEM32\CoreMessaging.dll
0x00007ff8e4cc0000 - 0x00007ff8e4fea000 	C:\WINDOWS\SYSTEM32\CoreUIComponents.dll
0x00007ff8e5b00000 - 0x00007ff8e5bf0000 	C:\WINDOWS\SYSTEM32\PROPSYS.dll
0x00007ff8e51a0000 - 0x00007ff8e52f3000 	C:\WINDOWS\SYSTEM32\wintypes.dll
0x00007ff8ea490000 - 0x00007ff8ea555000 	C:\WINDOWS\System32\OLEAUT32.dll
0x00007ff8e81b0000 - 0x00007ff8e81e1000 	C:\WINDOWS\SYSTEM32\ntmarta.dll
0x00007ff8eb590000 - 0x00007ff8eb6c5000 	C:\WINDOWS\System32\MSCTF.dll
0x00007ff8e7d60000 - 0x00007ff8e7d6e000 	C:\WINDOWS\SYSTEM32\HID.DLL
0x00007ff8eb890000 - 0x00007ff8ebd00000 	C:\WINDOWS\System32\SETUPAPI.DLL
0x00007ff8e9580000 - 0x00007ff8e95a6000 	C:\WINDOWS\System32\bcrypt.dll
0x00007ff8e95b0000 - 0x00007ff8e960c000 	C:\WINDOWS\System32\WINTRUST.dll
0x00007ff8e9180000 - 0x00007ff8e9192000 	C:\WINDOWS\System32\MSASN1.dll
0x00007ff8ea200000 - 0x00007ff8ea349000 	C:\WINDOWS\System32\CRYPT32.dll
0x00007ff8746a0000 - 0x00007ff874855000 	C:\Users\Matthew\Desktop\Proj\Java\hedgefx\runtime\hedgefx\bgfx.dll
0x00007ff8b86e0000 - 0x00007ff8b8836000 	C:\WINDOWS\SYSTEM32\opengl32.dll
0x00007ff8d5740000 - 0x00007ff8d576c000 	C:\WINDOWS\SYSTEM32\GLU32.dll
0x00007ff8e7dc0000 - 0x00007ff8e7de0000 	C:\WINDOWS\SYSTEM32\dxcore.dll
0x00000000647b0000 - 0x0000000066f01000 	C:\WINDOWS\System32\DriverStore\FileRepository\nv_dispi.inf_amd64_db678424d2641c3d\nvoglv64.dll
0x00007ff8ebd60000 - 0x00007ff8ebeb7000 	C:\WINDOWS\System32\ole32.dll
0x00007ff8e5c50000 - 0x00007ff8e5c63000 	C:\WINDOWS\SYSTEM32\WTSAPI32.dll
0x00007ff8e8220000 - 0x00007ff8e8276000 	C:\WINDOWS\SYSTEM32\WINSTA.dll
0x00007ff874640000 - 0x00007ff874699000 	C:\Users\Matthew\Desktop\Proj\Java\hedgefx\runtime\hedgefx\lwjgl_opengl.dll

dbghelp: loaded successfully - version: 4.0.5 - missing functions: none
symbol engine: initialized successfully - sym options: 0x614 - pdb path: .;C:\Program Files\Java\openjdk-13.0.2\bin;C:\WINDOWS\SYSTEM32;C:\WINDOWS\WinSxS\amd64_microsoft.windows.common-controls_6595b64144ccf1df_6.0.18362.959_none_e6c7bbbf130c62bb;C:\Program Files\Java\openjdk-13.0.2\bin\server;C:\Program Files\JetBrains\IntelliJ IDEA Community Edition 2019.2.2\bin;C:\Users\Matthew\Desktop\Proj\Java\hedgefx\runtime\hedgefx;C:\WINDOWS\System32\DriverStore\FileRepository\nv_dispi.inf_amd64_db678424d2641c3d

VM Arguments:
jvm_args: -Dvisualvm.id=2331158347500800 -javaagent:C:\Program Files\JetBrains\IntelliJ IDEA Community Edition 2019.2.2\lib\idea_rt.jar=52057:C:\Program Files\JetBrains\IntelliJ IDEA Community Edition 2019.2.2\bin -Dfile.encoding=UTF-8 
java_command: Main
java_class_path (initial): C:\Users\Matthew\Desktop\Proj\Java\hedgefx\out\production\hedgefx;C:\Users\Matthew\Desktop\Proj\Java\hedgefx\lib\json\jackson-annotations-2.9.8.jar;C:\Users\Matthew\Desktop\Proj\Java\hedgefx\lib\json\jackson-core-2.9.8.jar;C:\Users\Matthew\Desktop\Proj\Java\hedgefx\lib\json\jackson-databind-2.9.8.jar;C:\Users\Matthew\Desktop\Proj\Java\hedgefx\lib\lwjgl\lwjgl.jar;C:\Users\Matthew\Desktop\Proj\Java\hedgefx\lib\lwjgl\lwjgl-bgfx.jar;C:\Users\Matthew\Desktop\Proj\Java\hedgefx\lib\lwjgl\lwjgl-bgfx-natives-linux.jar;C:\Users\Matthew\Desktop\Proj\Java\hedgefx\lib\lwjgl\lwjgl-bgfx-natives-macos.jar;C:\Users\Matthew\Desktop\Proj\Java\hedgefx\lib\lwjgl\lwjgl-bgfx-natives-windows.jar;C:\Users\Matthew\Desktop\Proj\Java\hedgefx\lib\lwjgl\lwjgl-glfw.jar;C:\Users\Matthew\Desktop\Proj\Java\hedgefx\lib\lwjgl\lwjgl-glfw-natives-linux.jar;C:\Users\Matthew\Desktop\Proj\Java\hedgefx\lib\lwjgl\lwjgl-glfw-natives-macos.jar;C:\Users\Matthew\Desktop\Proj\Java\hedgefx\lib\lwjgl\lwjgl-glfw-natives-windows.jar;C:\Users\Matthew\Desktop\Proj\Java\hedgefx\lib\lwjgl\lwjgl-natives-linux.jar;C:\Users\Matthew\Desktop\Proj\Java\hedgefx\lib\lwjgl\lwjgl-natives-macos.jar;C:\Users\Matthew\Desktop\Proj\Java\hedgefx\lib\lwjgl\lwjgl-natives-windows.jar;C:\Users\Matthew\Desktop\Proj\Java\hedgefx\lib\lwjgl\lwjgl-openal.jar;C:\Users\Matthew\Desktop\Proj\Java\hedgefx\lib\lwjgl\lwjgl-openal-natives-linux.jar;C:\Users\Matthew\Desktop\Proj\Java\hedgefx\lib\lwjgl\lwjgl-openal-natives-macos.jar;C:\Users\Matthew\Desktop\Proj\Java\hedgefx\lib\lwjgl\lwjgl-openal-natives-windows.jar;C:\Users\Matthew\Desktop\Proj\Java\hedgefx\lib\lwjgl\lwjgl-stb.jar;C:\Users\Matthew\Desktop\Proj\Java\hedgefx\lib\lwjgl\lwjgl-stb-natives-linux.jar;C:\Users\Matthew\Desktop\Proj\Java\hedgefx\lib\lwjgl\lwjgl-stb-natives-macos.jar;C:\Users\Matthew\Desktop\Proj\Java\hedgefx\lib\lwjgl\lwjgl-stb-natives-windows.jar;C:\Users\Matthew\Desktop\Proj\Java\hedgefx\lib\lwjgl-opengl.jar;C:\Users\Matthew\Desktop\Proj\Java\hedgef
Launcher Type: SUN_STANDARD

[Global flags]
     intx CICompilerCount                          = 3                                         {product} {ergonomic}
     uint ConcGCThreads                            = 2                                         {product} {ergonomic}
     uint G1ConcRefinementThreads                  = 6                                         {product} {ergonomic}
   size_t G1HeapRegionSize                         = 1048576                                   {product} {ergonomic}
    uintx GCDrainStackTargetSize                   = 64                                        {product} {ergonomic}
   size_t InitialHeapSize                          = 268435456                                 {product} {ergonomic}
   size_t MarkStackSize                            = 4194304                                   {product} {ergonomic}
   size_t MaxHeapSize                              = 4286578688                                {product} {ergonomic}
   size_t MaxNewSize                               = 2571108352                                {product} {ergonomic}
   size_t MinHeapDeltaBytes                        = 1048576                                   {product} {ergonomic}
   size_t MinHeapSize                              = 8388608                                   {product} {ergonomic}
    uintx NonNMethodCodeHeapSize                   = 5832780                                {pd product} {ergonomic}
    uintx NonProfiledCodeHeapSize                  = 122912730                              {pd product} {ergonomic}
    uintx ProfiledCodeHeapSize                     = 122912730                              {pd product} {ergonomic}
    uintx ReservedCodeCacheSize                    = 251658240                              {pd product} {ergonomic}
     bool SegmentedCodeCache                       = true                                      {product} {ergonomic}
   size_t SoftMaxHeapSize                          = 4286578688                             {manageable} {ergonomic}
     bool UseCompressedClassPointers               = true                                 {lp64_product} {ergonomic}
     bool UseCompressedOops                        = true                                 {lp64_product} {ergonomic}
     bool UseG1GC                                  = true                                      {product} {ergonomic}
     bool UseLargePagesIndividualAllocation        = false                                  {pd product} {ergonomic}

Logging:
Log output configuration:
 #0: stdout all=warning uptime,level,tags
 #1: stderr all=off uptime,level,tags

Environment Variables:
JAVA_HOME=C:\Program Files\Java\jdk-13.0.2
_JAVA_OPTIONS= 
PATH=C:\VulkanSDK\1.2.141.0\Bin;C:\Program Files\Java\jdk-13.0.2\bin;C:\Program Files (x86)\Intel\iCLS Client\;C:\Program Files\Intel\iCLS Client\;C:\WINDOWS\system32;C:\WINDOWS;C:\WINDOWS\System32\Wbem;C:\WINDOWS\System32\WindowsPowerShell\v1.0\;C:\Program Files (x86)\Intel\Intel(R) Management Engine Components\DAL;C:\Program Files\Intel\Intel(R) Management Engine Components\DAL;C:\Program Files (x86)\Intel\Intel(R) Management Engine Components\IPT;C:\Program Files\Intel\Intel(R) Management Engine Components\IPT;C:\Program Files\Git\cmd;C:\WINDOWS\System32\OpenSSH\;C:\Program Files\dotnet\;C:\Program Files\Microsoft SQL Server\130\Tools\Binn\;C:\Program Files (x86)\dotnet\;C:\Program Files\CMake\bin;C:\ProgramData\chocolatey\bin;C:\Users\Matthew\.cargo\bin;C:\Users\Matthew\AppData\Local\Microsoft\WindowsApps;C:\Users\Matthew\AppData\Local\Programs\Microsoft VS Code\bin;C:\Users\Matthew\.dotnet\tools;C:\Program Files\JetBrains\JetBrains Rider 2019.2.2\bin;;C:\Program Files\JetBrains\IntelliJ IDEA Community Edition 2019.2.2\bin;;C:\Users\Matthew\AppData\Local\Microsoft\WindowsApps;C:\Users\Matthew\.dotnet\tools;C:\ProgramData\chocolatey\lib\mingw\tools\install\mingw64\bin;
USERNAME=Matthew
OS=Windows_NT
PROCESSOR_IDENTIFIER=Intel64 Family 6 Model 158 Stepping 10, GenuineIntel



---------------  S Y S T E M  ---------------

OS: Windows 10 , 64 bit Build 18362 (10.0.18362.959)

CPU:total 6 (initial active 6) (6 cores per cpu, 1 threads per core) family 6 model 158 stepping 10, cmov, cx8, fxsr, mmx, sse, sse2, sse3, ssse3, sse4.1, sse4.2, popcnt, avx, avx2, aes, clmul, erms, 3dnowpref, lzcnt, tsc, tscinvbit, bmi1, bmi2, adx, fma

Memory: 4k page, system-wide physical 16344M (7227M free)
TotalPageFile size 18776M (AvailPageFile size 6537M)
current process WorkingSet (physical memory assigned to process): 85M, peak: 85M
current process commit charge ("private bytes"): 477M, peak: 477M

vm_info: OpenJDK 64-Bit Server VM (13.0.2+8) for windows-amd64 JRE (13.0.2+8), built on Dec 11 2019 09:20:05 by "mach5one" with unknown MS VC++:1916

END.
